Using /home/opmd/Module_QC/configs/new_hw_config_v1.1.json for hardware config
Using /home/opmd/Module_QC/py3_venv/lib/python3.9/site-packages/module_qc_tools/data/configs/meas_config.json for measurement config
Will use 5.88 A for PS current (4 chips)
YARR version: v1.5.5
Creating temporary connectivity file and chip configs without pixel config in /tmp/tmpahouep8x
hv_status {'voltage': -120.0215, 'current': -9.530107e-06}
Sending command (attempt 0): 
./bin/scanConsole -r configs/controller/specCfg-rd53b-16x1.json -c /tmp/tmpahouep8x/20UPGM22110561_L2_warm_noPixConfig.json 
Sending command: 
./bin/scanConsole -r configs/controller/specCfg-rd53b-16x1.json -c /tmp/tmpahouep8x/20UPGM22110561_L2_warm_noPixConfig.json 
[2025-07-11 15:51:45.627] [info] Configuring logger ...
[15:51:45:627][  info  ][  ScanConsole  ][1004879]: [1;31m#####################################[0m
[15:51:45:627][  info  ][  ScanConsole  ][1004879]: [1;31m##  Welcome to YARR - ScanConsole  ##[0m
[15:51:45:627][  info  ][  ScanConsole  ][1004879]: [1;31m#####################################[0m
[15:51:45:627][  info  ][  ScanHelper   ][1004879]: Chip type: RD53B
[15:51:45:627][  info  ][  ScanHelper   ][1004879]: Chip count 4
[15:51:45:627][  info  ][  ScanHelper   ][1004879]: Loading chip #0
[15:51:45:627][  info  ][  ScanHelper   ][1004879]: Loading config file: /tmp/tmpahouep8x/0x17349_L2_warm_noPixConfig.json
[15:51:45:628][  info  ][  ScanHelper   ][1004879]: GlobalConfig overwrite file not found, skipping overwrite.
[15:51:45:628][  info  ][  ScanHelper   ][1004879]: Loading chip #1
[15:51:45:628][  info  ][  ScanHelper   ][1004879]: Loading config file: /tmp/tmpahouep8x/0x17359_L2_warm_noPixConfig.json
[15:51:45:628][  info  ][  ScanHelper   ][1004879]: GlobalConfig overwrite file not found, skipping overwrite.
[15:51:45:628][  info  ][  ScanHelper   ][1004879]: Loading chip #2
[15:51:45:628][  info  ][  ScanHelper   ][1004879]: Loading config file: /tmp/tmpahouep8x/0x17379_L2_warm_noPixConfig.json
[15:51:45:628][  info  ][  ScanHelper   ][1004879]: GlobalConfig overwrite file not found, skipping overwrite.
[15:51:45:628][  info  ][  ScanHelper   ][1004879]: Loading chip #3
[15:51:45:628][warning ][  ScanHelper   ][1004879]:  ... chip not enabled, skipping!
[15:51:45:632][  info  ][  ScanConsole  ][1004879]: No scan configuration provided, will only configure front-ends
[15:51:45:632][  info  ][  ScanConsole  ][1004879]: Connectivity:
[15:51:45:632][  info  ][  ScanConsole  ][1004879]:     /tmp/tmpahouep8x/20UPGM22110561_L2_warm_noPixConfig.json
[15:51:45:632][  info  ][  ScanConsole  ][1004879]: Target ToT: -1
[15:51:45:632][  info  ][  ScanConsole  ][1004879]: Target Charge: -1
[15:51:45:632][  info  ][  ScanConsole  ][1004879]: Output Plots: false
[15:51:45:632][  info  ][  ScanConsole  ][1004879]: Output Directory: ./data/001865_/
[15:51:45:632][  info  ][  ScanConsole  ][1004879]: Timestamp: 2025-07-11_15:51:45
[15:51:45:632][  info  ][  ScanConsole  ][1004879]: Run Number: 1865
[15:51:45:632][  info  ][  ScanConsole  ][1004879]: [1;31m#####################[0m
[15:51:45:632][  info  ][  ScanConsole  ][1004879]: [1;31m##  Init Hardware  ##[0m
[15:51:45:632][  info  ][  ScanConsole  ][1004879]: [1;31m#####################[0m
[15:51:45:632][  info  ][  ScanConsole  ][1004879]: -> Opening controller config: configs/controller/specCfg-rd53b-16x1.json
[15:51:45:632][  info  ][  ScanHelper   ][1004879]: Loading controller ...
[15:51:45:632][  info  ][  ScanHelper   ][1004879]: Found controller of type: spec
[15:51:45:632][  info  ][    SpecCom    ][1004879]: Opening SPEC with id #0
[15:51:45:632][  info  ][    SpecCom    ][1004879]: Mapping BARs ...
[15:51:45:632][  info  ][    SpecCom    ][1004879]: ... Mapped BAR0 at 0x7fb71ad00000 with size 1048576
[15:51:45:632][  info  ][    SpecCom    ][1004879]: ~~~~~~~~~~~~~~~~~~~~~~~~~~~
[15:51:45:632][  info  ][    SpecCom    ][1004879]: Firmware Hash: 0x7b14549
[15:51:45:632][  info  ][    SpecCom    ][1004879]: Firmware Version: v1.5.0
[15:51:45:632][  info  ][    SpecCom    ][1004879]: Firmware Identifier: 0x2030242
[15:51:45:632][  info  ][    SpecCom    ][1004879]: FPGA card: Trenz TEF1001_R2
[15:51:45:632][  info  ][    SpecCom    ][1004879]: FE Chip Type: RD53A/B/C
[15:51:45:632][  info  ][    SpecCom    ][1004879]: FMC Card Type: Ohio Card (Display Port)
[15:51:45:632][  info  ][    SpecCom    ][1004879]: RX Speed: 1280Mbps
[15:51:45:632][  info  ][    SpecCom    ][1004879]: Channel Configuration: 16x1
[15:51:45:632][  info  ][    SpecCom    ][1004879]: LPM Status: 0
[15:51:45:632][  info  ][    SpecCom    ][1004879]: ~~~~~~~~~~~~~~~~~~~~~~~~~~~
[15:51:45:632][  info  ][    SpecCom    ][1004879]: Soft resetting all ...
[15:51:45:632][  info  ][    SpecCom    ][1004879]: Flushing buffers ...
[15:51:45:632][  info  ][    SpecCom    ][1004879]: Init success!
[15:51:45:632][  info  ][    SpecRx     ][1004879]: Delay lane 0 fixed to 18
[15:51:45:632][  info  ][    SpecRx     ][1004879]: Delay lane 1 fixed to 6
[15:51:45:632][  info  ][    SpecRx     ][1004879]: Delay lane 2 fixed to 20
[15:51:45:632][  info  ][    SpecRx     ][1004879]: Delay lane 3 fixed to 4
[15:51:45:632][  info  ][    SpecRx     ][1004879]: Delay lane 4 fixed to 0
[15:51:45:632][  info  ][    SpecRx     ][1004879]: Delay lane 5 fixed to 0
[15:51:45:632][  info  ][    SpecRx     ][1004879]: Delay lane 6 fixed to 0
[15:51:45:632][  info  ][    SpecRx     ][1004879]: Delay lane 7 fixed to 0
[15:51:45:632][  info  ][    SpecRx     ][1004879]: Delay lane 8 fixed to 0
[15:51:45:632][  info  ][    SpecRx     ][1004879]: Delay lane 9 fixed to 0
[15:51:45:632][  info  ][    SpecRx     ][1004879]: Delay lane 10 fixed to 0
[15:51:45:632][  info  ][    SpecRx     ][1004879]: Delay lane 11 fixed to 0
[15:51:45:632][  info  ][    SpecRx     ][1004879]: Delay lane 12 fixed to 0
[15:51:45:632][  info  ][    SpecRx     ][1004879]: Delay lane 13 fixed to 0
[15:51:45:632][  info  ][    SpecRx     ][1004879]: Delay lane 14 fixed to 0
[15:51:45:632][  info  ][    SpecRx     ][1004879]: Delay lane 15 fixed to 0
[15:51:45:632][  info  ][  ScanHelper   ][1004879]: Loaded controller config:
[15:51:45:632][  info  ][  ScanHelper   ][1004879]: ~~~ {
[15:51:45:632][  info  ][  ScanHelper   ][1004879]: ~~~     "cmdPeriod": 6.25e-09,
[15:51:45:632][  info  ][  ScanHelper   ][1004879]: ~~~     "delay": [18, 6, 20, 4, 0, 0, 0, 0, 0, 0, 0, 0, 0, 0, 0, 0],
[15:51:45:632][  info  ][  ScanHelper   ][1004879]: ~~~     "idle": {
[15:51:45:632][  info  ][  ScanHelper   ][1004879]: ~~~         "word": 2863311530
[15:51:45:632][  info  ][  ScanHelper   ][1004879]: ~~~     },
[15:51:45:632][  info  ][  ScanHelper   ][1004879]: ~~~     "pulse": {
[15:51:45:632][  info  ][  ScanHelper   ][1004879]: ~~~         "interval": 500,
[15:51:45:632][  info  ][  ScanHelper   ][1004879]: ~~~         "word": 0
[15:51:45:632][  info  ][  ScanHelper   ][1004879]: ~~~     },
[15:51:45:632][  info  ][  ScanHelper   ][1004879]: ~~~     "rxActiveLanes": 1,
[15:51:45:632][  info  ][  ScanHelper   ][1004879]: ~~~     "rxPolarity": 65535,
[15:51:45:632][  info  ][  ScanHelper   ][1004879]: ~~~     "specNum": 0,
[15:51:45:632][  info  ][  ScanHelper   ][1004879]: ~~~     "spiConfig": 541200,
[15:51:45:632][  info  ][  ScanHelper   ][1004879]: ~~~     "sync": {
[15:51:45:632][  info  ][  ScanHelper   ][1004879]: ~~~         "interval": 16,
[15:51:45:632][  info  ][  ScanHelper   ][1004879]: ~~~         "word": 2172551550
[15:51:45:632][  info  ][  ScanHelper   ][1004879]: ~~~     },
[15:51:45:632][  info  ][  ScanHelper   ][1004879]: ~~~     "txPolarity": 0
[15:51:45:632][  info  ][  ScanHelper   ][1004879]: ~~~ }
[15:51:45:632][  info  ][  ScanConsole  ][1004879]: [1;31m#######################[0m
[15:51:45:632][  info  ][  ScanConsole  ][1004879]: [1;31m##  Loading Configs  ##[0m
[15:51:45:632][  info  ][  ScanConsole  ][1004879]: [1;31m#######################[0m
[15:51:45:632][  info  ][  ScanHelper   ][1004879]: Chip type: RD53B
[15:51:45:632][  info  ][  ScanHelper   ][1004879]: Chip count 4
[15:51:45:632][  info  ][  ScanHelper   ][1004879]: Loading chip config #0
[15:51:45:632][  info  ][  Bookkeeper   ][1004879]: Added FE: Tx(0), Rx(2), RegRx(2) under ID 0
[15:51:45:633][ error  ][ Rd53bPixelCfg ][1004879]: Could not find pixel registers config, using default!
[15:51:45:633][  info  ][  ScanHelper   ][1004879]: Loading chip config #1
[15:51:45:633][  info  ][  Bookkeeper   ][1004879]: Added FE: Tx(0), Rx(1), RegRx(1) under ID 1
[15:51:45:633][ error  ][ Rd53bPixelCfg ][1004879]: Could not find pixel registers config, using default!
[15:51:45:633][  info  ][  ScanHelper   ][1004879]: Loading chip config #2
[15:51:45:633][  info  ][  Bookkeeper   ][1004879]: Added FE: Tx(0), Rx(0), RegRx(0) under ID 2
[15:51:45:633][ error  ][ Rd53bPixelCfg ][1004879]: Could not find pixel registers config, using default!
[15:51:45:633][  info  ][  ScanHelper   ][1004879]: Loading chip config #3
[15:51:45:633][warning ][  ScanHelper   ][1004879]:  ... chip not enabled, skip config!
[15:51:46:708][  info  ][  ScanConsole  ][1004879]: [1;31m#####################[0m
[15:51:46:708][  info  ][  ScanConsole  ][1004879]: [1;31m##  Configure FEs  ##[0m
[15:51:46:708][  info  ][  ScanConsole  ][1004879]: [1;31m#####################[0m
[15:51:46:708][  info  ][  ScanConsole  ][1004879]: Configuring 0x17349
[15:51:47:016][  info  ][  ScanConsole  ][1004879]: Configuring 0x17359
[15:51:47:314][  info  ][  ScanConsole  ][1004879]: Configuring 0x17379
[15:51:47:610][  info  ][  ScanConsole  ][1004879]: Sent configuration to all FEs in 922 ms!
[15:51:47:610][  info  ][     Rd53b     ][1004879]: Performing soft reset ...
[15:51:47:611][  info  ][  ScanConsole  ][1004879]: Checking com 0x17349
[15:51:47:712][  info  ][    SpecRx     ][1004879]: Active Rx channels: 0x4
[15:51:47:712][  info  ][    SpecRx     ][1004879]: Active Rx lanes: 0x1
[15:51:47:712][  info  ][    SpecRx     ][1004879]: Rx Status 0x7
[15:51:47:712][  info  ][    SpecRx     ][1004879]: Number of lanes: 1
[15:51:47:712][  info  ][    SpecRx     ][1004879]: Channel 2 Lane 0 synchronized!
[15:51:47:933][  info  ][     Rd53b     ][1004879]: Chip serial number obtained from e-fuse data (raw): 0x11734915
[15:51:47:933][  info  ][     Rd53b     ][1004879]: Chip serial number obtained from e-fuse data: 0x17349
[15:51:47:933][  info  ][     Rd53b     ][1004879]: Matched chip serial number: 0x17349
[15:51:47:933][  info  ][  ScanConsole  ][1004879]: ... success!
[15:51:47:933][  info  ][  ScanConsole  ][1004879]: Checking com 0x17359
[15:51:48:033][  info  ][    SpecRx     ][1004879]: Active Rx channels: 0x2
[15:51:48:033][  info  ][    SpecRx     ][1004879]: Active Rx lanes: 0x1
[15:51:48:033][  info  ][    SpecRx     ][1004879]: Rx Status 0x7
[15:51:48:033][  info  ][    SpecRx     ][1004879]: Number of lanes: 1
[15:51:48:033][  info  ][    SpecRx     ][1004879]: Channel 1 Lane 0 synchronized!
[15:51:48:254][  info  ][     Rd53b     ][1004879]: Chip serial number obtained from e-fuse data (raw): 0x1173591c
[15:51:48:254][  info  ][     Rd53b     ][1004879]: Chip serial number obtained from e-fuse data: 0x17359
[15:51:48:254][  info  ][     Rd53b     ][1004879]: Matched chip serial number: 0x17359
[15:51:48:254][  info  ][  ScanConsole  ][1004879]: ... success!
[15:51:48:254][  info  ][  ScanConsole  ][1004879]: Checking com 0x17379
[15:51:48:354][  info  ][    SpecRx     ][1004879]: Active Rx channels: 0x1
[15:51:48:354][  info  ][    SpecRx     ][1004879]: Active Rx lanes: 0x1
[15:51:48:354][  info  ][    SpecRx     ][1004879]: Rx Status 0x7
[15:51:48:354][  info  ][    SpecRx     ][1004879]: Number of lanes: 1
[15:51:48:354][  info  ][    SpecRx     ][1004879]: Channel 0 Lane 0 synchronized!
[15:51:48:575][  info  ][     Rd53b     ][1004879]: Chip serial number obtained from e-fuse data (raw): 0x11737916
[15:51:48:575][  info  ][     Rd53b     ][1004879]: Chip serial number obtained from e-fuse data: 0x17379
[15:51:48:575][  info  ][     Rd53b     ][1004879]: Matched chip serial number: 0x17379
[15:51:48:575][  info  ][  ScanConsole  ][1004879]: ... success!

[yarr] configure module
Running eye-diagram scan...
Result (cleaned): 
[15:51:50:094][  info  ][  eyeDiagram   ]: Init spec
[15:51:50:094][  info  ][    SpecCom    ]: Opening SPEC with id #0
[15:51:50:094][  info  ][    SpecCom    ]: Mapping BARs ...
[15:51:50:094][  info  ][    SpecCom    ]: ... Mapped BAR0 at 0x7f5bb3100000 with size 1048576
[15:51:50:094][  info  ][    SpecCom    ]: ~~~~~~~~~~~~~~~~~~~~~~~~~~~
[15:51:50:094][  info  ][    SpecCom    ]: Firmware Hash: 0x7b14549
[15:51:50:094][  info  ][    SpecCom    ]: Firmware Version: v1.5.0
[15:51:50:094][  info  ][    SpecCom    ]: Firmware Identifier: 0x2030242
[15:51:50:094][  info  ][    SpecCom    ]: FPGA card: Trenz TEF1001_R2
[15:51:50:094][  info  ][    SpecCom    ]: FE Chip Type: RD53A/B/C
[15:51:50:094][  info  ][    SpecCom    ]: FMC Card Type: Ohio Card (Display Port)
[15:51:50:094][  info  ][    SpecCom    ]: RX Speed: 1280Mbps
[15:51:50:094][  info  ][    SpecCom    ]: Channel Configuration: 16x1
[15:51:50:094][  info  ][    SpecCom    ]: LPM Status: 0
[15:51:50:094][  info  ][    SpecCom    ]: ~~~~~~~~~~~~~~~~~~~~~~~~~~~
[15:51:50:094][  info  ][    SpecCom    ]: Soft resetting all ...
[15:51:50:094][  info  ][    SpecCom    ]: Flushing buffers ...
[15:51:50:094][  info  ][    SpecCom    ]: Init success!
[15:51:50:094][  info  ][  eyeDiagram   ]: Scanning link quality against delay on Spec Card 0
[15:51:50:094][  info  ][  ScanHelper   ]: Loading controller ...
[15:51:50:094][  info  ][  ScanHelper   ]: Found controller of type: spec
[15:51:50:094][  info  ][    SpecCom    ]: Opening SPEC with id #0
[15:51:50:094][  info  ][    SpecCom    ]: Mapping BARs ...
[15:51:50:094][  info  ][    SpecCom    ]: ... Mapped BAR0 at 0x7f5bb2d00000 with size 1048576
[15:51:50:094][  info  ][    SpecCom    ]: ~~~~~~~~~~~~~~~~~~~~~~~~~~~
[15:51:50:094][  info  ][    SpecCom    ]: Firmware Hash: 0x7b14549
[15:51:50:094][  info  ][    SpecCom    ]: Firmware Version: v1.5.0
[15:51:50:094][  info  ][    SpecCom    ]: Firmware Identifier: 0x2030242
[15:51:50:094][  info  ][    SpecCom    ]: FPGA card: Trenz TEF1001_R2
[15:51:50:094][  info  ][    SpecCom    ]: FE Chip Type: RD53A/B/C
[15:51:50:094][  info  ][    SpecCom    ]: FMC Card Type: Ohio Card (Display Port)
[15:51:50:094][  info  ][    SpecCom    ]: RX Speed: 1280Mbps
[15:51:50:094][  info  ][    SpecCom    ]: Channel Configuration: 16x1
[15:51:50:094][  info  ][    SpecCom    ]: LPM Status: 0
[15:51:50:094][  info  ][    SpecCom    ]: ~~~~~~~~~~~~~~~~~~~~~~~~~~~
[15:51:50:094][  info  ][    SpecCom    ]: Soft resetting all ...
[15:51:50:094][  info  ][    SpecCom    ]: Flushing buffers ...
[15:51:50:094][  info  ][    SpecCom    ]: Init success!
[15:51:50:094][  info  ][    SpecRx     ]: Delay lane 0 fixed to 18
[15:51:50:094][  info  ][    SpecRx     ]: Delay lane 1 fixed to 6
[15:51:50:094][  info  ][    SpecRx     ]: Delay lane 2 fixed to 20
[15:51:50:094][  info  ][    SpecRx     ]: Delay lane 3 fixed to 4
[15:51:50:094][  info  ][    SpecRx     ]: Delay lane 4 fixed to 0
[15:51:50:094][  info  ][    SpecRx     ]: Delay lane 5 fixed to 0
[15:51:50:094][  info  ][    SpecRx     ]: Delay lane 6 fixed to 0
[15:51:50:094][  info  ][    SpecRx     ]: Delay lane 7 fixed to 0
[15:51:50:094][  info  ][    SpecRx     ]: Delay lane 8 fixed to 0
[15:51:50:094][  info  ][    SpecRx     ]: Delay lane 9 fixed to 0
[15:51:50:094][  info  ][    SpecRx     ]: Delay lane 10 fixed to 0
[15:51:50:094][  info  ][    SpecRx     ]: Delay lane 11 fixed to 0
[15:51:50:094][  info  ][    SpecRx     ]: Delay lane 12 fixed to 0
[15:51:50:094][  info  ][    SpecRx     ]: Delay lane 13 fixed to 0
[15:51:50:094][  info  ][    SpecRx     ]: Delay lane 14 fixed to 0
[15:51:50:094][  info  ][    SpecRx     ]: Delay lane 15 fixed to 0
[15:51:50:094][  info  ][  ScanHelper   ]: Loaded controller config:
[15:51:50:094][  info  ][  ScanHelper   ]: ~~~ {
[15:51:50:094][  info  ][  ScanHelper   ]: ~~~     "cmdPeriod": 6.25e-09,
[15:51:50:094][  info  ][  ScanHelper   ]: ~~~     "delay": [18, 6, 20, 4, 0, 0, 0, 0, 0, 0, 0, 0, 0, 0, 0, 0],
[15:51:50:094][  info  ][  ScanHelper   ]: ~~~     "idle": {
[15:51:50:094][  info  ][  ScanHelper   ]: ~~~         "word": 2863311530
[15:51:50:094][  info  ][  ScanHelper   ]: ~~~     },
[15:51:50:094][  info  ][  ScanHelper   ]: ~~~     "pulse": {
[15:51:50:094][  info  ][  ScanHelper   ]: ~~~         "interval": 500,
[15:51:50:094][  info  ][  ScanHelper   ]: ~~~         "word": 0
[15:51:50:094][  info  ][  ScanHelper   ]: ~~~     },
[15:51:50:094][  info  ][  ScanHelper   ]: ~~~     "rxActiveLanes": 1,
[15:51:50:094][  info  ][  ScanHelper   ]: ~~~     "rxPolarity": 65535,
[15:51:50:094][  info  ][  ScanHelper   ]: ~~~     "specNum": 0,
[15:51:50:094][  info  ][  ScanHelper   ]: ~~~     "spiConfig": 541200,
[15:51:50:094][  info  ][  ScanHelper   ]: ~~~     "sync": {
[15:51:50:094][  info  ][  ScanHelper   ]: ~~~         "interval": 16,
[15:51:50:094][  info  ][  ScanHelper   ]: ~~~         "word": 2172551550
[15:51:50:094][  info  ][  ScanHelper   ]: ~~~     },
[15:51:50:094][  info  ][  ScanHelper   ]: ~~~     "txPolarity": 0
[15:51:50:094][  info  ][  ScanHelper   ]: ~~~ }
[15:51:50:094][  info  ][  ScanHelper   ]: Chip type: RD53B
[15:51:50:094][  info  ][  ScanHelper   ]: Chip count 4
[15:51:50:094][  info  ][  ScanHelper   ]: Loading chip #0
[15:51:50:094][  info  ][  ScanHelper   ]: Loading config file: /tmp/tmpahouep8x/0x17349_L2_warm_noPixConfig.json
[15:51:50:094][  info  ][  ScanHelper   ]: GlobalConfig overwrite file not found, skipping overwrite.
[15:51:50:094][  info  ][  ScanHelper   ]: Loading chip #1
[15:51:50:094][  info  ][  ScanHelper   ]: Loading config file: /tmp/tmpahouep8x/0x17359_L2_warm_noPixConfig.json
[15:51:50:095][  info  ][  ScanHelper   ]: GlobalConfig overwrite file not found, skipping overwrite.
[15:51:50:095][  info  ][  ScanHelper   ]: Loading chip #2
[15:51:50:095][  info  ][  ScanHelper   ]: Loading config file: /tmp/tmpahouep8x/0x17379_L2_warm_noPixConfig.json
[15:51:50:095][  info  ][  ScanHelper   ]: GlobalConfig overwrite file not found, skipping overwrite.
[15:51:50:095][  info  ][  ScanHelper   ]: Loading chip #3
[15:51:50:095][warning ][  ScanHelper   ]:  ... chip not enabled, skipping!
[15:51:50:095][ error  ][ Rd53bPixelCfg ]: Could not find pixel registers config, using default!
[15:51:50:395][  info  ][  eyeDiagram   ]: Read "CdrClkSel" 0 and "ServiceBlockPeriod" 50 from virtual register read
[15:51:50:396][ error  ][ Rd53bPixelCfg ]: Could not find pixel registers config, using default!
[15:51:50:700][  info  ][  eyeDiagram   ]: Read "CdrClkSel" 0 and "ServiceBlockPeriod" 50 from virtual register read
[15:51:50:701][ error  ][ Rd53bPixelCfg ]: Could not find pixel registers config, using default!
[15:51:51:006][  info  ][  eyeDiagram   ]: Read "CdrClkSel" 0 and "ServiceBlockPeriod" 50 from virtual register read
    0 | 1.00 | 0.00 | 0.54 | 0.00 | 0.00 | 0.00 | 0.00 | 0.00 | 0.00 | 0.00 | 0.00 | 0.00 | 0.00 | 0.00 | 0.00 | 0.00 | 
    1 | 1.00 | 0.47 | 1.00 | 0.00 | 0.00 | 0.00 | 0.00 | 0.00 | 0.00 | 0.00 | 0.00 | 0.00 | 0.00 | 0.00 | 0.00 | 0.00 | 
    2 | 1.00 | 1.00 | 1.00 | 0.00 | 0.00 | 0.00 | 0.00 | 0.00 | 0.00 | 0.00 | 0.00 | 0.00 | 0.00 | 0.00 | 0.00 | 0.00 | 
    3 | 1.00 | 1.00 | 1.00 | 0.00 | 0.00 | 0.00 | 0.00 | 0.00 | 0.00 | 0.00 | 0.00 | 0.00 | 0.00 | 0.00 | 0.00 | 0.00 | 
    4 | 1.00 | 1.00 | 1.00 | 0.00 | 0.00 | 0.00 | 0.00 | 0.00 | 0.00 | 0.00 | 0.00 | 0.00 | 0.00 | 0.00 | 0.00 | 0.00 | 
    5 | 1.00 | 1.00 | 1.00 | 0.00 | 0.00 | 0.00 | 0.00 | 0.00 | 0.00 | 0.00 | 0.00 | 0.00 | 0.00 | 0.00 | 0.00 | 0.00 | 
    6 | 0.00 | 1.00 | 1.00 | 0.00 | 0.00 | 0.00 | 0.00 | 0.00 | 0.00 | 0.00 | 0.00 | 0.00 | 0.00 | 0.00 | 0.00 | 0.00 | 
    7 | 0.00 | 1.00 | 0.33 | 0.00 | 0.00 | 0.00 | 0.00 | 0.00 | 0.00 | 0.00 | 0.00 | 0.00 | 0.00 | 0.00 | 0.00 | 0.00 | 
    8 | 0.00 | 1.00 | 0.00 | 0.00 | 0.00 | 0.00 | 0.00 | 0.00 | 0.00 | 0.00 | 0.00 | 0.00 | 0.00 | 0.00 | 0.00 | 0.00 | 
    9 | 0.00 | 0.62 | 0.00 | 0.00 | 0.00 | 0.00 | 0.00 | 0.00 | 0.00 | 0.00 | 0.00 | 0.00 | 0.00 | 0.00 | 0.00 | 0.00 | 
   10 | 0.00 | 0.00 | 0.00 | 0.00 | 0.00 | 0.00 | 0.00 | 0.00 | 0.00 | 0.00 | 0.00 | 0.00 | 0.00 | 0.00 | 0.00 | 0.00 | 
   11 | 0.00 | 0.00 | 0.00 | 0.00 | 0.00 | 0.00 | 0.00 | 0.00 | 0.00 | 0.00 | 0.00 | 0.00 | 0.00 | 0.00 | 0.00 | 0.00 | 
   12 | 0.00 | 0.00 | 0.00 | 0.00 | 0.00 | 0.00 | 0.00 | 0.00 | 0.00 | 0.00 | 0.00 | 0.00 | 0.00 | 0.00 | 0.00 | 0.00 | 
   13 | 0.53 | 0.00 | 0.00 | 0.00 | 0.00 | 0.00 | 0.00 | 0.00 | 0.00 | 0.00 | 0.00 | 0.00 | 0.00 | 0.00 | 0.00 | 0.00 | 
   14 | 1.00 | 0.00 | 0.00 | 0.00 | 0.00 | 0.00 | 0.00 | 0.00 | 0.00 | 0.00 | 0.00 | 0.00 | 0.00 | 0.00 | 0.00 | 0.00 | 
   15 | 1.00 | 0.00 | 0.00 | 0.00 | 0.00 | 0.00 | 0.00 | 0.00 | 0.00 | 0.00 | 0.00 | 0.00 | 0.00 | 0.00 | 0.00 | 0.00 | 
   16 | 1.00 | 0.00 | 0.00 | 0.00 | 0.00 | 0.00 | 0.00 | 0.00 | 0.00 | 0.00 | 0.00 | 0.00 | 0.00 | 0.00 | 0.00 | 0.00 | 
   17 | 1.00 | 0.00 | 1.00 | 0.00 | 0.00 | 0.00 | 0.00 | 0.00 | 0.00 | 0.00 | 0.00 | 0.00 | 0.00 | 0.00 | 0.00 | 0.00 | 
   18 | 1.00 | 0.55 | 1.00 | 0.00 | 0.00 | 0.00 | 0.00 | 0.00 | 0.00 | 0.00 | 0.00 | 0.00 | 0.00 | 0.00 | 0.00 | 0.00 | 
   19 | 1.00 | 1.00 | 1.00 | 0.00 | 0.00 | 0.00 | 0.00 | 0.00 | 0.00 | 0.00 | 0.00 | 0.00 | 0.00 | 0.00 | 0.00 | 0.00 | 
   20 | 1.00 | 1.00 | 1.00 | 0.00 | 0.00 | 0.00 | 0.00 | 0.00 | 0.00 | 0.00 | 0.00 | 0.00 | 0.00 | 0.00 | 0.00 | 0.00 | 
   21 | 0.70 | 1.00 | 1.00 | 0.00 | 0.00 | 0.00 | 0.00 | 0.00 | 0.00 | 0.00 | 0.00 | 0.00 | 0.00 | 0.00 | 0.00 | 0.00 | 
   22 | 0.00 | 1.00 | 1.00 | 0.00 | 0.00 | 0.00 | 0.00 | 0.00 | 0.00 | 0.00 | 0.00 | 0.00 | 0.00 | 0.00 | 0.00 | 0.00 | 
   23 | 0.00 | 1.00 | 0.00 | 0.00 | 0.00 | 0.00 | 0.00 | 0.00 | 0.00 | 0.00 | 0.00 | 0.00 | 0.00 | 0.00 | 0.00 | 0.00 | 
   24 | 0.00 | 1.00 | 0.00 | 0.00 | 0.00 | 0.00 | 0.00 | 0.00 | 0.00 | 0.00 | 0.00 | 0.00 | 0.00 | 0.00 | 0.00 | 0.00 | 
   25 | 0.00 | 1.00 | 0.00 | 0.00 | 0.00 | 0.00 | 0.00 | 0.00 | 0.00 | 0.00 | 0.00 | 0.00 | 0.00 | 0.00 | 0.00 | 0.00 | 
   26 | 0.00 | 0.40 | 0.00 | 0.00 | 0.00 | 0.00 | 0.00 | 0.00 | 0.00 | 0.00 | 0.00 | 0.00 | 0.00 | 0.00 | 0.00 | 0.00 | 
   27 | 0.00 | 0.00 | 0.00 | 0.00 | 0.00 | 0.00 | 0.00 | 0.00 | 0.00 | 0.00 | 0.00 | 0.00 | 0.00 | 0.00 | 0.00 | 0.00 | 
   28 | 0.00 | 0.00 | 0.00 | 0.00 | 0.00 | 0.00 | 0.00 | 0.00 | 0.00 | 0.00 | 0.00 | 0.00 | 0.00 | 0.00 | 0.00 | 0.00 | 
   29 | 0.38 | 0.00 | 0.00 | 0.00 | 0.00 | 0.00 | 0.00 | 0.00 | 0.00 | 0.00 | 0.00 | 0.00 | 0.00 | 0.00 | 0.00 | 0.00 | 
   30 | 1.00 | 0.00 | 0.00 | 0.00 | 0.00 | 0.00 | 0.00 | 0.00 | 0.00 | 0.00 | 0.00 | 0.00 | 0.00 | 0.00 | 0.00 | 0.00 | 
   31 | 1.00 | 0.00 | 0.00 | 0.00 | 0.00 | 0.00 | 0.00 | 0.00 | 0.00 | 0.00 | 0.00 | 0.00 | 0.00 | 0.00 | 0.00 | 0.00 | 
[15:51:52:970][  info  ][  eyeDiagram   ]: Done scanning!  

[15:51:52:970][  info  ][  eyeDiagram   ]: Determining delay settings:
[15:51:52:970][  info  ][  eyeDiagram   ]: Delay setting for lane 0 with eye width 7: 17
[15:51:52:970][  info  ][  eyeDiagram   ]: Delay setting for lane 1 with eye width 7: 5
[15:51:52:970][  info  ][  eyeDiagram   ]: Delay setting for lane 2 with eye width 6: 4
[15:51:52:970][  info  ][  eyeDiagram   ]: No good delay setting for lane 3
[15:51:52:970][  info  ][  eyeDiagram   ]: No good delay setting for lane 4
[15:51:52:970][  info  ][  eyeDiagram   ]: No good delay setting for lane 5
[15:51:52:970][  info  ][  eyeDiagram   ]: No good delay setting for lane 6
[15:51:52:970][  info  ][  eyeDiagram   ]: No good delay setting for lane 7
[15:51:52:970][  info  ][  eyeDiagram   ]: No good delay setting for lane 8
[15:51:52:970][  info  ][  eyeDiagram   ]: No good delay setting for lane 9
[15:51:52:970][  info  ][  eyeDiagram   ]: No good delay setting for lane 10
[15:51:52:970][  info  ][  eyeDiagram   ]: No good delay setting for lane 11
[15:51:52:970][  info  ][  eyeDiagram   ]: No good delay setting for lane 12
[15:51:52:970][  info  ][  eyeDiagram   ]: No good delay setting for lane 13
[15:51:52:970][  info  ][  eyeDiagram   ]: No good delay setting for lane 14
[15:51:52:970][  info  ][  eyeDiagram   ]: No good delay setting for lane 15
[15:51:52:970][  info  ][  eyeDiagram   ]: Writing to controller config configs/controller/specCfg-rd53b-16x1.json
[15:51:52:971][  info  ][  eyeDiagram   ]: All done! 


hv_status {'voltage': -120.0204, 'current': -9.682917e-06}
Sending command (attempt 0): 
./bin/scanConsole -r configs/controller/specCfg-rd53b-16x1.json -c /tmp/tmpahouep8x/20UPGM22110561_L2_warm_noPixConfig.json 
Sending command: 
./bin/scanConsole -r configs/controller/specCfg-rd53b-16x1.json -c /tmp/tmpahouep8x/20UPGM22110561_L2_warm_noPixConfig.json 
[2025-07-11 15:51:55.672] [info] Configuring logger ...
[15:51:55:672][  info  ][  ScanConsole  ][1004930]: [1;31m#####################################[0m
[15:51:55:672][  info  ][  ScanConsole  ][1004930]: [1;31m##  Welcome to YARR - ScanConsole  ##[0m
[15:51:55:672][  info  ][  ScanConsole  ][1004930]: [1;31m#####################################[0m
[15:51:55:672][  info  ][  ScanHelper   ][1004930]: Chip type: RD53B
[15:51:55:672][  info  ][  ScanHelper   ][1004930]: Chip count 4
[15:51:55:672][  info  ][  ScanHelper   ][1004930]: Loading chip #0
[15:51:55:672][  info  ][  ScanHelper   ][1004930]: Loading config file: /tmp/tmpahouep8x/0x17349_L2_warm_noPixConfig.json
[15:51:55:673][  info  ][  ScanHelper   ][1004930]: GlobalConfig overwrite file not found, skipping overwrite.
[15:51:55:673][  info  ][  ScanHelper   ][1004930]: Loading chip #1
[15:51:55:673][  info  ][  ScanHelper   ][1004930]: Loading config file: /tmp/tmpahouep8x/0x17359_L2_warm_noPixConfig.json
[15:51:55:673][  info  ][  ScanHelper   ][1004930]: GlobalConfig overwrite file not found, skipping overwrite.
[15:51:55:673][  info  ][  ScanHelper   ][1004930]: Loading chip #2
[15:51:55:673][  info  ][  ScanHelper   ][1004930]: Loading config file: /tmp/tmpahouep8x/0x17379_L2_warm_noPixConfig.json
[15:51:55:673][  info  ][  ScanHelper   ][1004930]: GlobalConfig overwrite file not found, skipping overwrite.
[15:51:55:673][  info  ][  ScanHelper   ][1004930]: Loading chip #3
[15:51:55:673][warning ][  ScanHelper   ][1004930]:  ... chip not enabled, skipping!
[15:51:55:678][  info  ][  ScanConsole  ][1004930]: No scan configuration provided, will only configure front-ends
[15:51:55:678][  info  ][  ScanConsole  ][1004930]: Connectivity:
[15:51:55:678][  info  ][  ScanConsole  ][1004930]:     /tmp/tmpahouep8x/20UPGM22110561_L2_warm_noPixConfig.json
[15:51:55:678][  info  ][  ScanConsole  ][1004930]: Target ToT: -1
[15:51:55:678][  info  ][  ScanConsole  ][1004930]: Target Charge: -1
[15:51:55:678][  info  ][  ScanConsole  ][1004930]: Output Plots: false
[15:51:55:678][  info  ][  ScanConsole  ][1004930]: Output Directory: ./data/001866_/
[15:51:55:678][  info  ][  ScanConsole  ][1004930]: Timestamp: 2025-07-11_15:51:55
[15:51:55:678][  info  ][  ScanConsole  ][1004930]: Run Number: 1866
[15:51:55:678][  info  ][  ScanConsole  ][1004930]: [1;31m#####################[0m
[15:51:55:678][  info  ][  ScanConsole  ][1004930]: [1;31m##  Init Hardware  ##[0m
[15:51:55:678][  info  ][  ScanConsole  ][1004930]: [1;31m#####################[0m
[15:51:55:678][  info  ][  ScanConsole  ][1004930]: -> Opening controller config: configs/controller/specCfg-rd53b-16x1.json
[15:51:55:678][  info  ][  ScanHelper   ][1004930]: Loading controller ...
[15:51:55:678][  info  ][  ScanHelper   ][1004930]: Found controller of type: spec
[15:51:55:678][  info  ][    SpecCom    ][1004930]: Opening SPEC with id #0
[15:51:55:678][  info  ][    SpecCom    ][1004930]: Mapping BARs ...
[15:51:55:678][  info  ][    SpecCom    ][1004930]: ... Mapped BAR0 at 0x7f5987100000 with size 1048576
[15:51:55:678][  info  ][    SpecCom    ][1004930]: ~~~~~~~~~~~~~~~~~~~~~~~~~~~
[15:51:55:678][  info  ][    SpecCom    ][1004930]: Firmware Hash: 0x7b14549
[15:51:55:678][  info  ][    SpecCom    ][1004930]: Firmware Version: v1.5.0
[15:51:55:678][  info  ][    SpecCom    ][1004930]: Firmware Identifier: 0x2030242
[15:51:55:678][  info  ][    SpecCom    ][1004930]: FPGA card: Trenz TEF1001_R2
[15:51:55:678][  info  ][    SpecCom    ][1004930]: FE Chip Type: RD53A/B/C
[15:51:55:678][  info  ][    SpecCom    ][1004930]: FMC Card Type: Ohio Card (Display Port)
[15:51:55:678][  info  ][    SpecCom    ][1004930]: RX Speed: 1280Mbps
[15:51:55:678][  info  ][    SpecCom    ][1004930]: Channel Configuration: 16x1
[15:51:55:678][  info  ][    SpecCom    ][1004930]: LPM Status: 0
[15:51:55:678][  info  ][    SpecCom    ][1004930]: ~~~~~~~~~~~~~~~~~~~~~~~~~~~
[15:51:55:678][  info  ][    SpecCom    ][1004930]: Soft resetting all ...
[15:51:55:678][  info  ][    SpecCom    ][1004930]: Flushing buffers ...
[15:51:55:678][  info  ][    SpecCom    ][1004930]: Init success!
[15:51:55:678][  info  ][    SpecRx     ][1004930]: Delay lane 0 fixed to 17
[15:51:55:678][  info  ][    SpecRx     ][1004930]: Delay lane 1 fixed to 5
[15:51:55:678][  info  ][    SpecRx     ][1004930]: Delay lane 2 fixed to 4
[15:51:55:678][  info  ][    SpecRx     ][1004930]: Delay lane 3 fixed to 0
[15:51:55:678][  info  ][    SpecRx     ][1004930]: Delay lane 4 fixed to 0
[15:51:55:678][  info  ][    SpecRx     ][1004930]: Delay lane 5 fixed to 0
[15:51:55:678][  info  ][    SpecRx     ][1004930]: Delay lane 6 fixed to 0
[15:51:55:678][  info  ][    SpecRx     ][1004930]: Delay lane 7 fixed to 0
[15:51:55:678][  info  ][    SpecRx     ][1004930]: Delay lane 8 fixed to 0
[15:51:55:678][  info  ][    SpecRx     ][1004930]: Delay lane 9 fixed to 0
[15:51:55:678][  info  ][    SpecRx     ][1004930]: Delay lane 10 fixed to 0
[15:51:55:678][  info  ][    SpecRx     ][1004930]: Delay lane 11 fixed to 0
[15:51:55:678][  info  ][    SpecRx     ][1004930]: Delay lane 12 fixed to 0
[15:51:55:678][  info  ][    SpecRx     ][1004930]: Delay lane 13 fixed to 0
[15:51:55:678][  info  ][    SpecRx     ][1004930]: Delay lane 14 fixed to 0
[15:51:55:678][  info  ][    SpecRx     ][1004930]: Delay lane 15 fixed to 0
[15:51:55:678][  info  ][  ScanHelper   ][1004930]: Loaded controller config:
[15:51:55:678][  info  ][  ScanHelper   ][1004930]: ~~~ {
[15:51:55:678][  info  ][  ScanHelper   ][1004930]: ~~~     "cmdPeriod": 6.25e-09,
[15:51:55:678][  info  ][  ScanHelper   ][1004930]: ~~~     "delay": [17, 5, 4, 0, 0, 0, 0, 0, 0, 0, 0, 0, 0, 0, 0, 0],
[15:51:55:678][  info  ][  ScanHelper   ][1004930]: ~~~     "idle": {
[15:51:55:678][  info  ][  ScanHelper   ][1004930]: ~~~         "word": 2863311530
[15:51:55:678][  info  ][  ScanHelper   ][1004930]: ~~~     },
[15:51:55:678][  info  ][  ScanHelper   ][1004930]: ~~~     "pulse": {
[15:51:55:678][  info  ][  ScanHelper   ][1004930]: ~~~         "interval": 500,
[15:51:55:678][  info  ][  ScanHelper   ][1004930]: ~~~         "word": 0
[15:51:55:678][  info  ][  ScanHelper   ][1004930]: ~~~     },
[15:51:55:678][  info  ][  ScanHelper   ][1004930]: ~~~     "rxActiveLanes": 1,
[15:51:55:678][  info  ][  ScanHelper   ][1004930]: ~~~     "rxPolarity": 65535,
[15:51:55:678][  info  ][  ScanHelper   ][1004930]: ~~~     "specNum": 0,
[15:51:55:678][  info  ][  ScanHelper   ][1004930]: ~~~     "spiConfig": 541200,
[15:51:55:678][  info  ][  ScanHelper   ][1004930]: ~~~     "sync": {
[15:51:55:678][  info  ][  ScanHelper   ][1004930]: ~~~         "interval": 16,
[15:51:55:678][  info  ][  ScanHelper   ][1004930]: ~~~         "word": 2172551550
[15:51:55:678][  info  ][  ScanHelper   ][1004930]: ~~~     },
[15:51:55:678][  info  ][  ScanHelper   ][1004930]: ~~~     "txPolarity": 0
[15:51:55:678][  info  ][  ScanHelper   ][1004930]: ~~~ }
[15:51:55:678][  info  ][  ScanConsole  ][1004930]: [1;31m#######################[0m
[15:51:55:678][  info  ][  ScanConsole  ][1004930]: [1;31m##  Loading Configs  ##[0m
[15:51:55:678][  info  ][  ScanConsole  ][1004930]: [1;31m#######################[0m
[15:51:55:678][  info  ][  ScanHelper   ][1004930]: Chip type: RD53B
[15:51:55:678][  info  ][  ScanHelper   ][1004930]: Chip count 4
[15:51:55:678][  info  ][  ScanHelper   ][1004930]: Loading chip config #0
[15:51:55:678][  info  ][  Bookkeeper   ][1004930]: Added FE: Tx(0), Rx(2), RegRx(2) under ID 0
[15:51:55:678][ error  ][ Rd53bPixelCfg ][1004930]: Could not find pixel registers config, using default!
[15:51:55:678][  info  ][  ScanHelper   ][1004930]: Loading chip config #1
[15:51:55:678][  info  ][  Bookkeeper   ][1004930]: Added FE: Tx(0), Rx(1), RegRx(1) under ID 1
[15:51:55:678][ error  ][ Rd53bPixelCfg ][1004930]: Could not find pixel registers config, using default!
[15:51:55:678][  info  ][  ScanHelper   ][1004930]: Loading chip config #2
[15:51:55:678][  info  ][  Bookkeeper   ][1004930]: Added FE: Tx(0), Rx(0), RegRx(0) under ID 2
[15:51:55:678][ error  ][ Rd53bPixelCfg ][1004930]: Could not find pixel registers config, using default!
[15:51:55:679][  info  ][  ScanHelper   ][1004930]: Loading chip config #3
[15:51:55:679][warning ][  ScanHelper   ][1004930]:  ... chip not enabled, skip config!
[15:51:56:615][  info  ][  ScanConsole  ][1004930]: [1;31m#####################[0m
[15:51:56:615][  info  ][  ScanConsole  ][1004930]: [1;31m##  Configure FEs  ##[0m
[15:51:56:615][  info  ][  ScanConsole  ][1004930]: [1;31m#####################[0m
[15:51:56:615][  info  ][  ScanConsole  ][1004930]: Configuring 0x17349
[15:51:56:912][  info  ][  ScanConsole  ][1004930]: Configuring 0x17359
[15:51:57:211][  info  ][  ScanConsole  ][1004930]: Configuring 0x17379
[15:51:57:507][  info  ][  ScanConsole  ][1004930]: Sent configuration to all FEs in 912 ms!
[15:51:57:507][  info  ][     Rd53b     ][1004930]: Performing soft reset ...
[15:51:57:508][  info  ][  ScanConsole  ][1004930]: Checking com 0x17349
[15:51:57:608][  info  ][    SpecRx     ][1004930]: Active Rx channels: 0x4
[15:51:57:608][  info  ][    SpecRx     ][1004930]: Active Rx lanes: 0x1
[15:51:57:608][  info  ][    SpecRx     ][1004930]: Rx Status 0x7
[15:51:57:608][  info  ][    SpecRx     ][1004930]: Number of lanes: 1
[15:51:57:608][  info  ][    SpecRx     ][1004930]: Channel 2 Lane 0 synchronized!
[15:51:57:829][  info  ][     Rd53b     ][1004930]: Chip serial number obtained from e-fuse data (raw): 0x11734915
[15:51:57:829][  info  ][     Rd53b     ][1004930]: Chip serial number obtained from e-fuse data: 0x17349
[15:51:57:829][  info  ][     Rd53b     ][1004930]: Matched chip serial number: 0x17349
[15:51:57:829][  info  ][  ScanConsole  ][1004930]: ... success!
[15:51:57:829][  info  ][  ScanConsole  ][1004930]: Checking com 0x17359
[15:51:57:929][  info  ][    SpecRx     ][1004930]: Active Rx channels: 0x2
[15:51:57:929][  info  ][    SpecRx     ][1004930]: Active Rx lanes: 0x1
[15:51:57:929][  info  ][    SpecRx     ][1004930]: Rx Status 0x7
[15:51:57:929][  info  ][    SpecRx     ][1004930]: Number of lanes: 1
[15:51:57:929][  info  ][    SpecRx     ][1004930]: Channel 1 Lane 0 synchronized!
[15:51:58:150][  info  ][     Rd53b     ][1004930]: Chip serial number obtained from e-fuse data (raw): 0x1173591c
[15:51:58:150][  info  ][     Rd53b     ][1004930]: Chip serial number obtained from e-fuse data: 0x17359
[15:51:58:150][  info  ][     Rd53b     ][1004930]: Matched chip serial number: 0x17359
[15:51:58:150][  info  ][  ScanConsole  ][1004930]: ... success!
[15:51:58:150][  info  ][  ScanConsole  ][1004930]: Checking com 0x17379
[15:51:58:250][  info  ][    SpecRx     ][1004930]: Active Rx channels: 0x1
[15:51:58:250][  info  ][    SpecRx     ][1004930]: Active Rx lanes: 0x1
[15:51:58:250][  info  ][    SpecRx     ][1004930]: Rx Status 0x7
[15:51:58:250][  info  ][    SpecRx     ][1004930]: Number of lanes: 1
[15:51:58:251][  info  ][    SpecRx     ][1004930]: Channel 0 Lane 0 synchronized!
[15:51:58:472][  info  ][     Rd53b     ][1004930]: Chip serial number obtained from e-fuse data (raw): 0x11737916
[15:51:58:472][  info  ][     Rd53b     ][1004930]: Chip serial number obtained from e-fuse data: 0x17379
[15:51:58:472][  info  ][     Rd53b     ][1004930]: Matched chip serial number: 0x17379
[15:51:58:472][  info  ][  ScanConsole  ][1004930]: ... success!

[yarr] configure module
Running data merging check in 4-to-1 mode...
Result:
[15:51:59:569][  info  ][dataMergingCheck]: Init spec
[15:51:59:569][  info  ][  ScanHelper   ]: Loading controller ...
[15:51:59:569][  info  ][  ScanHelper   ]: Found controller of type: spec
[15:51:59:569][  info  ][    SpecCom    ]: Opening SPEC with id #0
[15:51:59:569][  info  ][    SpecCom    ]: Mapping BARs ...
[15:51:59:569][  info  ][    SpecCom    ]: ... Mapped BAR0 at 0x7ff18a900000 with size 1048576
[15:51:59:569][  info  ][    SpecCom    ]: ~~~~~~~~~~~~~~~~~~~~~~~~~~~
[15:51:59:569][  info  ][    SpecCom    ]: Firmware Hash: 0x7b14549
[15:51:59:569][  info  ][    SpecCom    ]: Firmware Version: v1.5.0
[15:51:59:569][  info  ][    SpecCom    ]: Firmware Identifier: 0x2030242
[15:51:59:569][  info  ][    SpecCom    ]: FPGA card: Trenz TEF1001_R2
[15:51:59:569][  info  ][    SpecCom    ]: FE Chip Type: RD53A/B/C
[15:51:59:569][  info  ][    SpecCom    ]: FMC Card Type: Ohio Card (Display Port)
[15:51:59:569][  info  ][    SpecCom    ]: RX Speed: 1280Mbps
[15:51:59:569][  info  ][    SpecCom    ]: Channel Configuration: 16x1
[15:51:59:569][  info  ][    SpecCom    ]: LPM Status: 0
[15:51:59:569][  info  ][    SpecCom    ]: ~~~~~~~~~~~~~~~~~~~~~~~~~~~
[15:51:59:569][  info  ][    SpecCom    ]: Soft resetting all ...
[15:51:59:569][  info  ][    SpecCom    ]: Flushing buffers ...
[15:51:59:569][  info  ][    SpecCom    ]: Init success!
[15:51:59:569][  info  ][    SpecRx     ]: Delay lane 0 fixed to 17
[15:51:59:569][  info  ][    SpecRx     ]: Delay lane 1 fixed to 5
[15:51:59:569][  info  ][    SpecRx     ]: Delay lane 2 fixed to 4
[15:51:59:569][  info  ][    SpecRx     ]: Delay lane 3 fixed to 0
[15:51:59:569][  info  ][    SpecRx     ]: Delay lane 4 fixed to 0
[15:51:59:569][  info  ][    SpecRx     ]: Delay lane 5 fixed to 0
[15:51:59:569][  info  ][    SpecRx     ]: Delay lane 6 fixed to 0
[15:51:59:569][  info  ][    SpecRx     ]: Delay lane 7 fixed to 0
[15:51:59:569][  info  ][    SpecRx     ]: Delay lane 8 fixed to 0
[15:51:59:569][  info  ][    SpecRx     ]: Delay lane 9 fixed to 0
[15:51:59:569][  info  ][    SpecRx     ]: Delay lane 10 fixed to 0
[15:51:59:569][  info  ][    SpecRx     ]: Delay lane 11 fixed to 0
[15:51:59:569][  info  ][    SpecRx     ]: Delay lane 12 fixed to 0
[15:51:59:569][  info  ][    SpecRx     ]: Delay lane 13 fixed to 0
[15:51:59:570][  info  ][    SpecRx     ]: Delay lane 14 fixed to 0
[15:51:59:570][  info  ][    SpecRx     ]: Delay lane 15 fixed to 0
[15:51:59:570][  info  ][  ScanHelper   ]: Loaded controller config:
[15:51:59:570][  info  ][  ScanHelper   ]: ~~~ {
[15:51:59:570][  info  ][  ScanHelper   ]: ~~~     "cmdPeriod": 6.25e-09,
[15:51:59:570][  info  ][  ScanHelper   ]: ~~~     "delay": [17, 5, 4, 0, 0, 0, 0, 0, 0, 0, 0, 0, 0, 0, 0, 0],
[15:51:59:570][  info  ][  ScanHelper   ]: ~~~     "idle": {
[15:51:59:570][  info  ][  ScanHelper   ]: ~~~         "word": 2863311530
[15:51:59:570][  info  ][  ScanHelper   ]: ~~~     },
[15:51:59:570][  info  ][  ScanHelper   ]: ~~~     "pulse": {
[15:51:59:570][  info  ][  ScanHelper   ]: ~~~         "interval": 500,
[15:51:59:570][  info  ][  ScanHelper   ]: ~~~         "word": 0
[15:51:59:570][  info  ][  ScanHelper   ]: ~~~     },
[15:51:59:570][  info  ][  ScanHelper   ]: ~~~     "rxActiveLanes": 1,
[15:51:59:570][  info  ][  ScanHelper   ]: ~~~     "rxPolarity": 65535,
[15:51:59:570][  info  ][  ScanHelper   ]: ~~~     "specNum": 0,
[15:51:59:570][  info  ][  ScanHelper   ]: ~~~     "spiConfig": 541200,
[15:51:59:570][  info  ][  ScanHelper   ]: ~~~     "sync": {
[15:51:59:570][  info  ][  ScanHelper   ]: ~~~         "interval": 16,
[15:51:59:570][  info  ][  ScanHelper   ]: ~~~         "word": 2172551550
[15:51:59:570][  info  ][  ScanHelper   ]: ~~~     },
[15:51:59:570][  info  ][  ScanHelper   ]: ~~~     "txPolarity": 0
[15:51:59:570][  info  ][  ScanHelper   ]: ~~~ }
[15:51:59:570][  info  ][    SpecCom    ]: Opening SPEC with id #0
[15:51:59:570][  info  ][    SpecCom    ]: Mapping BARs ...
[15:51:59:570][  info  ][    SpecCom    ]: ... Mapped BAR0 at 0x7ff18a500000 with size 1048576
[15:51:59:570][  info  ][    SpecCom    ]: ~~~~~~~~~~~~~~~~~~~~~~~~~~~
[15:51:59:570][  info  ][    SpecCom    ]: Firmware Hash: 0x7b14549
[15:51:59:570][  info  ][    SpecCom    ]: Firmware Version: v1.5.0
[15:51:59:570][  info  ][    SpecCom    ]: Firmware Identifier: 0x2030242
[15:51:59:570][  info  ][    SpecCom    ]: FPGA card: Trenz TEF1001_R2
[15:51:59:570][  info  ][    SpecCom    ]: FE Chip Type: RD53A/B/C
[15:51:59:570][  info  ][    SpecCom    ]: FMC Card Type: Ohio Card (Display Port)
[15:51:59:570][  info  ][    SpecCom    ]: RX Speed: 1280Mbps
[15:51:59:570][  info  ][    SpecCom    ]: Channel Configuration: 16x1
[15:51:59:570][  info  ][    SpecCom    ]: LPM Status: 0
[15:51:59:570][  info  ][    SpecCom    ]: ~~~~~~~~~~~~~~~~~~~~~~~~~~~
[15:51:59:570][  info  ][    SpecCom    ]: Flushing buffers ...
[15:51:59:570][  info  ][    SpecCom    ]: Init success!
[15:51:59:570][  info  ][dataMergingCheck]: Doing data merging test on Spec Card 0
[15:51:59:570][  info  ][  ScanHelper   ]: Chip type: RD53B
[15:51:59:570][  info  ][  ScanHelper   ]: Chip count 4
[15:51:59:570][  info  ][  ScanHelper   ]: Loading chip #0
[15:51:59:570][  info  ][  ScanHelper   ]: Loading config file: /tmp/tmpahouep8x/0x17349_L2_warm_noPixConfig.json
[15:51:59:570][  info  ][  ScanHelper   ]: GlobalConfig overwrite file not found, skipping overwrite.
[15:51:59:570][  info  ][  ScanHelper   ]: Loading chip #1
[15:51:59:570][  info  ][  ScanHelper   ]: Loading config file: /tmp/tmpahouep8x/0x17359_L2_warm_noPixConfig.json
[15:51:59:570][  info  ][  ScanHelper   ]: GlobalConfig overwrite file not found, skipping overwrite.
[15:51:59:570][  info  ][  ScanHelper   ]: Loading chip #2
[15:51:59:570][  info  ][  ScanHelper   ]: Loading config file: /tmp/tmpahouep8x/0x17379_L2_warm_noPixConfig.json
[15:51:59:570][  info  ][  ScanHelper   ]: GlobalConfig overwrite file not found, skipping overwrite.
[15:51:59:570][  info  ][  ScanHelper   ]: Loading chip #3
[15:51:59:570][warning ][  ScanHelper   ]:  ... chip not enabled, skipping!
[15:51:59:570][  info  ][dataMergingCheck]: Setting up configuration for all chips...
[15:51:59:571][ error  ][ Rd53bPixelCfg ]: Could not find pixel registers config, using default!
[15:51:59:571][  info  ][dataMergingCheck]: Configuring chip 0x17349 ...
[15:51:59:881][  info  ][dataMergingCheck]: Setting up 0x17349 as secondary for 4-to-1 merging
[15:51:59:882][ error  ][ Rd53bPixelCfg ]: Could not find pixel registers config, using default!
[15:51:59:883][  info  ][dataMergingCheck]: Configuring chip 0x17359 ...
[15:52:00:190][  info  ][dataMergingCheck]: Setting up 0x17359 as secondary for 4-to-1 merging
[15:52:00:192][ error  ][ Rd53bPixelCfg ]: Could not find pixel registers config, using default!
[15:52:00:192][  info  ][dataMergingCheck]: Configuring chip 0x17379 ...
[15:52:00:498][  info  ][dataMergingCheck]: Setting up 0x17379 as secondary for 4-to-1 merging
[15:52:00:499][  info  ][dataMergingCheck]: Configuration done.
[15:52:00:499][  info  ][dataMergingCheck]: Soft resets all chips to synch gearboxes.
[15:52:00:499][  info  ][     Rd53b     ]: Performing soft reset ...
[15:52:00:699][  info  ][dataMergingCheck]: Loop over primaries:
Passed

Running data merging check in 2-to-1 mode...
Result:
[15:52:00:736][  info  ][dataMergingCheck]: Init spec
[15:52:00:736][  info  ][  ScanHelper   ]: Loading controller ...
[15:52:00:736][  info  ][  ScanHelper   ]: Found controller of type: spec
[15:52:00:736][  info  ][    SpecCom    ]: Opening SPEC with id #0
[15:52:00:736][  info  ][    SpecCom    ]: Mapping BARs ...
[15:52:00:736][  info  ][    SpecCom    ]: ... Mapped BAR0 at 0x7eff77d00000 with size 1048576
[15:52:00:736][  info  ][    SpecCom    ]: ~~~~~~~~~~~~~~~~~~~~~~~~~~~
[15:52:00:736][  info  ][    SpecCom    ]: Firmware Hash: 0x7b14549
[15:52:00:736][  info  ][    SpecCom    ]: Firmware Version: v1.5.0
[15:52:00:736][  info  ][    SpecCom    ]: Firmware Identifier: 0x2030242
[15:52:00:736][  info  ][    SpecCom    ]: FPGA card: Trenz TEF1001_R2
[15:52:00:736][  info  ][    SpecCom    ]: FE Chip Type: RD53A/B/C
[15:52:00:736][  info  ][    SpecCom    ]: FMC Card Type: Ohio Card (Display Port)
[15:52:00:736][  info  ][    SpecCom    ]: RX Speed: 1280Mbps
[15:52:00:736][  info  ][    SpecCom    ]: Channel Configuration: 16x1
[15:52:00:736][  info  ][    SpecCom    ]: LPM Status: 0
[15:52:00:736][  info  ][    SpecCom    ]: ~~~~~~~~~~~~~~~~~~~~~~~~~~~
[15:52:00:736][  info  ][    SpecCom    ]: Soft resetting all ...
[15:52:00:736][  info  ][    SpecCom    ]: Flushing buffers ...
[15:52:00:736][  info  ][    SpecCom    ]: Init success!
[15:52:00:736][  info  ][    SpecRx     ]: Delay lane 0 fixed to 17
[15:52:00:736][  info  ][    SpecRx     ]: Delay lane 1 fixed to 5
[15:52:00:736][  info  ][    SpecRx     ]: Delay lane 2 fixed to 4
[15:52:00:736][  info  ][    SpecRx     ]: Delay lane 3 fixed to 0
[15:52:00:736][  info  ][    SpecRx     ]: Delay lane 4 fixed to 0
[15:52:00:736][  info  ][    SpecRx     ]: Delay lane 5 fixed to 0
[15:52:00:736][  info  ][    SpecRx     ]: Delay lane 6 fixed to 0
[15:52:00:736][  info  ][    SpecRx     ]: Delay lane 7 fixed to 0
[15:52:00:736][  info  ][    SpecRx     ]: Delay lane 8 fixed to 0
[15:52:00:736][  info  ][    SpecRx     ]: Delay lane 9 fixed to 0
[15:52:00:736][  info  ][    SpecRx     ]: Delay lane 10 fixed to 0
[15:52:00:736][  info  ][    SpecRx     ]: Delay lane 11 fixed to 0
[15:52:00:736][  info  ][    SpecRx     ]: Delay lane 12 fixed to 0
[15:52:00:736][  info  ][    SpecRx     ]: Delay lane 13 fixed to 0
[15:52:00:736][  info  ][    SpecRx     ]: Delay lane 14 fixed to 0
[15:52:00:736][  info  ][    SpecRx     ]: Delay lane 15 fixed to 0
[15:52:00:736][  info  ][  ScanHelper   ]: Loaded controller config:
[15:52:00:736][  info  ][  ScanHelper   ]: ~~~ {
[15:52:00:736][  info  ][  ScanHelper   ]: ~~~     "cmdPeriod": 6.25e-09,
[15:52:00:736][  info  ][  ScanHelper   ]: ~~~     "delay": [17, 5, 4, 0, 0, 0, 0, 0, 0, 0, 0, 0, 0, 0, 0, 0],
[15:52:00:736][  info  ][  ScanHelper   ]: ~~~     "idle": {
[15:52:00:736][  info  ][  ScanHelper   ]: ~~~         "word": 2863311530
[15:52:00:736][  info  ][  ScanHelper   ]: ~~~     },
[15:52:00:736][  info  ][  ScanHelper   ]: ~~~     "pulse": {
[15:52:00:736][  info  ][  ScanHelper   ]: ~~~         "interval": 500,
[15:52:00:736][  info  ][  ScanHelper   ]: ~~~         "word": 0
[15:52:00:736][  info  ][  ScanHelper   ]: ~~~     },
[15:52:00:736][  info  ][  ScanHelper   ]: ~~~     "rxActiveLanes": 1,
[15:52:00:736][  info  ][  ScanHelper   ]: ~~~     "rxPolarity": 65535,
[15:52:00:736][  info  ][  ScanHelper   ]: ~~~     "specNum": 0,
[15:52:00:736][  info  ][  ScanHelper   ]: ~~~     "spiConfig": 541200,
[15:52:00:736][  info  ][  ScanHelper   ]: ~~~     "sync": {
[15:52:00:736][  info  ][  ScanHelper   ]: ~~~         "interval": 16,
[15:52:00:736][  info  ][  ScanHelper   ]: ~~~         "word": 2172551550
[15:52:00:736][  info  ][  ScanHelper   ]: ~~~     },
[15:52:00:736][  info  ][  ScanHelper   ]: ~~~     "txPolarity": 0
[15:52:00:736][  info  ][  ScanHelper   ]: ~~~ }
[15:52:00:736][  info  ][    SpecCom    ]: Opening SPEC with id #0
[15:52:00:736][  info  ][    SpecCom    ]: Mapping BARs ...
[15:52:00:736][  info  ][    SpecCom    ]: ... Mapped BAR0 at 0x7eff77900000 with size 1048576
[15:52:00:736][  info  ][    SpecCom    ]: ~~~~~~~~~~~~~~~~~~~~~~~~~~~
[15:52:00:736][  info  ][    SpecCom    ]: Firmware Hash: 0x7b14549
[15:52:00:736][  info  ][    SpecCom    ]: Firmware Version: v1.5.0
[15:52:00:736][  info  ][    SpecCom    ]: Firmware Identifier: 0x2030242
[15:52:00:736][  info  ][    SpecCom    ]: FPGA card: Trenz TEF1001_R2
[15:52:00:736][  info  ][    SpecCom    ]: FE Chip Type: RD53A/B/C
[15:52:00:736][  info  ][    SpecCom    ]: FMC Card Type: Ohio Card (Display Port)
[15:52:00:736][  info  ][    SpecCom    ]: RX Speed: 1280Mbps
[15:52:00:736][  info  ][    SpecCom    ]: Channel Configuration: 16x1
[15:52:00:736][  info  ][    SpecCom    ]: LPM Status: 0
[15:52:00:736][  info  ][    SpecCom    ]: ~~~~~~~~~~~~~~~~~~~~~~~~~~~
[15:52:00:736][  info  ][    SpecCom    ]: Flushing buffers ...
[15:52:00:736][  info  ][    SpecCom    ]: Init success!
[15:52:00:736][  info  ][dataMergingCheck]: Doing data merging test on Spec Card 0
[15:52:00:736][  info  ][  ScanHelper   ]: Chip type: RD53B
[15:52:00:736][  info  ][  ScanHelper   ]: Chip count 4
[15:52:00:736][  info  ][  ScanHelper   ]: Loading chip #0
[15:52:00:736][  info  ][  ScanHelper   ]: Loading config file: /tmp/tmpahouep8x/0x17349_L2_warm_noPixConfig.json
[15:52:00:736][  info  ][  ScanHelper   ]: GlobalConfig overwrite file not found, skipping overwrite.
[15:52:00:737][  info  ][  ScanHelper   ]: Loading chip #1
[15:52:00:737][  info  ][  ScanHelper   ]: Loading config file: /tmp/tmpahouep8x/0x17359_L2_warm_noPixConfig.json
[15:52:00:737][  info  ][  ScanHelper   ]: GlobalConfig overwrite file not found, skipping overwrite.
[15:52:00:737][  info  ][  ScanHelper   ]: Loading chip #2
[15:52:00:737][  info  ][  ScanHelper   ]: Loading config file: /tmp/tmpahouep8x/0x17379_L2_warm_noPixConfig.json
[15:52:00:737][  info  ][  ScanHelper   ]: GlobalConfig overwrite file not found, skipping overwrite.
[15:52:00:737][  info  ][  ScanHelper   ]: Loading chip #3
[15:52:00:737][warning ][  ScanHelper   ]:  ... chip not enabled, skipping!
[15:52:00:737][  info  ][dataMergingCheck]: Setting up configuration for all chips...
[15:52:00:737][ error  ][ Rd53bPixelCfg ]: Could not find pixel registers config, using default!
[15:52:00:738][  info  ][dataMergingCheck]: Configuring chip 0x17349 ...
[15:52:01:033][  info  ][dataMergingCheck]: Setting up 0x17349 as secondary for 2-to-1 merging
[15:52:01:034][ error  ][ Rd53bPixelCfg ]: Could not find pixel registers config, using default!
[15:52:01:034][  info  ][dataMergingCheck]: Configuring chip 0x17359 ...
[15:52:01:337][  info  ][dataMergingCheck]: Setting up 0x17359 as primary for 2-to-1 merging
[15:52:01:337][ error  ][ Rd53bPixelCfg ]: Could not find pixel registers config, using default!
[15:52:01:337][  info  ][dataMergingCheck]: Configuring chip 0x17379 ...
[15:52:01:643][  info  ][dataMergingCheck]: Setting up 0x17379 as secondary for 2-to-1 merging
[15:52:01:643][  info  ][dataMergingCheck]: Configuration done.
[15:52:01:643][  info  ][dataMergingCheck]: Soft resets all chips to synch gearboxes.
[15:52:01:643][  info  ][     Rd53b     ]: Performing soft reset ...
[15:52:01:844][  info  ][dataMergingCheck]: Loop over primaries:
[15:52:01:844][  info  ][dataMergingCheck]: Testing lane #1
[15:52:01:899][  info  ][dataMergingCheck]: [1] Error Count: 40394 (expected [61260,61263])
[15:52:01:899][  info  ][dataMergingCheck]: [1] Link quality: 0.08284084427946595
[15:52:01:899][warning ][dataMergingCheck]: Lane 1 failed data merging test
Failed

Data merging checked. Setting the chips back to their original state!
Sending command (attempt 0): 
./bin/scanConsole -r configs/controller/specCfg-rd53b-16x1.json -c /tmp/tmpahouep8x/20UPGM22110561_L2_warm_noPixConfig.json 
Sending command: 
./bin/scanConsole -r configs/controller/specCfg-rd53b-16x1.json -c /tmp/tmpahouep8x/20UPGM22110561_L2_warm_noPixConfig.json 
[2025-07-11 15:52:01.951] [info] Configuring logger ...
[15:52:01:951][  info  ][  ScanConsole  ][1004959]: [1;31m#####################################[0m
[15:52:01:951][  info  ][  ScanConsole  ][1004959]: [1;31m##  Welcome to YARR - ScanConsole  ##[0m
[15:52:01:951][  info  ][  ScanConsole  ][1004959]: [1;31m#####################################[0m
[15:52:01:951][  info  ][  ScanHelper   ][1004959]: Chip type: RD53B
[15:52:01:951][  info  ][  ScanHelper   ][1004959]: Chip count 4
[15:52:01:951][  info  ][  ScanHelper   ][1004959]: Loading chip #0
[15:52:01:951][  info  ][  ScanHelper   ][1004959]: Loading config file: /tmp/tmpahouep8x/0x17349_L2_warm_noPixConfig.json
[15:52:01:951][  info  ][  ScanHelper   ][1004959]: GlobalConfig overwrite file not found, skipping overwrite.
[15:52:01:951][  info  ][  ScanHelper   ][1004959]: Loading chip #1
[15:52:01:951][  info  ][  ScanHelper   ][1004959]: Loading config file: /tmp/tmpahouep8x/0x17359_L2_warm_noPixConfig.json
[15:52:01:951][  info  ][  ScanHelper   ][1004959]: GlobalConfig overwrite file not found, skipping overwrite.
[15:52:01:951][  info  ][  ScanHelper   ][1004959]: Loading chip #2
[15:52:01:951][  info  ][  ScanHelper   ][1004959]: Loading config file: /tmp/tmpahouep8x/0x17379_L2_warm_noPixConfig.json
[15:52:01:952][  info  ][  ScanHelper   ][1004959]: GlobalConfig overwrite file not found, skipping overwrite.
[15:52:01:952][  info  ][  ScanHelper   ][1004959]: Loading chip #3
[15:52:01:952][warning ][  ScanHelper   ][1004959]:  ... chip not enabled, skipping!
[15:52:01:956][  info  ][  ScanConsole  ][1004959]: No scan configuration provided, will only configure front-ends
[15:52:01:956][  info  ][  ScanConsole  ][1004959]: Connectivity:
[15:52:01:956][  info  ][  ScanConsole  ][1004959]:     /tmp/tmpahouep8x/20UPGM22110561_L2_warm_noPixConfig.json
[15:52:01:956][  info  ][  ScanConsole  ][1004959]: Target ToT: -1
[15:52:01:956][  info  ][  ScanConsole  ][1004959]: Target Charge: -1
[15:52:01:956][  info  ][  ScanConsole  ][1004959]: Output Plots: false
[15:52:01:956][  info  ][  ScanConsole  ][1004959]: Output Directory: ./data/001867_/
[15:52:01:956][  info  ][  ScanConsole  ][1004959]: Timestamp: 2025-07-11_15:52:01
[15:52:01:956][  info  ][  ScanConsole  ][1004959]: Run Number: 1867
[15:52:01:956][  info  ][  ScanConsole  ][1004959]: [1;31m#####################[0m
[15:52:01:956][  info  ][  ScanConsole  ][1004959]: [1;31m##  Init Hardware  ##[0m
[15:52:01:956][  info  ][  ScanConsole  ][1004959]: [1;31m#####################[0m
[15:52:01:956][  info  ][  ScanConsole  ][1004959]: -> Opening controller config: configs/controller/specCfg-rd53b-16x1.json
[15:52:01:956][  info  ][  ScanHelper   ][1004959]: Loading controller ...
[15:52:01:956][  info  ][  ScanHelper   ][1004959]: Found controller of type: spec
[15:52:01:956][  info  ][    SpecCom    ][1004959]: Opening SPEC with id #0
[15:52:01:956][  info  ][    SpecCom    ][1004959]: Mapping BARs ...
[15:52:01:956][  info  ][    SpecCom    ][1004959]: ... Mapped BAR0 at 0x7f9353300000 with size 1048576
[15:52:01:956][  info  ][    SpecCom    ][1004959]: ~~~~~~~~~~~~~~~~~~~~~~~~~~~
[15:52:01:956][  info  ][    SpecCom    ][1004959]: Firmware Hash: 0x7b14549
[15:52:01:956][  info  ][    SpecCom    ][1004959]: Firmware Version: v1.5.0
[15:52:01:956][  info  ][    SpecCom    ][1004959]: Firmware Identifier: 0x2030242
[15:52:01:956][  info  ][    SpecCom    ][1004959]: FPGA card: Trenz TEF1001_R2
[15:52:01:956][  info  ][    SpecCom    ][1004959]: FE Chip Type: RD53A/B/C
[15:52:01:956][  info  ][    SpecCom    ][1004959]: FMC Card Type: Ohio Card (Display Port)
[15:52:01:956][  info  ][    SpecCom    ][1004959]: RX Speed: 1280Mbps
[15:52:01:956][  info  ][    SpecCom    ][1004959]: Channel Configuration: 16x1
[15:52:01:956][  info  ][    SpecCom    ][1004959]: LPM Status: 0
[15:52:01:956][  info  ][    SpecCom    ][1004959]: ~~~~~~~~~~~~~~~~~~~~~~~~~~~
[15:52:01:956][  info  ][    SpecCom    ][1004959]: Soft resetting all ...
[15:52:01:956][  info  ][    SpecCom    ][1004959]: Flushing buffers ...
[15:52:01:956][  info  ][    SpecCom    ][1004959]: Init success!
[15:52:01:956][  info  ][    SpecRx     ][1004959]: Delay lane 0 fixed to 17
[15:52:01:956][  info  ][    SpecRx     ][1004959]: Delay lane 1 fixed to 5
[15:52:01:956][  info  ][    SpecRx     ][1004959]: Delay lane 2 fixed to 4
[15:52:01:956][  info  ][    SpecRx     ][1004959]: Delay lane 3 fixed to 0
[15:52:01:956][  info  ][    SpecRx     ][1004959]: Delay lane 4 fixed to 0
[15:52:01:956][  info  ][    SpecRx     ][1004959]: Delay lane 5 fixed to 0
[15:52:01:956][  info  ][    SpecRx     ][1004959]: Delay lane 6 fixed to 0
[15:52:01:956][  info  ][    SpecRx     ][1004959]: Delay lane 7 fixed to 0
[15:52:01:956][  info  ][    SpecRx     ][1004959]: Delay lane 8 fixed to 0
[15:52:01:956][  info  ][    SpecRx     ][1004959]: Delay lane 9 fixed to 0
[15:52:01:956][  info  ][    SpecRx     ][1004959]: Delay lane 10 fixed to 0
[15:52:01:956][  info  ][    SpecRx     ][1004959]: Delay lane 11 fixed to 0
[15:52:01:956][  info  ][    SpecRx     ][1004959]: Delay lane 12 fixed to 0
[15:52:01:956][  info  ][    SpecRx     ][1004959]: Delay lane 13 fixed to 0
[15:52:01:956][  info  ][    SpecRx     ][1004959]: Delay lane 14 fixed to 0
[15:52:01:956][  info  ][    SpecRx     ][1004959]: Delay lane 15 fixed to 0
[15:52:01:956][  info  ][  ScanHelper   ][1004959]: Loaded controller config:
[15:52:01:956][  info  ][  ScanHelper   ][1004959]: ~~~ {
[15:52:01:956][  info  ][  ScanHelper   ][1004959]: ~~~     "cmdPeriod": 6.25e-09,
[15:52:01:956][  info  ][  ScanHelper   ][1004959]: ~~~     "delay": [17, 5, 4, 0, 0, 0, 0, 0, 0, 0, 0, 0, 0, 0, 0, 0],
[15:52:01:956][  info  ][  ScanHelper   ][1004959]: ~~~     "idle": {
[15:52:01:956][  info  ][  ScanHelper   ][1004959]: ~~~         "word": 2863311530
[15:52:01:956][  info  ][  ScanHelper   ][1004959]: ~~~     },
[15:52:01:956][  info  ][  ScanHelper   ][1004959]: ~~~     "pulse": {
[15:52:01:956][  info  ][  ScanHelper   ][1004959]: ~~~         "interval": 500,
[15:52:01:956][  info  ][  ScanHelper   ][1004959]: ~~~         "word": 0
[15:52:01:956][  info  ][  ScanHelper   ][1004959]: ~~~     },
[15:52:01:956][  info  ][  ScanHelper   ][1004959]: ~~~     "rxActiveLanes": 1,
[15:52:01:956][  info  ][  ScanHelper   ][1004959]: ~~~     "rxPolarity": 65535,
[15:52:01:956][  info  ][  ScanHelper   ][1004959]: ~~~     "specNum": 0,
[15:52:01:956][  info  ][  ScanHelper   ][1004959]: ~~~     "spiConfig": 541200,
[15:52:01:956][  info  ][  ScanHelper   ][1004959]: ~~~     "sync": {
[15:52:01:956][  info  ][  ScanHelper   ][1004959]: ~~~         "interval": 16,
[15:52:01:956][  info  ][  ScanHelper   ][1004959]: ~~~         "word": 2172551550
[15:52:01:956][  info  ][  ScanHelper   ][1004959]: ~~~     },
[15:52:01:956][  info  ][  ScanHelper   ][1004959]: ~~~     "txPolarity": 0
[15:52:01:956][  info  ][  ScanHelper   ][1004959]: ~~~ }
[15:52:01:956][  info  ][  ScanConsole  ][1004959]: [1;31m#######################[0m
[15:52:01:956][  info  ][  ScanConsole  ][1004959]: [1;31m##  Loading Configs  ##[0m
[15:52:01:956][  info  ][  ScanConsole  ][1004959]: [1;31m#######################[0m
[15:52:01:956][  info  ][  ScanHelper   ][1004959]: Chip type: RD53B
[15:52:01:956][  info  ][  ScanHelper   ][1004959]: Chip count 4
[15:52:01:956][  info  ][  ScanHelper   ][1004959]: Loading chip config #0
[15:52:01:956][  info  ][  Bookkeeper   ][1004959]: Added FE: Tx(0), Rx(2), RegRx(2) under ID 0
[15:52:01:956][ error  ][ Rd53bPixelCfg ][1004959]: Could not find pixel registers config, using default!
[15:52:01:956][  info  ][  ScanHelper   ][1004959]: Loading chip config #1
[15:52:01:956][  info  ][  Bookkeeper   ][1004959]: Added FE: Tx(0), Rx(1), RegRx(1) under ID 1
[15:52:01:957][ error  ][ Rd53bPixelCfg ][1004959]: Could not find pixel registers config, using default!
[15:52:01:957][  info  ][  ScanHelper   ][1004959]: Loading chip config #2
[15:52:01:957][  info  ][  Bookkeeper   ][1004959]: Added FE: Tx(0), Rx(0), RegRx(0) under ID 2
[15:52:01:957][ error  ][ Rd53bPixelCfg ][1004959]: Could not find pixel registers config, using default!
[15:52:01:957][  info  ][  ScanHelper   ][1004959]: Loading chip config #3
[15:52:01:957][warning ][  ScanHelper   ][1004959]:  ... chip not enabled, skip config!
[15:52:03:018][  info  ][  ScanConsole  ][1004959]: [1;31m#####################[0m
[15:52:03:018][  info  ][  ScanConsole  ][1004959]: [1;31m##  Configure FEs  ##[0m
[15:52:03:018][  info  ][  ScanConsole  ][1004959]: [1;31m#####################[0m
[15:52:03:018][  info  ][  ScanConsole  ][1004959]: Configuring 0x17349
[15:52:03:318][  info  ][  ScanConsole  ][1004959]: Configuring 0x17359
[15:52:03:619][  info  ][  ScanConsole  ][1004959]: Configuring 0x17379
[15:52:03:922][  info  ][  ScanConsole  ][1004959]: Sent configuration to all FEs in 924 ms!
[15:52:03:922][  info  ][     Rd53b     ][1004959]: Performing soft reset ...
[15:52:03:923][  info  ][  ScanConsole  ][1004959]: Checking com 0x17349
[15:52:04:024][  info  ][    SpecRx     ][1004959]: Active Rx channels: 0x4
[15:52:04:024][  info  ][    SpecRx     ][1004959]: Active Rx lanes: 0x1
[15:52:04:024][  info  ][    SpecRx     ][1004959]: Rx Status 0x7
[15:52:04:024][  info  ][    SpecRx     ][1004959]: Number of lanes: 1
[15:52:04:024][  info  ][    SpecRx     ][1004959]: Channel 2 Lane 0 synchronized!
[15:52:04:244][  info  ][     Rd53b     ][1004959]: Chip serial number obtained from e-fuse data (raw): 0x11734915
[15:52:04:245][  info  ][     Rd53b     ][1004959]: Chip serial number obtained from e-fuse data: 0x17349
[15:52:04:245][  info  ][     Rd53b     ][1004959]: Matched chip serial number: 0x17349
[15:52:04:245][  info  ][  ScanConsole  ][1004959]: ... success!
[15:52:04:245][  info  ][  ScanConsole  ][1004959]: Checking com 0x17359
[15:52:04:345][  info  ][    SpecRx     ][1004959]: Active Rx channels: 0x2
[15:52:04:345][  info  ][    SpecRx     ][1004959]: Active Rx lanes: 0x1
[15:52:04:345][  info  ][    SpecRx     ][1004959]: Rx Status 0x7
[15:52:04:345][  info  ][    SpecRx     ][1004959]: Number of lanes: 1
[15:52:04:345][  info  ][    SpecRx     ][1004959]: Channel 1 Lane 0 synchronized!
[15:52:04:566][  info  ][     Rd53b     ][1004959]: Chip serial number obtained from e-fuse data (raw): 0x1173591c
[15:52:04:566][  info  ][     Rd53b     ][1004959]: Chip serial number obtained from e-fuse data: 0x17359
[15:52:04:566][  info  ][     Rd53b     ][1004959]: Matched chip serial number: 0x17359
[15:52:04:566][  info  ][  ScanConsole  ][1004959]: ... success!
[15:52:04:566][  info  ][  ScanConsole  ][1004959]: Checking com 0x17379
[15:52:04:666][  info  ][    SpecRx     ][1004959]: Active Rx channels: 0x1
[15:52:04:666][  info  ][    SpecRx     ][1004959]: Active Rx lanes: 0x1
[15:52:04:666][  info  ][    SpecRx     ][1004959]: Rx Status 0x7
[15:52:04:666][  info  ][    SpecRx     ][1004959]: Number of lanes: 1
[15:52:04:666][  info  ][    SpecRx     ][1004959]: Channel 0 Lane 0 synchronized!
[15:52:04:887][  info  ][     Rd53b     ][1004959]: Chip serial number obtained from e-fuse data (raw): 0x11737916
[15:52:04:887][  info  ][     Rd53b     ][1004959]: Chip serial number obtained from e-fuse data: 0x17379
[15:52:04:887][  info  ][     Rd53b     ][1004959]: Matched chip serial number: 0x17379
[15:52:04:887][  info  ][  ScanConsole  ][1004959]: ... success!

[yarr] configure module
Writing output measurements in /home/opmd/Module_QC/module-qc-database-tools/OX0006/20UPGM22110561/Measurements/DATA_TRANSMISSION/2025-07-11_155140
Done!
TimeEnd: 2025-07-11_155205
Deleting temporary files: /tmp/tmpahouep8x
