Using /home/opmd/Module_QC/configs/new_hw_config_v1.1.json for hardware config
Using /home/opmd/Module_QC/py3_venv/lib/python3.9/site-packages/module_qc_tools/data/configs/meas_config.json for measurement config
Will use 5.88 A for PS current (4 chips)
YARR version: v1.5.5
Creating temporary connectivity file and chip configs without pixel config in /tmp/tmpbl_m7e5v
hv_status {'voltage': 0.0, 'current': 0.0}
Sending command (attempt 0): 
./bin/scanConsole -r configs/controller/specCfg-rd53b-16x1.json -c /tmp/tmpbl_m7e5v/20UPGM22110561_L2_warm_noPixConfig.json 
Sending command: 
./bin/scanConsole -r configs/controller/specCfg-rd53b-16x1.json -c /tmp/tmpbl_m7e5v/20UPGM22110561_L2_warm_noPixConfig.json 
[2025-07-03 16:48:29.720] [info] Configuring logger ...
[16:48:29:720][  info  ][  ScanConsole  ][889732]: [1;31m#####################################[0m
[16:48:29:720][  info  ][  ScanConsole  ][889732]: [1;31m##  Welcome to YARR - ScanConsole  ##[0m
[16:48:29:720][  info  ][  ScanConsole  ][889732]: [1;31m#####################################[0m
[16:48:29:720][  info  ][  ScanHelper   ][889732]: Chip type: RD53B
[16:48:29:720][  info  ][  ScanHelper   ][889732]: Chip count 4
[16:48:29:720][  info  ][  ScanHelper   ][889732]: Loading chip #0
[16:48:29:720][  info  ][  ScanHelper   ][889732]: Loading config file: /tmp/tmpbl_m7e5v/0x17349_L2_warm_noPixConfig.json
[16:48:29:720][  info  ][  ScanHelper   ][889732]: GlobalConfig overwrite file not found, skipping overwrite.
[16:48:29:720][  info  ][  ScanHelper   ][889732]: Loading chip #1
[16:48:29:720][  info  ][  ScanHelper   ][889732]: Loading config file: /tmp/tmpbl_m7e5v/0x17359_L2_warm_noPixConfig.json
[16:48:29:720][  info  ][  ScanHelper   ][889732]: GlobalConfig overwrite file not found, skipping overwrite.
[16:48:29:720][  info  ][  ScanHelper   ][889732]: Loading chip #2
[16:48:29:720][  info  ][  ScanHelper   ][889732]: Loading config file: /tmp/tmpbl_m7e5v/0x17379_L2_warm_noPixConfig.json
[16:48:29:720][  info  ][  ScanHelper   ][889732]: GlobalConfig overwrite file not found, skipping overwrite.
[16:48:29:720][  info  ][  ScanHelper   ][889732]: Loading chip #3
[16:48:29:720][warning ][  ScanHelper   ][889732]:  ... chip not enabled, skipping!
[16:48:29:727][  info  ][  ScanConsole  ][889732]: No scan configuration provided, will only configure front-ends
[16:48:29:727][  info  ][  ScanConsole  ][889732]: Connectivity:
[16:48:29:727][  info  ][  ScanConsole  ][889732]:     /tmp/tmpbl_m7e5v/20UPGM22110561_L2_warm_noPixConfig.json
[16:48:29:727][  info  ][  ScanConsole  ][889732]: Target ToT: -1
[16:48:29:727][  info  ][  ScanConsole  ][889732]: Target Charge: -1
[16:48:29:727][  info  ][  ScanConsole  ][889732]: Output Plots: false
[16:48:29:727][  info  ][  ScanConsole  ][889732]: Output Directory: ./data/001823_/
[16:48:29:727][  info  ][  ScanConsole  ][889732]: Timestamp: 2025-07-03_16:48:29
[16:48:29:727][  info  ][  ScanConsole  ][889732]: Run Number: 1823
[16:48:29:727][  info  ][  ScanConsole  ][889732]: [1;31m#####################[0m
[16:48:29:727][  info  ][  ScanConsole  ][889732]: [1;31m##  Init Hardware  ##[0m
[16:48:29:727][  info  ][  ScanConsole  ][889732]: [1;31m#####################[0m
[16:48:29:727][  info  ][  ScanConsole  ][889732]: -> Opening controller config: configs/controller/specCfg-rd53b-16x1.json
[16:48:29:727][  info  ][  ScanHelper   ][889732]: Loading controller ...
[16:48:29:727][  info  ][  ScanHelper   ][889732]: Found controller of type: spec
[16:48:29:727][  info  ][    SpecCom    ][889732]: Opening SPEC with id #0
[16:48:29:727][  info  ][    SpecCom    ][889732]: Mapping BARs ...
[16:48:29:727][  info  ][    SpecCom    ][889732]: ... Mapped BAR0 at 0x7f548f100000 with size 1048576
[16:48:29:728][  info  ][    SpecCom    ][889732]: ~~~~~~~~~~~~~~~~~~~~~~~~~~~
[16:48:29:728][  info  ][    SpecCom    ][889732]: Firmware Hash: 0x7b14549
[16:48:29:728][  info  ][    SpecCom    ][889732]: Firmware Version: v1.5.0
[16:48:29:728][  info  ][    SpecCom    ][889732]: Firmware Identifier: 0x2030242
[16:48:29:728][  info  ][    SpecCom    ][889732]: FPGA card: Trenz TEF1001_R2
[16:48:29:728][  info  ][    SpecCom    ][889732]: FE Chip Type: RD53A/B/C
[16:48:29:728][  info  ][    SpecCom    ][889732]: FMC Card Type: Ohio Card (Display Port)
[16:48:29:728][  info  ][    SpecCom    ][889732]: RX Speed: 1280Mbps
[16:48:29:728][  info  ][    SpecCom    ][889732]: Channel Configuration: 16x1
[16:48:29:728][  info  ][    SpecCom    ][889732]: LPM Status: 0
[16:48:29:728][  info  ][    SpecCom    ][889732]: ~~~~~~~~~~~~~~~~~~~~~~~~~~~
[16:48:29:728][  info  ][    SpecCom    ][889732]: Soft resetting all ...
[16:48:29:728][  info  ][    SpecCom    ][889732]: Flushing buffers ...
[16:48:29:728][  info  ][    SpecCom    ][889732]: Init success!
[16:48:29:728][  info  ][    SpecRx     ][889732]: Delay lane 0 fixed to 17
[16:48:29:728][  info  ][    SpecRx     ][889732]: Delay lane 1 fixed to 5
[16:48:29:728][  info  ][    SpecRx     ][889732]: Delay lane 2 fixed to 3
[16:48:29:728][  info  ][    SpecRx     ][889732]: Delay lane 3 fixed to 3
[16:48:29:728][  info  ][    SpecRx     ][889732]: Delay lane 4 fixed to 0
[16:48:29:728][  info  ][    SpecRx     ][889732]: Delay lane 5 fixed to 0
[16:48:29:728][  info  ][    SpecRx     ][889732]: Delay lane 6 fixed to 0
[16:48:29:728][  info  ][    SpecRx     ][889732]: Delay lane 7 fixed to 0
[16:48:29:728][  info  ][    SpecRx     ][889732]: Delay lane 8 fixed to 0
[16:48:29:728][  info  ][    SpecRx     ][889732]: Delay lane 9 fixed to 0
[16:48:29:728][  info  ][    SpecRx     ][889732]: Delay lane 10 fixed to 0
[16:48:29:728][  info  ][    SpecRx     ][889732]: Delay lane 11 fixed to 0
[16:48:29:728][  info  ][    SpecRx     ][889732]: Delay lane 12 fixed to 0
[16:48:29:728][  info  ][    SpecRx     ][889732]: Delay lane 13 fixed to 0
[16:48:29:728][  info  ][    SpecRx     ][889732]: Delay lane 14 fixed to 0
[16:48:29:728][  info  ][    SpecRx     ][889732]: Delay lane 15 fixed to 0
[16:48:29:728][  info  ][  ScanHelper   ][889732]: Loaded controller config:
[16:48:29:728][  info  ][  ScanHelper   ][889732]: ~~~ {
[16:48:29:728][  info  ][  ScanHelper   ][889732]: ~~~     "cmdPeriod": 6.25e-09,
[16:48:29:728][  info  ][  ScanHelper   ][889732]: ~~~     "delay": [17, 5, 3, 3, 0, 0, 0, 0, 0, 0, 0, 0, 0, 0, 0, 0],
[16:48:29:728][  info  ][  ScanHelper   ][889732]: ~~~     "idle": {
[16:48:29:728][  info  ][  ScanHelper   ][889732]: ~~~         "word": 2863311530
[16:48:29:728][  info  ][  ScanHelper   ][889732]: ~~~     },
[16:48:29:728][  info  ][  ScanHelper   ][889732]: ~~~     "pulse": {
[16:48:29:728][  info  ][  ScanHelper   ][889732]: ~~~         "interval": 500,
[16:48:29:728][  info  ][  ScanHelper   ][889732]: ~~~         "word": 0
[16:48:29:728][  info  ][  ScanHelper   ][889732]: ~~~     },
[16:48:29:728][  info  ][  ScanHelper   ][889732]: ~~~     "rxActiveLanes": 1,
[16:48:29:728][  info  ][  ScanHelper   ][889732]: ~~~     "rxPolarity": 65535,
[16:48:29:728][  info  ][  ScanHelper   ][889732]: ~~~     "specNum": 0,
[16:48:29:728][  info  ][  ScanHelper   ][889732]: ~~~     "spiConfig": 541200,
[16:48:29:728][  info  ][  ScanHelper   ][889732]: ~~~     "sync": {
[16:48:29:728][  info  ][  ScanHelper   ][889732]: ~~~         "interval": 16,
[16:48:29:728][  info  ][  ScanHelper   ][889732]: ~~~         "word": 2172551550
[16:48:29:728][  info  ][  ScanHelper   ][889732]: ~~~     },
[16:48:29:728][  info  ][  ScanHelper   ][889732]: ~~~     "txPolarity": 0
[16:48:29:728][  info  ][  ScanHelper   ][889732]: ~~~ }
[16:48:29:728][  info  ][  ScanConsole  ][889732]: [1;31m#######################[0m
[16:48:29:728][  info  ][  ScanConsole  ][889732]: [1;31m##  Loading Configs  ##[0m
[16:48:29:728][  info  ][  ScanConsole  ][889732]: [1;31m#######################[0m
[16:48:29:728][  info  ][  ScanHelper   ][889732]: Chip type: RD53B
[16:48:29:728][  info  ][  ScanHelper   ][889732]: Chip count 4
[16:48:29:728][  info  ][  ScanHelper   ][889732]: Loading chip config #0
[16:48:29:728][  info  ][  Bookkeeper   ][889732]: Added FE: Tx(0), Rx(2), RegRx(2) under ID 0
[16:48:29:728][ error  ][Rd53bGlobalCfg ][889732]: Could not find register "AiRegionRow" using default!
[16:48:29:728][ error  ][Rd53bGlobalCfg ][889732]: Could not find register "AuroraCBSend" using default!
[16:48:29:728][ error  ][Rd53bGlobalCfg ][889732]: Could not find register "AuroraCBWait0" using default!
[16:48:29:728][ error  ][Rd53bGlobalCfg ][889732]: Could not find register "AuroraCBWait1" using default!
[16:48:29:728][ error  ][Rd53bGlobalCfg ][889732]: Could not find register "AuroraCCSend" using default!
[16:48:29:728][ error  ][Rd53bGlobalCfg ][889732]: Could not find register "AuroraCCWait" using default!
[16:48:29:728][ error  ][Rd53bGlobalCfg ][889732]: Could not find register "AuroraEnPrbs" using default!
[16:48:29:728][ error  ][Rd53bGlobalCfg ][889732]: Could not find register "AuroraInitWait" using default!
[16:48:29:728][ error  ][Rd53bGlobalCfg ][889732]: Could not find register "AutoRead0" using default!
[16:48:29:728][ error  ][Rd53bGlobalCfg ][889732]: Could not find register "AutoRead1" using default!
[16:48:29:728][ error  ][Rd53bGlobalCfg ][889732]: Could not find register "AutoRead2" using default!
[16:48:29:728][ error  ][Rd53bGlobalCfg ][889732]: Could not find register "AutoRead3" using default!
[16:48:29:728][ error  ][Rd53bGlobalCfg ][889732]: Could not find register "AutoRead4" using default!
[16:48:29:728][ error  ][Rd53bGlobalCfg ][889732]: Could not find register "AutoRead5" using default!
[16:48:29:728][ error  ][Rd53bGlobalCfg ][889732]: Could not find register "AutoRead6" using default!
[16:48:29:728][ error  ][Rd53bGlobalCfg ][889732]: Could not find register "AutoRead7" using default!
[16:48:29:728][ error  ][Rd53bGlobalCfg ][889732]: Could not find register "BcidCnt" using default!
[16:48:29:728][ error  ][Rd53bGlobalCfg ][889732]: Could not find register "BitFlipErrCnt" using default!
[16:48:29:728][ error  ][Rd53bGlobalCfg ][889732]: Could not find register "BitFlipWngCnt" using default!
[16:48:29:728][ error  ][Rd53bGlobalCfg ][889732]: Could not find register "CapMeasEn" using default!
[16:48:29:728][ error  ][Rd53bGlobalCfg ][889732]: Could not find register "CapMeasEnPar" using default!
[16:48:29:728][ error  ][Rd53bGlobalCfg ][889732]: Could not find register "CdrCp" using default!
[16:48:29:728][ error  ][Rd53bGlobalCfg ][889732]: Could not find register "CdrCpBuff" using default!
[16:48:29:728][ error  ][Rd53bGlobalCfg ][889732]: Could not find register "CdrCpFd" using default!
[16:48:29:728][ error  ][Rd53bGlobalCfg ][889732]: Could not find register "CdrOverwriteLimit" using default!
[16:48:29:728][ error  ][Rd53bGlobalCfg ][889732]: Could not find register "CdrPhaseDetSel" using default!
[16:48:29:728][ error  ][Rd53bGlobalCfg ][889732]: Could not find register "CdrVco" using default!
[16:48:29:728][ error  ][Rd53bGlobalCfg ][889732]: Could not find register "CdrVcoBuff" using default!
[16:48:29:728][ error  ][Rd53bGlobalCfg ][889732]: Could not find register "ChSyncLockThr" using default!
[16:48:29:728][ error  ][Rd53bGlobalCfg ][889732]: Could not find register "CmdErrCnt" using default!
[16:48:29:728][ error  ][Rd53bGlobalCfg ][889732]: Could not find register "DataEnBcid" using default!
[16:48:29:728][ error  ][Rd53bGlobalCfg ][889732]: Could not find register "DataEnBinaryRo" using default!
[16:48:29:728][ error  ][Rd53bGlobalCfg ][889732]: Could not find register "DataEnEos" using default!
[16:48:29:728][ error  ][Rd53bGlobalCfg ][889732]: Could not find register "DataEnHitRemoval" using default!
[16:48:29:728][ error  ][Rd53bGlobalCfg ][889732]: Could not find register "DataEnIsoHitRemoval" using default!
[16:48:29:728][ error  ][Rd53bGlobalCfg ][889732]: Could not find register "DataEnL1id" using default!
[16:48:29:728][ error  ][Rd53bGlobalCfg ][889732]: Could not find register "DataEnRaw" using default!
[16:48:29:728][ error  ][Rd53bGlobalCfg ][889732]: Could not find register "DataMaxHits" using default!
[16:48:29:728][ error  ][Rd53bGlobalCfg ][889732]: Could not find register "DataMaxTot" using default!
[16:48:29:728][ error  ][Rd53bGlobalCfg ][889732]: Could not find register "DataMergeEn" using default!
[16:48:29:728][ error  ][Rd53bGlobalCfg ][889732]: Could not find register "DataMergeEnBond" using default!
[16:48:29:728][ error  ][Rd53bGlobalCfg ][889732]: Could not find register "DataMergeEnClkGate" using default!
[16:48:29:728][ error  ][Rd53bGlobalCfg ][889732]: Could not find register "DataMergeInMux0" using default!
[16:48:29:728][ error  ][Rd53bGlobalCfg ][889732]: Could not find register "DataMergeInMux1" using default!
[16:48:29:728][ error  ][Rd53bGlobalCfg ][889732]: Could not find register "DataMergeInMux2" using default!
[16:48:29:728][ error  ][Rd53bGlobalCfg ][889732]: Could not find register "DataMergeInMux3" using default!
[16:48:29:728][ error  ][Rd53bGlobalCfg ][889732]: Could not find register "DataMergeInPol" using default!
[16:48:29:728][ error  ][Rd53bGlobalCfg ][889732]: Could not find register "DataMergeSelClk" using default!
[16:48:29:728][ error  ][Rd53bGlobalCfg ][889732]: Could not find register "DataReadDelay" using default!
[16:48:29:728][ error  ][Rd53bGlobalCfg ][889732]: Could not find register "DiffComp" using default!
[16:48:29:728][ error  ][Rd53bGlobalCfg ][889732]: Could not find register "DiffFbCapEn" using default!
[16:48:29:728][ error  ][Rd53bGlobalCfg ][889732]: Could not find register "DiffTh1L" using default!
[16:48:29:728][ error  ][Rd53bGlobalCfg ][889732]: Could not find register "DiffTh1M" using default!
[16:48:29:728][ error  ][Rd53bGlobalCfg ][889732]: Could not find register "DiffTh1R" using default!
[16:48:29:728][ error  ][Rd53bGlobalCfg ][889732]: Could not find register "DiffTh2" using default!
[16:48:29:728][ error  ][Rd53bGlobalCfg ][889732]: Could not find register "EfuseConfig" using default!
[16:48:29:728][ error  ][Rd53bGlobalCfg ][889732]: Could not find register "EfuseReadData0" using default!
[16:48:29:728][ error  ][Rd53bGlobalCfg ][889732]: Could not find register "EfuseReadData1" using default!
[16:48:29:728][ error  ][Rd53bGlobalCfg ][889732]: Could not find register "EfuseWriteData0" using default!
[16:48:29:728][ error  ][Rd53bGlobalCfg ][889732]: Could not find register "EfuseWriteData1" using default!
[16:48:29:728][ error  ][Rd53bGlobalCfg ][889732]: Could not find register "EnChipId" using default!
[16:48:29:728][ error  ][Rd53bGlobalCfg ][889732]: Could not find register "EnCoreColCal0" using default!
[16:48:29:728][ error  ][Rd53bGlobalCfg ][889732]: Could not find register "EnCoreColCal1" using default!
[16:48:29:728][ error  ][Rd53bGlobalCfg ][889732]: Could not find register "EnCoreColCal2" using default!
[16:48:29:728][ error  ][Rd53bGlobalCfg ][889732]: Could not find register "EnCoreColCal3" using default!
[16:48:29:728][ error  ][Rd53bGlobalCfg ][889732]: Could not find register "ErrWngMask" using default!
[16:48:29:728][ error  ][Rd53bGlobalCfg ][889732]: Could not find register "EvenMask" using default!
[16:48:29:728][ error  ][Rd53bGlobalCfg ][889732]: Could not find register "FineDelayClk" using default!
[16:48:29:728][ error  ][Rd53bGlobalCfg ][889732]: Could not find register "FineDelayData" using default!
[16:48:29:728][ error  ][Rd53bGlobalCfg ][889732]: Could not find register "GcrDefaultConfig" using default!
[16:48:29:728][ error  ][Rd53bGlobalCfg ][889732]: Could not find register "GcrDefaultConfigB" using default!
[16:48:29:728][ error  ][Rd53bGlobalCfg ][889732]: Could not find register "GlobalPulseConf" using default!
[16:48:29:728][ error  ][Rd53bGlobalCfg ][889732]: Could not find register "GlobalPulseWidth" using default!
[16:48:29:728][ error  ][Rd53bGlobalCfg ][889732]: Could not find register "GpCmosDs" using default!
[16:48:29:728][ error  ][Rd53bGlobalCfg ][889732]: Could not find register "GpCmosEn" using default!
[16:48:29:728][ error  ][Rd53bGlobalCfg ][889732]: Could not find register "GpCmosRoute" using default!
[16:48:29:728][ error  ][Rd53bGlobalCfg ][889732]: Could not find register "GpLvdsBias" using default!
[16:48:29:728][ error  ][Rd53bGlobalCfg ][889732]: Could not find register "GpLvdsEn" using default!
[16:48:29:728][ error  ][Rd53bGlobalCfg ][889732]: Could not find register "GpLvdsPad0" using default!
[16:48:29:728][ error  ][Rd53bGlobalCfg ][889732]: Could not find register "GpLvdsPad1" using default!
[16:48:29:728][ error  ][Rd53bGlobalCfg ][889732]: Could not find register "GpLvdsPad2" using default!
[16:48:29:728][ error  ][Rd53bGlobalCfg ][889732]: Could not find register "GpLvdsPad3" using default!
[16:48:29:728][ error  ][Rd53bGlobalCfg ][889732]: Could not find register "GpValReg" using default!
[16:48:29:728][ error  ][Rd53bGlobalCfg ][889732]: Could not find register "HitOrCnt0" using default!
[16:48:29:728][ error  ][Rd53bGlobalCfg ][889732]: Could not find register "HitOrCnt1" using default!
[16:48:29:728][ error  ][Rd53bGlobalCfg ][889732]: Could not find register "HitOrCnt2" using default!
[16:48:29:728][ error  ][Rd53bGlobalCfg ][889732]: Could not find register "HitOrCnt3" using default!
[16:48:29:728][ error  ][Rd53bGlobalCfg ][889732]: Could not find register "HitOrMask0" using default!
[16:48:29:728][ error  ][Rd53bGlobalCfg ][889732]: Could not find register "HitOrMask1" using default!
[16:48:29:728][ error  ][Rd53bGlobalCfg ][889732]: Could not find register "HitOrMask2" using default!
[16:48:29:728][ error  ][Rd53bGlobalCfg ][889732]: Could not find register "HitOrMask3" using default!
[16:48:29:728][ error  ][Rd53bGlobalCfg ][889732]: Could not find register "InjAnaMode" using default!
[16:48:29:728][ error  ][Rd53bGlobalCfg ][889732]: Could not find register "InjDigEn" using default!
[16:48:29:728][ error  ][Rd53bGlobalCfg ][889732]: Could not find register "InjFineDelay" using default!
[16:48:29:728][ error  ][Rd53bGlobalCfg ][889732]: Could not find register "InjVcalHigh" using default!
[16:48:29:728][ error  ][Rd53bGlobalCfg ][889732]: Could not find register "InjVcalMed" using default!
[16:48:29:728][ error  ][Rd53bGlobalCfg ][889732]: Could not find register "InjVcalRange" using default!
[16:48:29:728][ error  ][Rd53bGlobalCfg ][889732]: Could not find register "Latency" using default!
[16:48:29:728][ error  ][Rd53bGlobalCfg ][889732]: Could not find register "LinComp" using default!
[16:48:29:728][ error  ][Rd53bGlobalCfg ][889732]: Could not find register "LinCompTa" using default!
[16:48:29:728][ error  ][Rd53bGlobalCfg ][889732]: Could not find register "LinFc" using default!
[16:48:29:728][ error  ][Rd53bGlobalCfg ][889732]: Could not find register "LinGdacL" using default!
[16:48:29:728][ error  ][Rd53bGlobalCfg ][889732]: Could not find register "LinGdacM" using default!
[16:48:29:728][ error  ][Rd53bGlobalCfg ][889732]: Could not find register "LinGdacR" using default!
[16:48:29:728][ error  ][Rd53bGlobalCfg ][889732]: Could not find register "LinKrumCurr" using default!
[16:48:29:728][ error  ][Rd53bGlobalCfg ][889732]: Could not find register "LinLdac" using default!
[16:48:29:728][ error  ][Rd53bGlobalCfg ][889732]: Could not find register "LinPreampL" using default!
[16:48:29:728][ error  ][Rd53bGlobalCfg ][889732]: Could not find register "LinPreampM" using default!
[16:48:29:728][ error  ][Rd53bGlobalCfg ][889732]: Could not find register "LinPreampR" using default!
[16:48:29:728][ error  ][Rd53bGlobalCfg ][889732]: Could not find register "LinPreampT" using default!
[16:48:29:728][ error  ][Rd53bGlobalCfg ][889732]: Could not find register "LinPreampTL" using default!
[16:48:29:728][ error  ][Rd53bGlobalCfg ][889732]: Could not find register "LinPreampTR" using default!
[16:48:29:728][ error  ][Rd53bGlobalCfg ][889732]: Could not find register "LinRefKrum" using default!
[16:48:29:728][ error  ][Rd53bGlobalCfg ][889732]: Could not find register "LockLossCnt" using default!
[16:48:29:728][ error  ][Rd53bGlobalCfg ][889732]: Could not find register "MonAdcTrim" using default!
[16:48:29:728][ error  ][Rd53bGlobalCfg ][889732]: Could not find register "MonSensAcbDem" using default!
[16:48:29:728][ error  ][Rd53bGlobalCfg ][889732]: Could not find register "MonSensAcbEn" using default!
[16:48:29:728][ error  ][Rd53bGlobalCfg ][889732]: Could not find register "MonSensAcbSelBias" using default!
[16:48:29:728][ error  ][Rd53bGlobalCfg ][889732]: Could not find register "MonSensSldoAnaDem" using default!
[16:48:29:728][ error  ][Rd53bGlobalCfg ][889732]: Could not find register "MonSensSldoAnaEn" using default!
[16:48:29:728][ error  ][Rd53bGlobalCfg ][889732]: Could not find register "MonSensSldoAnaSelBias" using default!
[16:48:29:728][ error  ][Rd53bGlobalCfg ][889732]: Could not find register "MonSensSldoDigDem" using default!
[16:48:29:728][ error  ][Rd53bGlobalCfg ][889732]: Could not find register "MonSensSldoDigEn" using default!
[16:48:29:728][ error  ][Rd53bGlobalCfg ][889732]: Could not find register "MonSensSldoDigSelBias" using default!
[16:48:29:728][ error  ][Rd53bGlobalCfg ][889732]: Could not find register "MonitoringDataAdc" using default!
[16:48:29:728][ error  ][Rd53bGlobalCfg ][889732]: Could not find register "NtcDac" using default!
[16:48:29:728][ error  ][Rd53bGlobalCfg ][889732]: Could not find register "NumOfEventsInStream" using default!
[16:48:29:728][ error  ][Rd53bGlobalCfg ][889732]: Could not find register "OddMask" using default!
[16:48:29:728][ error  ][Rd53bGlobalCfg ][889732]: Could not find register "PixAutoRow" using default!
[16:48:29:728][ error  ][Rd53bGlobalCfg ][889732]: Could not find register "PixBroadcast" using default!
[16:48:29:728][ error  ][Rd53bGlobalCfg ][889732]: Could not find register "PixConfMode" using default!
[16:48:29:728][ error  ][Rd53bGlobalCfg ][889732]: Could not find register "PixDefaultConfig" using default!
[16:48:29:728][ error  ][Rd53bGlobalCfg ][889732]: Could not find register "PixDefaultConfigB" using default!
[16:48:29:728][ error  ][Rd53bGlobalCfg ][889732]: Could not find register "PixPortal" using default!
[16:48:29:728][ error  ][Rd53bGlobalCfg ][889732]: Could not find register "PixRegionCol" using default!
[16:48:29:728][ error  ][Rd53bGlobalCfg ][889732]: Could not find register "PixRegionRow" using default!
[16:48:29:728][ error  ][Rd53bGlobalCfg ][889732]: Could not find register "PtotCoreColEn0" using default!
[16:48:29:728][ error  ][Rd53bGlobalCfg ][889732]: Could not find register "PtotCoreColEn1" using default!
[16:48:29:728][ error  ][Rd53bGlobalCfg ][889732]: Could not find register "PtotCoreColEn2" using default!
[16:48:29:728][ error  ][Rd53bGlobalCfg ][889732]: Could not find register "PtotCoreColEn3" using default!
[16:48:29:728][ error  ][Rd53bGlobalCfg ][889732]: Could not find register "RdWrFifoErrCnt" using default!
[16:48:29:728][ error  ][Rd53bGlobalCfg ][889732]: Could not find register "ReadTrigCnt" using default!
[16:48:29:728][ error  ][Rd53bGlobalCfg ][889732]: Could not find register "ReadTrigLatency" using default!
[16:48:29:728][ error  ][Rd53bGlobalCfg ][889732]: Could not find register "RingOscAClear" using default!
[16:48:29:728][ error  ][Rd53bGlobalCfg ][889732]: Could not find register "RingOscAEn" using default!
[16:48:29:728][ error  ][Rd53bGlobalCfg ][889732]: Could not find register "RingOscAOut" using default!
[16:48:29:728][ error  ][Rd53bGlobalCfg ][889732]: Could not find register "RingOscARoute" using default!
[16:48:29:728][ error  ][Rd53bGlobalCfg ][889732]: Could not find register "RingOscBClear" using default!
[16:48:29:728][ error  ][Rd53bGlobalCfg ][889732]: Could not find register "RingOscBEnBl" using default!
[16:48:29:728][ error  ][Rd53bGlobalCfg ][889732]: Could not find register "RingOscBEnBr" using default!
[16:48:29:728][ error  ][Rd53bGlobalCfg ][889732]: Could not find register "RingOscBEnCapA" using default!
[16:48:29:728][ error  ][Rd53bGlobalCfg ][889732]: Could not find register "RingOscBEnFf" using default!
[16:48:29:728][ error  ][Rd53bGlobalCfg ][889732]: Could not find register "RingOscBEnLvt" using default!
[16:48:29:728][ error  ][Rd53bGlobalCfg ][889732]: Could not find register "RingOscBOut" using default!
[16:48:29:728][ error  ][Rd53bGlobalCfg ][889732]: Could not find register "RingOscBRoute" using default!
[16:48:29:728][ error  ][Rd53bGlobalCfg ][889732]: Could not find register "RstCoreCol0" using default!
[16:48:29:728][ error  ][Rd53bGlobalCfg ][889732]: Could not find register "RstCoreCol1" using default!
[16:48:29:728][ error  ][Rd53bGlobalCfg ][889732]: Could not find register "RstCoreCol2" using default!
[16:48:29:728][ error  ][Rd53bGlobalCfg ][889732]: Could not find register "RstCoreCol3" using default!
[16:48:29:728][ error  ][Rd53bGlobalCfg ][889732]: Could not find register "SelfTrigDelay" using default!
[16:48:29:728][ error  ][Rd53bGlobalCfg ][889732]: Could not find register "SelfTrigDigThr" using default!
[16:48:29:728][ error  ][Rd53bGlobalCfg ][889732]: Could not find register "SelfTrigDigThrEn" using default!
[16:48:29:728][ error  ][Rd53bGlobalCfg ][889732]: Could not find register "SelfTrigEn" using default!
[16:48:29:728][ error  ][Rd53bGlobalCfg ][889732]: Could not find register "SelfTrigMulti" using default!
[16:48:29:728][ error  ][Rd53bGlobalCfg ][889732]: Could not find register "SelfTrigPattern" using default!
[16:48:29:728][ error  ][Rd53bGlobalCfg ][889732]: Could not find register "SkippedTrigCnt" using default!
[16:48:29:728][ error  ][Rd53bGlobalCfg ][889732]: Could not find register "SldoEnUndershuntA" using default!
[16:48:29:728][ error  ][Rd53bGlobalCfg ][889732]: Could not find register "SldoEnUndershuntD" using default!
[16:48:29:728][ error  ][Rd53bGlobalCfg ][889732]: Could not find register "TotEn6b4b" using default!
[16:48:29:728][ error  ][Rd53bGlobalCfg ][889732]: Could not find register "TotEn80" using default!
[16:48:29:728][ error  ][Rd53bGlobalCfg ][889732]: Could not find register "TotEnPtoa" using default!
[16:48:29:728][ error  ][Rd53bGlobalCfg ][889732]: Could not find register "TotEnPtot" using default!
[16:48:29:728][ error  ][Rd53bGlobalCfg ][889732]: Could not find register "TotPtotLatency" using default!
[16:48:29:728][ error  ][Rd53bGlobalCfg ][889732]: Could not find register "TrigCnt" using default!
[16:48:29:728][ error  ][Rd53bGlobalCfg ][889732]: Could not find register "TruncTimeoutConf" using default!
[16:48:29:728][ error  ][Rd53bGlobalCfg ][889732]: Could not find register "TwoLevelTrig" using default!
[16:48:29:728][ error  ][Rd53bGlobalCfg ][889732]: Could not find register "VrefIn" using default!
[16:48:29:728][ error  ][Rd53bGlobalCfg ][889732]: Could not find register "VrefRsensBot" using default!
[16:48:29:728][ error  ][Rd53bGlobalCfg ][889732]: Could not find register "VrefRsensTop" using default!
[16:48:29:728][ error  ][ Rd53bPixelCfg ][889732]: Could not find pixel registers config, using default!
[16:48:29:728][  info  ][  ScanHelper   ][889732]: Loading chip config #1
[16:48:29:728][  info  ][  Bookkeeper   ][889732]: Added FE: Tx(0), Rx(1), RegRx(1) under ID 1
[16:48:29:729][ error  ][Rd53bGlobalCfg ][889732]: Could not find register "AiRegionRow" using default!
[16:48:29:729][ error  ][Rd53bGlobalCfg ][889732]: Could not find register "AuroraCBSend" using default!
[16:48:29:729][ error  ][Rd53bGlobalCfg ][889732]: Could not find register "AuroraCBWait0" using default!
[16:48:29:729][ error  ][Rd53bGlobalCfg ][889732]: Could not find register "AuroraCBWait1" using default!
[16:48:29:729][ error  ][Rd53bGlobalCfg ][889732]: Could not find register "AuroraCCSend" using default!
[16:48:29:729][ error  ][Rd53bGlobalCfg ][889732]: Could not find register "AuroraCCWait" using default!
[16:48:29:729][ error  ][Rd53bGlobalCfg ][889732]: Could not find register "AuroraEnPrbs" using default!
[16:48:29:729][ error  ][Rd53bGlobalCfg ][889732]: Could not find register "AuroraInitWait" using default!
[16:48:29:729][ error  ][Rd53bGlobalCfg ][889732]: Could not find register "AutoRead0" using default!
[16:48:29:729][ error  ][Rd53bGlobalCfg ][889732]: Could not find register "AutoRead1" using default!
[16:48:29:729][ error  ][Rd53bGlobalCfg ][889732]: Could not find register "AutoRead2" using default!
[16:48:29:729][ error  ][Rd53bGlobalCfg ][889732]: Could not find register "AutoRead3" using default!
[16:48:29:729][ error  ][Rd53bGlobalCfg ][889732]: Could not find register "AutoRead4" using default!
[16:48:29:729][ error  ][Rd53bGlobalCfg ][889732]: Could not find register "AutoRead5" using default!
[16:48:29:729][ error  ][Rd53bGlobalCfg ][889732]: Could not find register "AutoRead6" using default!
[16:48:29:729][ error  ][Rd53bGlobalCfg ][889732]: Could not find register "AutoRead7" using default!
[16:48:29:729][ error  ][Rd53bGlobalCfg ][889732]: Could not find register "BcidCnt" using default!
[16:48:29:729][ error  ][Rd53bGlobalCfg ][889732]: Could not find register "BitFlipErrCnt" using default!
[16:48:29:729][ error  ][Rd53bGlobalCfg ][889732]: Could not find register "BitFlipWngCnt" using default!
[16:48:29:729][ error  ][Rd53bGlobalCfg ][889732]: Could not find register "CapMeasEn" using default!
[16:48:29:729][ error  ][Rd53bGlobalCfg ][889732]: Could not find register "CapMeasEnPar" using default!
[16:48:29:729][ error  ][Rd53bGlobalCfg ][889732]: Could not find register "CdrCp" using default!
[16:48:29:729][ error  ][Rd53bGlobalCfg ][889732]: Could not find register "CdrCpBuff" using default!
[16:48:29:729][ error  ][Rd53bGlobalCfg ][889732]: Could not find register "CdrCpFd" using default!
[16:48:29:729][ error  ][Rd53bGlobalCfg ][889732]: Could not find register "CdrOverwriteLimit" using default!
[16:48:29:729][ error  ][Rd53bGlobalCfg ][889732]: Could not find register "CdrPhaseDetSel" using default!
[16:48:29:729][ error  ][Rd53bGlobalCfg ][889732]: Could not find register "CdrVco" using default!
[16:48:29:729][ error  ][Rd53bGlobalCfg ][889732]: Could not find register "CdrVcoBuff" using default!
[16:48:29:729][ error  ][Rd53bGlobalCfg ][889732]: Could not find register "ChSyncLockThr" using default!
[16:48:29:729][ error  ][Rd53bGlobalCfg ][889732]: Could not find register "CmdErrCnt" using default!
[16:48:29:729][ error  ][Rd53bGlobalCfg ][889732]: Could not find register "DataEnBcid" using default!
[16:48:29:729][ error  ][Rd53bGlobalCfg ][889732]: Could not find register "DataEnBinaryRo" using default!
[16:48:29:729][ error  ][Rd53bGlobalCfg ][889732]: Could not find register "DataEnEos" using default!
[16:48:29:729][ error  ][Rd53bGlobalCfg ][889732]: Could not find register "DataEnHitRemoval" using default!
[16:48:29:729][ error  ][Rd53bGlobalCfg ][889732]: Could not find register "DataEnIsoHitRemoval" using default!
[16:48:29:729][ error  ][Rd53bGlobalCfg ][889732]: Could not find register "DataEnL1id" using default!
[16:48:29:729][ error  ][Rd53bGlobalCfg ][889732]: Could not find register "DataEnRaw" using default!
[16:48:29:729][ error  ][Rd53bGlobalCfg ][889732]: Could not find register "DataMaxHits" using default!
[16:48:29:729][ error  ][Rd53bGlobalCfg ][889732]: Could not find register "DataMaxTot" using default!
[16:48:29:729][ error  ][Rd53bGlobalCfg ][889732]: Could not find register "DataMergeEn" using default!
[16:48:29:729][ error  ][Rd53bGlobalCfg ][889732]: Could not find register "DataMergeEnBond" using default!
[16:48:29:729][ error  ][Rd53bGlobalCfg ][889732]: Could not find register "DataMergeEnClkGate" using default!
[16:48:29:729][ error  ][Rd53bGlobalCfg ][889732]: Could not find register "DataMergeInMux0" using default!
[16:48:29:729][ error  ][Rd53bGlobalCfg ][889732]: Could not find register "DataMergeInMux1" using default!
[16:48:29:729][ error  ][Rd53bGlobalCfg ][889732]: Could not find register "DataMergeInMux2" using default!
[16:48:29:729][ error  ][Rd53bGlobalCfg ][889732]: Could not find register "DataMergeInMux3" using default!
[16:48:29:729][ error  ][Rd53bGlobalCfg ][889732]: Could not find register "DataMergeInPol" using default!
[16:48:29:729][ error  ][Rd53bGlobalCfg ][889732]: Could not find register "DataMergeSelClk" using default!
[16:48:29:729][ error  ][Rd53bGlobalCfg ][889732]: Could not find register "DataReadDelay" using default!
[16:48:29:729][ error  ][Rd53bGlobalCfg ][889732]: Could not find register "DiffComp" using default!
[16:48:29:729][ error  ][Rd53bGlobalCfg ][889732]: Could not find register "DiffFbCapEn" using default!
[16:48:29:729][ error  ][Rd53bGlobalCfg ][889732]: Could not find register "DiffTh1L" using default!
[16:48:29:729][ error  ][Rd53bGlobalCfg ][889732]: Could not find register "DiffTh1M" using default!
[16:48:29:729][ error  ][Rd53bGlobalCfg ][889732]: Could not find register "DiffTh1R" using default!
[16:48:29:729][ error  ][Rd53bGlobalCfg ][889732]: Could not find register "DiffTh2" using default!
[16:48:29:729][ error  ][Rd53bGlobalCfg ][889732]: Could not find register "EfuseConfig" using default!
[16:48:29:729][ error  ][Rd53bGlobalCfg ][889732]: Could not find register "EfuseReadData0" using default!
[16:48:29:729][ error  ][Rd53bGlobalCfg ][889732]: Could not find register "EfuseReadData1" using default!
[16:48:29:729][ error  ][Rd53bGlobalCfg ][889732]: Could not find register "EfuseWriteData0" using default!
[16:48:29:729][ error  ][Rd53bGlobalCfg ][889732]: Could not find register "EfuseWriteData1" using default!
[16:48:29:729][ error  ][Rd53bGlobalCfg ][889732]: Could not find register "EnChipId" using default!
[16:48:29:729][ error  ][Rd53bGlobalCfg ][889732]: Could not find register "EnCoreColCal0" using default!
[16:48:29:729][ error  ][Rd53bGlobalCfg ][889732]: Could not find register "EnCoreColCal1" using default!
[16:48:29:729][ error  ][Rd53bGlobalCfg ][889732]: Could not find register "EnCoreColCal2" using default!
[16:48:29:729][ error  ][Rd53bGlobalCfg ][889732]: Could not find register "EnCoreColCal3" using default!
[16:48:29:729][ error  ][Rd53bGlobalCfg ][889732]: Could not find register "ErrWngMask" using default!
[16:48:29:729][ error  ][Rd53bGlobalCfg ][889732]: Could not find register "EvenMask" using default!
[16:48:29:729][ error  ][Rd53bGlobalCfg ][889732]: Could not find register "FineDelayClk" using default!
[16:48:29:729][ error  ][Rd53bGlobalCfg ][889732]: Could not find register "FineDelayData" using default!
[16:48:29:729][ error  ][Rd53bGlobalCfg ][889732]: Could not find register "GcrDefaultConfig" using default!
[16:48:29:729][ error  ][Rd53bGlobalCfg ][889732]: Could not find register "GcrDefaultConfigB" using default!
[16:48:29:729][ error  ][Rd53bGlobalCfg ][889732]: Could not find register "GlobalPulseConf" using default!
[16:48:29:729][ error  ][Rd53bGlobalCfg ][889732]: Could not find register "GlobalPulseWidth" using default!
[16:48:29:729][ error  ][Rd53bGlobalCfg ][889732]: Could not find register "GpCmosDs" using default!
[16:48:29:729][ error  ][Rd53bGlobalCfg ][889732]: Could not find register "GpCmosEn" using default!
[16:48:29:729][ error  ][Rd53bGlobalCfg ][889732]: Could not find register "GpCmosRoute" using default!
[16:48:29:729][ error  ][Rd53bGlobalCfg ][889732]: Could not find register "GpLvdsBias" using default!
[16:48:29:729][ error  ][Rd53bGlobalCfg ][889732]: Could not find register "GpLvdsEn" using default!
[16:48:29:729][ error  ][Rd53bGlobalCfg ][889732]: Could not find register "GpLvdsPad0" using default!
[16:48:29:729][ error  ][Rd53bGlobalCfg ][889732]: Could not find register "GpLvdsPad1" using default!
[16:48:29:729][ error  ][Rd53bGlobalCfg ][889732]: Could not find register "GpLvdsPad2" using default!
[16:48:29:729][ error  ][Rd53bGlobalCfg ][889732]: Could not find register "GpLvdsPad3" using default!
[16:48:29:729][ error  ][Rd53bGlobalCfg ][889732]: Could not find register "GpValReg" using default!
[16:48:29:729][ error  ][Rd53bGlobalCfg ][889732]: Could not find register "HitOrCnt0" using default!
[16:48:29:729][ error  ][Rd53bGlobalCfg ][889732]: Could not find register "HitOrCnt1" using default!
[16:48:29:729][ error  ][Rd53bGlobalCfg ][889732]: Could not find register "HitOrCnt2" using default!
[16:48:29:729][ error  ][Rd53bGlobalCfg ][889732]: Could not find register "HitOrCnt3" using default!
[16:48:29:729][ error  ][Rd53bGlobalCfg ][889732]: Could not find register "HitOrMask0" using default!
[16:48:29:729][ error  ][Rd53bGlobalCfg ][889732]: Could not find register "HitOrMask1" using default!
[16:48:29:729][ error  ][Rd53bGlobalCfg ][889732]: Could not find register "HitOrMask2" using default!
[16:48:29:729][ error  ][Rd53bGlobalCfg ][889732]: Could not find register "HitOrMask3" using default!
[16:48:29:729][ error  ][Rd53bGlobalCfg ][889732]: Could not find register "InjAnaMode" using default!
[16:48:29:729][ error  ][Rd53bGlobalCfg ][889732]: Could not find register "InjDigEn" using default!
[16:48:29:729][ error  ][Rd53bGlobalCfg ][889732]: Could not find register "InjFineDelay" using default!
[16:48:29:729][ error  ][Rd53bGlobalCfg ][889732]: Could not find register "InjVcalHigh" using default!
[16:48:29:729][ error  ][Rd53bGlobalCfg ][889732]: Could not find register "InjVcalMed" using default!
[16:48:29:729][ error  ][Rd53bGlobalCfg ][889732]: Could not find register "InjVcalRange" using default!
[16:48:29:729][ error  ][Rd53bGlobalCfg ][889732]: Could not find register "Latency" using default!
[16:48:29:729][ error  ][Rd53bGlobalCfg ][889732]: Could not find register "LinComp" using default!
[16:48:29:729][ error  ][Rd53bGlobalCfg ][889732]: Could not find register "LinCompTa" using default!
[16:48:29:729][ error  ][Rd53bGlobalCfg ][889732]: Could not find register "LinFc" using default!
[16:48:29:729][ error  ][Rd53bGlobalCfg ][889732]: Could not find register "LinGdacL" using default!
[16:48:29:729][ error  ][Rd53bGlobalCfg ][889732]: Could not find register "LinGdacM" using default!
[16:48:29:729][ error  ][Rd53bGlobalCfg ][889732]: Could not find register "LinGdacR" using default!
[16:48:29:729][ error  ][Rd53bGlobalCfg ][889732]: Could not find register "LinKrumCurr" using default!
[16:48:29:729][ error  ][Rd53bGlobalCfg ][889732]: Could not find register "LinLdac" using default!
[16:48:29:729][ error  ][Rd53bGlobalCfg ][889732]: Could not find register "LinPreampL" using default!
[16:48:29:729][ error  ][Rd53bGlobalCfg ][889732]: Could not find register "LinPreampM" using default!
[16:48:29:729][ error  ][Rd53bGlobalCfg ][889732]: Could not find register "LinPreampR" using default!
[16:48:29:729][ error  ][Rd53bGlobalCfg ][889732]: Could not find register "LinPreampT" using default!
[16:48:29:729][ error  ][Rd53bGlobalCfg ][889732]: Could not find register "LinPreampTL" using default!
[16:48:29:729][ error  ][Rd53bGlobalCfg ][889732]: Could not find register "LinPreampTR" using default!
[16:48:29:729][ error  ][Rd53bGlobalCfg ][889732]: Could not find register "LinRefKrum" using default!
[16:48:29:729][ error  ][Rd53bGlobalCfg ][889732]: Could not find register "LockLossCnt" using default!
[16:48:29:729][ error  ][Rd53bGlobalCfg ][889732]: Could not find register "MonAdcTrim" using default!
[16:48:29:729][ error  ][Rd53bGlobalCfg ][889732]: Could not find register "MonSensAcbDem" using default!
[16:48:29:729][ error  ][Rd53bGlobalCfg ][889732]: Could not find register "MonSensAcbEn" using default!
[16:48:29:729][ error  ][Rd53bGlobalCfg ][889732]: Could not find register "MonSensAcbSelBias" using default!
[16:48:29:729][ error  ][Rd53bGlobalCfg ][889732]: Could not find register "MonSensSldoAnaDem" using default!
[16:48:29:729][ error  ][Rd53bGlobalCfg ][889732]: Could not find register "MonSensSldoAnaEn" using default!
[16:48:29:729][ error  ][Rd53bGlobalCfg ][889732]: Could not find register "MonSensSldoAnaSelBias" using default!
[16:48:29:729][ error  ][Rd53bGlobalCfg ][889732]: Could not find register "MonSensSldoDigDem" using default!
[16:48:29:729][ error  ][Rd53bGlobalCfg ][889732]: Could not find register "MonSensSldoDigEn" using default!
[16:48:29:729][ error  ][Rd53bGlobalCfg ][889732]: Could not find register "MonSensSldoDigSelBias" using default!
[16:48:29:729][ error  ][Rd53bGlobalCfg ][889732]: Could not find register "MonitoringDataAdc" using default!
[16:48:29:729][ error  ][Rd53bGlobalCfg ][889732]: Could not find register "NtcDac" using default!
[16:48:29:729][ error  ][Rd53bGlobalCfg ][889732]: Could not find register "NumOfEventsInStream" using default!
[16:48:29:729][ error  ][Rd53bGlobalCfg ][889732]: Could not find register "OddMask" using default!
[16:48:29:729][ error  ][Rd53bGlobalCfg ][889732]: Could not find register "PixAutoRow" using default!
[16:48:29:729][ error  ][Rd53bGlobalCfg ][889732]: Could not find register "PixBroadcast" using default!
[16:48:29:729][ error  ][Rd53bGlobalCfg ][889732]: Could not find register "PixConfMode" using default!
[16:48:29:729][ error  ][Rd53bGlobalCfg ][889732]: Could not find register "PixDefaultConfig" using default!
[16:48:29:729][ error  ][Rd53bGlobalCfg ][889732]: Could not find register "PixDefaultConfigB" using default!
[16:48:29:729][ error  ][Rd53bGlobalCfg ][889732]: Could not find register "PixPortal" using default!
[16:48:29:729][ error  ][Rd53bGlobalCfg ][889732]: Could not find register "PixRegionCol" using default!
[16:48:29:729][ error  ][Rd53bGlobalCfg ][889732]: Could not find register "PixRegionRow" using default!
[16:48:29:729][ error  ][Rd53bGlobalCfg ][889732]: Could not find register "PtotCoreColEn0" using default!
[16:48:29:729][ error  ][Rd53bGlobalCfg ][889732]: Could not find register "PtotCoreColEn1" using default!
[16:48:29:729][ error  ][Rd53bGlobalCfg ][889732]: Could not find register "PtotCoreColEn2" using default!
[16:48:29:729][ error  ][Rd53bGlobalCfg ][889732]: Could not find register "PtotCoreColEn3" using default!
[16:48:29:729][ error  ][Rd53bGlobalCfg ][889732]: Could not find register "RdWrFifoErrCnt" using default!
[16:48:29:729][ error  ][Rd53bGlobalCfg ][889732]: Could not find register "ReadTrigCnt" using default!
[16:48:29:729][ error  ][Rd53bGlobalCfg ][889732]: Could not find register "ReadTrigLatency" using default!
[16:48:29:729][ error  ][Rd53bGlobalCfg ][889732]: Could not find register "RingOscAClear" using default!
[16:48:29:729][ error  ][Rd53bGlobalCfg ][889732]: Could not find register "RingOscAEn" using default!
[16:48:29:729][ error  ][Rd53bGlobalCfg ][889732]: Could not find register "RingOscAOut" using default!
[16:48:29:729][ error  ][Rd53bGlobalCfg ][889732]: Could not find register "RingOscARoute" using default!
[16:48:29:729][ error  ][Rd53bGlobalCfg ][889732]: Could not find register "RingOscBClear" using default!
[16:48:29:729][ error  ][Rd53bGlobalCfg ][889732]: Could not find register "RingOscBEnBl" using default!
[16:48:29:729][ error  ][Rd53bGlobalCfg ][889732]: Could not find register "RingOscBEnBr" using default!
[16:48:29:729][ error  ][Rd53bGlobalCfg ][889732]: Could not find register "RingOscBEnCapA" using default!
[16:48:29:729][ error  ][Rd53bGlobalCfg ][889732]: Could not find register "RingOscBEnFf" using default!
[16:48:29:729][ error  ][Rd53bGlobalCfg ][889732]: Could not find register "RingOscBEnLvt" using default!
[16:48:29:729][ error  ][Rd53bGlobalCfg ][889732]: Could not find register "RingOscBOut" using default!
[16:48:29:729][ error  ][Rd53bGlobalCfg ][889732]: Could not find register "RingOscBRoute" using default!
[16:48:29:729][ error  ][Rd53bGlobalCfg ][889732]: Could not find register "RstCoreCol0" using default!
[16:48:29:729][ error  ][Rd53bGlobalCfg ][889732]: Could not find register "RstCoreCol1" using default!
[16:48:29:729][ error  ][Rd53bGlobalCfg ][889732]: Could not find register "RstCoreCol2" using default!
[16:48:29:729][ error  ][Rd53bGlobalCfg ][889732]: Could not find register "RstCoreCol3" using default!
[16:48:29:729][ error  ][Rd53bGlobalCfg ][889732]: Could not find register "SelfTrigDelay" using default!
[16:48:29:729][ error  ][Rd53bGlobalCfg ][889732]: Could not find register "SelfTrigDigThr" using default!
[16:48:29:729][ error  ][Rd53bGlobalCfg ][889732]: Could not find register "SelfTrigDigThrEn" using default!
[16:48:29:729][ error  ][Rd53bGlobalCfg ][889732]: Could not find register "SelfTrigEn" using default!
[16:48:29:729][ error  ][Rd53bGlobalCfg ][889732]: Could not find register "SelfTrigMulti" using default!
[16:48:29:729][ error  ][Rd53bGlobalCfg ][889732]: Could not find register "SelfTrigPattern" using default!
[16:48:29:729][ error  ][Rd53bGlobalCfg ][889732]: Could not find register "SkippedTrigCnt" using default!
[16:48:29:729][ error  ][Rd53bGlobalCfg ][889732]: Could not find register "SldoEnUndershuntA" using default!
[16:48:29:729][ error  ][Rd53bGlobalCfg ][889732]: Could not find register "SldoEnUndershuntD" using default!
[16:48:29:729][ error  ][Rd53bGlobalCfg ][889732]: Could not find register "TotEn6b4b" using default!
[16:48:29:729][ error  ][Rd53bGlobalCfg ][889732]: Could not find register "TotEn80" using default!
[16:48:29:729][ error  ][Rd53bGlobalCfg ][889732]: Could not find register "TotEnPtoa" using default!
[16:48:29:729][ error  ][Rd53bGlobalCfg ][889732]: Could not find register "TotEnPtot" using default!
[16:48:29:729][ error  ][Rd53bGlobalCfg ][889732]: Could not find register "TotPtotLatency" using default!
[16:48:29:729][ error  ][Rd53bGlobalCfg ][889732]: Could not find register "TrigCnt" using default!
[16:48:29:729][ error  ][Rd53bGlobalCfg ][889732]: Could not find register "TruncTimeoutConf" using default!
[16:48:29:729][ error  ][Rd53bGlobalCfg ][889732]: Could not find register "TwoLevelTrig" using default!
[16:48:29:729][ error  ][Rd53bGlobalCfg ][889732]: Could not find register "VrefIn" using default!
[16:48:29:729][ error  ][Rd53bGlobalCfg ][889732]: Could not find register "VrefRsensBot" using default!
[16:48:29:729][ error  ][Rd53bGlobalCfg ][889732]: Could not find register "VrefRsensTop" using default!
[16:48:29:729][ error  ][ Rd53bPixelCfg ][889732]: Could not find pixel registers config, using default!
[16:48:29:729][  info  ][  ScanHelper   ][889732]: Loading chip config #2
[16:48:29:729][  info  ][  Bookkeeper   ][889732]: Added FE: Tx(0), Rx(0), RegRx(0) under ID 2
[16:48:29:729][ error  ][Rd53bGlobalCfg ][889732]: Could not find register "AiRegionRow" using default!
[16:48:29:729][ error  ][Rd53bGlobalCfg ][889732]: Could not find register "AuroraCBSend" using default!
[16:48:29:729][ error  ][Rd53bGlobalCfg ][889732]: Could not find register "AuroraCBWait0" using default!
[16:48:29:729][ error  ][Rd53bGlobalCfg ][889732]: Could not find register "AuroraCBWait1" using default!
[16:48:29:729][ error  ][Rd53bGlobalCfg ][889732]: Could not find register "AuroraCCSend" using default!
[16:48:29:729][ error  ][Rd53bGlobalCfg ][889732]: Could not find register "AuroraCCWait" using default!
[16:48:29:729][ error  ][Rd53bGlobalCfg ][889732]: Could not find register "AuroraEnPrbs" using default!
[16:48:29:729][ error  ][Rd53bGlobalCfg ][889732]: Could not find register "AuroraInitWait" using default!
[16:48:29:729][ error  ][Rd53bGlobalCfg ][889732]: Could not find register "AutoRead0" using default!
[16:48:29:729][ error  ][Rd53bGlobalCfg ][889732]: Could not find register "AutoRead1" using default!
[16:48:29:729][ error  ][Rd53bGlobalCfg ][889732]: Could not find register "AutoRead2" using default!
[16:48:29:729][ error  ][Rd53bGlobalCfg ][889732]: Could not find register "AutoRead3" using default!
[16:48:29:729][ error  ][Rd53bGlobalCfg ][889732]: Could not find register "AutoRead4" using default!
[16:48:29:729][ error  ][Rd53bGlobalCfg ][889732]: Could not find register "AutoRead5" using default!
[16:48:29:729][ error  ][Rd53bGlobalCfg ][889732]: Could not find register "AutoRead6" using default!
[16:48:29:729][ error  ][Rd53bGlobalCfg ][889732]: Could not find register "AutoRead7" using default!
[16:48:29:729][ error  ][Rd53bGlobalCfg ][889732]: Could not find register "BcidCnt" using default!
[16:48:29:729][ error  ][Rd53bGlobalCfg ][889732]: Could not find register "BitFlipErrCnt" using default!
[16:48:29:729][ error  ][Rd53bGlobalCfg ][889732]: Could not find register "BitFlipWngCnt" using default!
[16:48:29:729][ error  ][Rd53bGlobalCfg ][889732]: Could not find register "CapMeasEn" using default!
[16:48:29:729][ error  ][Rd53bGlobalCfg ][889732]: Could not find register "CapMeasEnPar" using default!
[16:48:29:729][ error  ][Rd53bGlobalCfg ][889732]: Could not find register "CdrCp" using default!
[16:48:29:729][ error  ][Rd53bGlobalCfg ][889732]: Could not find register "CdrCpBuff" using default!
[16:48:29:729][ error  ][Rd53bGlobalCfg ][889732]: Could not find register "CdrCpFd" using default!
[16:48:29:729][ error  ][Rd53bGlobalCfg ][889732]: Could not find register "CdrOverwriteLimit" using default!
[16:48:29:729][ error  ][Rd53bGlobalCfg ][889732]: Could not find register "CdrPhaseDetSel" using default!
[16:48:29:729][ error  ][Rd53bGlobalCfg ][889732]: Could not find register "CdrVco" using default!
[16:48:29:729][ error  ][Rd53bGlobalCfg ][889732]: Could not find register "CdrVcoBuff" using default!
[16:48:29:729][ error  ][Rd53bGlobalCfg ][889732]: Could not find register "ChSyncLockThr" using default!
[16:48:29:729][ error  ][Rd53bGlobalCfg ][889732]: Could not find register "CmdErrCnt" using default!
[16:48:29:729][ error  ][Rd53bGlobalCfg ][889732]: Could not find register "DataEnBcid" using default!
[16:48:29:729][ error  ][Rd53bGlobalCfg ][889732]: Could not find register "DataEnBinaryRo" using default!
[16:48:29:729][ error  ][Rd53bGlobalCfg ][889732]: Could not find register "DataEnEos" using default!
[16:48:29:729][ error  ][Rd53bGlobalCfg ][889732]: Could not find register "DataEnHitRemoval" using default!
[16:48:29:729][ error  ][Rd53bGlobalCfg ][889732]: Could not find register "DataEnIsoHitRemoval" using default!
[16:48:29:729][ error  ][Rd53bGlobalCfg ][889732]: Could not find register "DataEnL1id" using default!
[16:48:29:729][ error  ][Rd53bGlobalCfg ][889732]: Could not find register "DataEnRaw" using default!
[16:48:29:729][ error  ][Rd53bGlobalCfg ][889732]: Could not find register "DataMaxHits" using default!
[16:48:29:729][ error  ][Rd53bGlobalCfg ][889732]: Could not find register "DataMaxTot" using default!
[16:48:29:729][ error  ][Rd53bGlobalCfg ][889732]: Could not find register "DataMergeEn" using default!
[16:48:29:729][ error  ][Rd53bGlobalCfg ][889732]: Could not find register "DataMergeEnBond" using default!
[16:48:29:729][ error  ][Rd53bGlobalCfg ][889732]: Could not find register "DataMergeEnClkGate" using default!
[16:48:29:729][ error  ][Rd53bGlobalCfg ][889732]: Could not find register "DataMergeInMux0" using default!
[16:48:29:729][ error  ][Rd53bGlobalCfg ][889732]: Could not find register "DataMergeInMux1" using default!
[16:48:29:729][ error  ][Rd53bGlobalCfg ][889732]: Could not find register "DataMergeInMux2" using default!
[16:48:29:729][ error  ][Rd53bGlobalCfg ][889732]: Could not find register "DataMergeInMux3" using default!
[16:48:29:729][ error  ][Rd53bGlobalCfg ][889732]: Could not find register "DataMergeInPol" using default!
[16:48:29:729][ error  ][Rd53bGlobalCfg ][889732]: Could not find register "DataMergeSelClk" using default!
[16:48:29:729][ error  ][Rd53bGlobalCfg ][889732]: Could not find register "DataReadDelay" using default!
[16:48:29:729][ error  ][Rd53bGlobalCfg ][889732]: Could not find register "DiffComp" using default!
[16:48:29:729][ error  ][Rd53bGlobalCfg ][889732]: Could not find register "DiffFbCapEn" using default!
[16:48:29:729][ error  ][Rd53bGlobalCfg ][889732]: Could not find register "DiffTh1L" using default!
[16:48:29:729][ error  ][Rd53bGlobalCfg ][889732]: Could not find register "DiffTh1M" using default!
[16:48:29:729][ error  ][Rd53bGlobalCfg ][889732]: Could not find register "DiffTh1R" using default!
[16:48:29:729][ error  ][Rd53bGlobalCfg ][889732]: Could not find register "DiffTh2" using default!
[16:48:29:729][ error  ][Rd53bGlobalCfg ][889732]: Could not find register "EfuseConfig" using default!
[16:48:29:729][ error  ][Rd53bGlobalCfg ][889732]: Could not find register "EfuseReadData0" using default!
[16:48:29:729][ error  ][Rd53bGlobalCfg ][889732]: Could not find register "EfuseReadData1" using default!
[16:48:29:729][ error  ][Rd53bGlobalCfg ][889732]: Could not find register "EfuseWriteData0" using default!
[16:48:29:729][ error  ][Rd53bGlobalCfg ][889732]: Could not find register "EfuseWriteData1" using default!
[16:48:29:729][ error  ][Rd53bGlobalCfg ][889732]: Could not find register "EnChipId" using default!
[16:48:29:729][ error  ][Rd53bGlobalCfg ][889732]: Could not find register "EnCoreColCal0" using default!
[16:48:29:729][ error  ][Rd53bGlobalCfg ][889732]: Could not find register "EnCoreColCal1" using default!
[16:48:29:729][ error  ][Rd53bGlobalCfg ][889732]: Could not find register "EnCoreColCal2" using default!
[16:48:29:729][ error  ][Rd53bGlobalCfg ][889732]: Could not find register "EnCoreColCal3" using default!
[16:48:29:729][ error  ][Rd53bGlobalCfg ][889732]: Could not find register "ErrWngMask" using default!
[16:48:29:729][ error  ][Rd53bGlobalCfg ][889732]: Could not find register "EvenMask" using default!
[16:48:29:729][ error  ][Rd53bGlobalCfg ][889732]: Could not find register "FineDelayClk" using default!
[16:48:29:729][ error  ][Rd53bGlobalCfg ][889732]: Could not find register "FineDelayData" using default!
[16:48:29:729][ error  ][Rd53bGlobalCfg ][889732]: Could not find register "GcrDefaultConfig" using default!
[16:48:29:729][ error  ][Rd53bGlobalCfg ][889732]: Could not find register "GcrDefaultConfigB" using default!
[16:48:29:729][ error  ][Rd53bGlobalCfg ][889732]: Could not find register "GlobalPulseConf" using default!
[16:48:29:729][ error  ][Rd53bGlobalCfg ][889732]: Could not find register "GlobalPulseWidth" using default!
[16:48:29:729][ error  ][Rd53bGlobalCfg ][889732]: Could not find register "GpCmosDs" using default!
[16:48:29:729][ error  ][Rd53bGlobalCfg ][889732]: Could not find register "GpCmosEn" using default!
[16:48:29:729][ error  ][Rd53bGlobalCfg ][889732]: Could not find register "GpCmosRoute" using default!
[16:48:29:729][ error  ][Rd53bGlobalCfg ][889732]: Could not find register "GpLvdsBias" using default!
[16:48:29:729][ error  ][Rd53bGlobalCfg ][889732]: Could not find register "GpLvdsEn" using default!
[16:48:29:729][ error  ][Rd53bGlobalCfg ][889732]: Could not find register "GpLvdsPad0" using default!
[16:48:29:729][ error  ][Rd53bGlobalCfg ][889732]: Could not find register "GpLvdsPad1" using default!
[16:48:29:729][ error  ][Rd53bGlobalCfg ][889732]: Could not find register "GpLvdsPad2" using default!
[16:48:29:729][ error  ][Rd53bGlobalCfg ][889732]: Could not find register "GpLvdsPad3" using default!
[16:48:29:729][ error  ][Rd53bGlobalCfg ][889732]: Could not find register "GpValReg" using default!
[16:48:29:729][ error  ][Rd53bGlobalCfg ][889732]: Could not find register "HitOrCnt0" using default!
[16:48:29:729][ error  ][Rd53bGlobalCfg ][889732]: Could not find register "HitOrCnt1" using default!
[16:48:29:729][ error  ][Rd53bGlobalCfg ][889732]: Could not find register "HitOrCnt2" using default!
[16:48:29:729][ error  ][Rd53bGlobalCfg ][889732]: Could not find register "HitOrCnt3" using default!
[16:48:29:729][ error  ][Rd53bGlobalCfg ][889732]: Could not find register "HitOrMask0" using default!
[16:48:29:729][ error  ][Rd53bGlobalCfg ][889732]: Could not find register "HitOrMask1" using default!
[16:48:29:729][ error  ][Rd53bGlobalCfg ][889732]: Could not find register "HitOrMask2" using default!
[16:48:29:729][ error  ][Rd53bGlobalCfg ][889732]: Could not find register "HitOrMask3" using default!
[16:48:29:729][ error  ][Rd53bGlobalCfg ][889732]: Could not find register "InjAnaMode" using default!
[16:48:29:729][ error  ][Rd53bGlobalCfg ][889732]: Could not find register "InjDigEn" using default!
[16:48:29:729][ error  ][Rd53bGlobalCfg ][889732]: Could not find register "InjFineDelay" using default!
[16:48:29:729][ error  ][Rd53bGlobalCfg ][889732]: Could not find register "InjVcalHigh" using default!
[16:48:29:729][ error  ][Rd53bGlobalCfg ][889732]: Could not find register "InjVcalMed" using default!
[16:48:29:729][ error  ][Rd53bGlobalCfg ][889732]: Could not find register "InjVcalRange" using default!
[16:48:29:729][ error  ][Rd53bGlobalCfg ][889732]: Could not find register "Latency" using default!
[16:48:29:729][ error  ][Rd53bGlobalCfg ][889732]: Could not find register "LinComp" using default!
[16:48:29:729][ error  ][Rd53bGlobalCfg ][889732]: Could not find register "LinCompTa" using default!
[16:48:29:729][ error  ][Rd53bGlobalCfg ][889732]: Could not find register "LinFc" using default!
[16:48:29:729][ error  ][Rd53bGlobalCfg ][889732]: Could not find register "LinGdacL" using default!
[16:48:29:729][ error  ][Rd53bGlobalCfg ][889732]: Could not find register "LinGdacM" using default!
[16:48:29:729][ error  ][Rd53bGlobalCfg ][889732]: Could not find register "LinGdacR" using default!
[16:48:29:729][ error  ][Rd53bGlobalCfg ][889732]: Could not find register "LinKrumCurr" using default!
[16:48:29:729][ error  ][Rd53bGlobalCfg ][889732]: Could not find register "LinLdac" using default!
[16:48:29:729][ error  ][Rd53bGlobalCfg ][889732]: Could not find register "LinPreampL" using default!
[16:48:29:729][ error  ][Rd53bGlobalCfg ][889732]: Could not find register "LinPreampM" using default!
[16:48:29:729][ error  ][Rd53bGlobalCfg ][889732]: Could not find register "LinPreampR" using default!
[16:48:29:729][ error  ][Rd53bGlobalCfg ][889732]: Could not find register "LinPreampT" using default!
[16:48:29:729][ error  ][Rd53bGlobalCfg ][889732]: Could not find register "LinPreampTL" using default!
[16:48:29:729][ error  ][Rd53bGlobalCfg ][889732]: Could not find register "LinPreampTR" using default!
[16:48:29:729][ error  ][Rd53bGlobalCfg ][889732]: Could not find register "LinRefKrum" using default!
[16:48:29:729][ error  ][Rd53bGlobalCfg ][889732]: Could not find register "LockLossCnt" using default!
[16:48:29:729][ error  ][Rd53bGlobalCfg ][889732]: Could not find register "MonAdcTrim" using default!
[16:48:29:729][ error  ][Rd53bGlobalCfg ][889732]: Could not find register "MonSensAcbDem" using default!
[16:48:29:729][ error  ][Rd53bGlobalCfg ][889732]: Could not find register "MonSensAcbEn" using default!
[16:48:29:729][ error  ][Rd53bGlobalCfg ][889732]: Could not find register "MonSensAcbSelBias" using default!
[16:48:29:729][ error  ][Rd53bGlobalCfg ][889732]: Could not find register "MonSensSldoAnaDem" using default!
[16:48:29:729][ error  ][Rd53bGlobalCfg ][889732]: Could not find register "MonSensSldoAnaEn" using default!
[16:48:29:729][ error  ][Rd53bGlobalCfg ][889732]: Could not find register "MonSensSldoAnaSelBias" using default!
[16:48:29:729][ error  ][Rd53bGlobalCfg ][889732]: Could not find register "MonSensSldoDigDem" using default!
[16:48:29:729][ error  ][Rd53bGlobalCfg ][889732]: Could not find register "MonSensSldoDigEn" using default!
[16:48:29:729][ error  ][Rd53bGlobalCfg ][889732]: Could not find register "MonSensSldoDigSelBias" using default!
[16:48:29:729][ error  ][Rd53bGlobalCfg ][889732]: Could not find register "MonitoringDataAdc" using default!
[16:48:29:729][ error  ][Rd53bGlobalCfg ][889732]: Could not find register "NtcDac" using default!
[16:48:29:729][ error  ][Rd53bGlobalCfg ][889732]: Could not find register "NumOfEventsInStream" using default!
[16:48:29:729][ error  ][Rd53bGlobalCfg ][889732]: Could not find register "OddMask" using default!
[16:48:29:729][ error  ][Rd53bGlobalCfg ][889732]: Could not find register "PixAutoRow" using default!
[16:48:29:729][ error  ][Rd53bGlobalCfg ][889732]: Could not find register "PixBroadcast" using default!
[16:48:29:729][ error  ][Rd53bGlobalCfg ][889732]: Could not find register "PixConfMode" using default!
[16:48:29:729][ error  ][Rd53bGlobalCfg ][889732]: Could not find register "PixDefaultConfig" using default!
[16:48:29:729][ error  ][Rd53bGlobalCfg ][889732]: Could not find register "PixDefaultConfigB" using default!
[16:48:29:729][ error  ][Rd53bGlobalCfg ][889732]: Could not find register "PixPortal" using default!
[16:48:29:729][ error  ][Rd53bGlobalCfg ][889732]: Could not find register "PixRegionCol" using default!
[16:48:29:729][ error  ][Rd53bGlobalCfg ][889732]: Could not find register "PixRegionRow" using default!
[16:48:29:729][ error  ][Rd53bGlobalCfg ][889732]: Could not find register "PtotCoreColEn0" using default!
[16:48:29:729][ error  ][Rd53bGlobalCfg ][889732]: Could not find register "PtotCoreColEn1" using default!
[16:48:29:729][ error  ][Rd53bGlobalCfg ][889732]: Could not find register "PtotCoreColEn2" using default!
[16:48:29:729][ error  ][Rd53bGlobalCfg ][889732]: Could not find register "PtotCoreColEn3" using default!
[16:48:29:729][ error  ][Rd53bGlobalCfg ][889732]: Could not find register "RdWrFifoErrCnt" using default!
[16:48:29:729][ error  ][Rd53bGlobalCfg ][889732]: Could not find register "ReadTrigCnt" using default!
[16:48:29:729][ error  ][Rd53bGlobalCfg ][889732]: Could not find register "ReadTrigLatency" using default!
[16:48:29:729][ error  ][Rd53bGlobalCfg ][889732]: Could not find register "RingOscAClear" using default!
[16:48:29:729][ error  ][Rd53bGlobalCfg ][889732]: Could not find register "RingOscAEn" using default!
[16:48:29:729][ error  ][Rd53bGlobalCfg ][889732]: Could not find register "RingOscAOut" using default!
[16:48:29:729][ error  ][Rd53bGlobalCfg ][889732]: Could not find register "RingOscARoute" using default!
[16:48:29:729][ error  ][Rd53bGlobalCfg ][889732]: Could not find register "RingOscBClear" using default!
[16:48:29:729][ error  ][Rd53bGlobalCfg ][889732]: Could not find register "RingOscBEnBl" using default!
[16:48:29:729][ error  ][Rd53bGlobalCfg ][889732]: Could not find register "RingOscBEnBr" using default!
[16:48:29:729][ error  ][Rd53bGlobalCfg ][889732]: Could not find register "RingOscBEnCapA" using default!
[16:48:29:729][ error  ][Rd53bGlobalCfg ][889732]: Could not find register "RingOscBEnFf" using default!
[16:48:29:729][ error  ][Rd53bGlobalCfg ][889732]: Could not find register "RingOscBEnLvt" using default!
[16:48:29:729][ error  ][Rd53bGlobalCfg ][889732]: Could not find register "RingOscBOut" using default!
[16:48:29:729][ error  ][Rd53bGlobalCfg ][889732]: Could not find register "RingOscBRoute" using default!
[16:48:29:729][ error  ][Rd53bGlobalCfg ][889732]: Could not find register "RstCoreCol0" using default!
[16:48:29:729][ error  ][Rd53bGlobalCfg ][889732]: Could not find register "RstCoreCol1" using default!
[16:48:29:729][ error  ][Rd53bGlobalCfg ][889732]: Could not find register "RstCoreCol2" using default!
[16:48:29:729][ error  ][Rd53bGlobalCfg ][889732]: Could not find register "RstCoreCol3" using default!
[16:48:29:729][ error  ][Rd53bGlobalCfg ][889732]: Could not find register "SelfTrigDelay" using default!
[16:48:29:729][ error  ][Rd53bGlobalCfg ][889732]: Could not find register "SelfTrigDigThr" using default!
[16:48:29:729][ error  ][Rd53bGlobalCfg ][889732]: Could not find register "SelfTrigDigThrEn" using default!
[16:48:29:729][ error  ][Rd53bGlobalCfg ][889732]: Could not find register "SelfTrigEn" using default!
[16:48:29:729][ error  ][Rd53bGlobalCfg ][889732]: Could not find register "SelfTrigMulti" using default!
[16:48:29:729][ error  ][Rd53bGlobalCfg ][889732]: Could not find register "SelfTrigPattern" using default!
[16:48:29:729][ error  ][Rd53bGlobalCfg ][889732]: Could not find register "SkippedTrigCnt" using default!
[16:48:29:729][ error  ][Rd53bGlobalCfg ][889732]: Could not find register "SldoEnUndershuntA" using default!
[16:48:29:729][ error  ][Rd53bGlobalCfg ][889732]: Could not find register "SldoEnUndershuntD" using default!
[16:48:29:729][ error  ][Rd53bGlobalCfg ][889732]: Could not find register "TotEn6b4b" using default!
[16:48:29:729][ error  ][Rd53bGlobalCfg ][889732]: Could not find register "TotEn80" using default!
[16:48:29:729][ error  ][Rd53bGlobalCfg ][889732]: Could not find register "TotEnPtoa" using default!
[16:48:29:729][ error  ][Rd53bGlobalCfg ][889732]: Could not find register "TotEnPtot" using default!
[16:48:29:729][ error  ][Rd53bGlobalCfg ][889732]: Could not find register "TotPtotLatency" using default!
[16:48:29:729][ error  ][Rd53bGlobalCfg ][889732]: Could not find register "TrigCnt" using default!
[16:48:29:729][ error  ][Rd53bGlobalCfg ][889732]: Could not find register "TruncTimeoutConf" using default!
[16:48:29:729][ error  ][Rd53bGlobalCfg ][889732]: Could not find register "TwoLevelTrig" using default!
[16:48:29:729][ error  ][Rd53bGlobalCfg ][889732]: Could not find register "VrefIn" using default!
[16:48:29:729][ error  ][Rd53bGlobalCfg ][889732]: Could not find register "VrefRsensBot" using default!
[16:48:29:729][ error  ][Rd53bGlobalCfg ][889732]: Could not find register "VrefRsensTop" using default!
[16:48:29:729][ error  ][ Rd53bPixelCfg ][889732]: Could not find pixel registers config, using default!
[16:48:29:729][  info  ][  ScanHelper   ][889732]: Loading chip config #3
[16:48:29:729][warning ][  ScanHelper   ][889732]:  ... chip not enabled, skip config!
[16:48:30:801][  info  ][  ScanConsole  ][889732]: [1;31m#####################[0m
[16:48:30:801][  info  ][  ScanConsole  ][889732]: [1;31m##  Configure FEs  ##[0m
[16:48:30:801][  info  ][  ScanConsole  ][889732]: [1;31m#####################[0m
[16:48:30:801][  info  ][  ScanConsole  ][889732]: Configuring 0x17349
[16:48:31:103][  info  ][  ScanConsole  ][889732]: Configuring 0x17359
[16:48:31:400][  info  ][  ScanConsole  ][889732]: Configuring 0x17379
[16:48:31:700][  info  ][  ScanConsole  ][889732]: Sent configuration to all FEs in 919 ms!
[16:48:31:700][  info  ][     Rd53b     ][889732]: Performing soft reset ...
[16:48:31:702][  info  ][  ScanConsole  ][889732]: Checking com 0x17349
[16:48:31:802][  info  ][    SpecRx     ][889732]: Active Rx channels: 0x4
[16:48:31:802][  info  ][    SpecRx     ][889732]: Active Rx lanes: 0x1
[16:48:31:802][  info  ][    SpecRx     ][889732]: Rx Status 0x7
[16:48:31:802][  info  ][    SpecRx     ][889732]: Number of lanes: 1
[16:48:31:802][  info  ][    SpecRx     ][889732]: Channel 2 Lane 0 synchronized!
[16:48:32:023][  info  ][     Rd53b     ][889732]: Chip serial number obtained from e-fuse data (raw): 0x11734915
[16:48:32:023][  info  ][     Rd53b     ][889732]: Chip serial number obtained from e-fuse data: 0x17349
[16:48:32:023][  info  ][     Rd53b     ][889732]: Matched chip serial number: 0x17349
[16:48:32:023][  info  ][  ScanConsole  ][889732]: ... success!
[16:48:32:023][  info  ][  ScanConsole  ][889732]: Checking com 0x17359
[16:48:32:123][  info  ][    SpecRx     ][889732]: Active Rx channels: 0x2
[16:48:32:123][  info  ][    SpecRx     ][889732]: Active Rx lanes: 0x1
[16:48:32:123][  info  ][    SpecRx     ][889732]: Rx Status 0x7
[16:48:32:123][  info  ][    SpecRx     ][889732]: Number of lanes: 1
[16:48:32:123][  info  ][    SpecRx     ][889732]: Channel 1 Lane 0 synchronized!
[16:48:32:344][  info  ][     Rd53b     ][889732]: Chip serial number obtained from e-fuse data (raw): 0x1173591c
[16:48:32:344][  info  ][     Rd53b     ][889732]: Chip serial number obtained from e-fuse data: 0x17359
[16:48:32:344][  info  ][     Rd53b     ][889732]: Matched chip serial number: 0x17359
[16:48:32:344][  info  ][  ScanConsole  ][889732]: ... success!
[16:48:32:344][  info  ][  ScanConsole  ][889732]: Checking com 0x17379
[16:48:32:445][  info  ][    SpecRx     ][889732]: Active Rx channels: 0x1
[16:48:32:445][  info  ][    SpecRx     ][889732]: Active Rx lanes: 0x1
[16:48:32:445][  info  ][    SpecRx     ][889732]: Rx Status 0x7
[16:48:32:445][  info  ][    SpecRx     ][889732]: Number of lanes: 1
[16:48:32:445][  info  ][    SpecRx     ][889732]: Channel 0 Lane 0 synchronized!
[16:48:32:666][  info  ][     Rd53b     ][889732]: Chip serial number obtained from e-fuse data (raw): 0x11737916
[16:48:32:666][  info  ][     Rd53b     ][889732]: Chip serial number obtained from e-fuse data: 0x17379
[16:48:32:666][  info  ][     Rd53b     ][889732]: Matched chip serial number: 0x17379
[16:48:32:666][  info  ][  ScanConsole  ][889732]: ... success!

[yarr] configure module
KeyboardInterrupt
Deleting temporary files: /tmp/tmpbl_m7e5v
