Running eye-diagram scan...
Result (cleaned): 
[15:51:50:094][  info  ][  eyeDiagram   ]: Init spec
[15:51:50:094][  info  ][    SpecCom    ]: Opening SPEC with id #0
[15:51:50:094][  info  ][    SpecCom    ]: Mapping BARs ...
[15:51:50:094][  info  ][    SpecCom    ]: ... Mapped BAR0 at 0x7f5bb3100000 with size 1048576
[15:51:50:094][  info  ][    SpecCom    ]: ~~~~~~~~~~~~~~~~~~~~~~~~~~~
[15:51:50:094][  info  ][    SpecCom    ]: Firmware Hash: 0x7b14549
[15:51:50:094][  info  ][    SpecCom    ]: Firmware Version: v1.5.0
[15:51:50:094][  info  ][    SpecCom    ]: Firmware Identifier: 0x2030242
[15:51:50:094][  info  ][    SpecCom    ]: FPGA card: Trenz TEF1001_R2
[15:51:50:094][  info  ][    SpecCom    ]: FE Chip Type: RD53A/B/C
[15:51:50:094][  info  ][    SpecCom    ]: FMC Card Type: Ohio Card (Display Port)
[15:51:50:094][  info  ][    SpecCom    ]: RX Speed: 1280Mbps
[15:51:50:094][  info  ][    SpecCom    ]: Channel Configuration: 16x1
[15:51:50:094][  info  ][    SpecCom    ]: LPM Status: 0
[15:51:50:094][  info  ][    SpecCom    ]: ~~~~~~~~~~~~~~~~~~~~~~~~~~~
[15:51:50:094][  info  ][    SpecCom    ]: Soft resetting all ...
[15:51:50:094][  info  ][    SpecCom    ]: Flushing buffers ...
[15:51:50:094][  info  ][    SpecCom    ]: Init success!
[15:51:50:094][  info  ][  eyeDiagram   ]: Scanning link quality against delay on Spec Card 0
[15:51:50:094][  info  ][  ScanHelper   ]: Loading controller ...
[15:51:50:094][  info  ][  ScanHelper   ]: Found controller of type: spec
[15:51:50:094][  info  ][    SpecCom    ]: Opening SPEC with id #0
[15:51:50:094][  info  ][    SpecCom    ]: Mapping BARs ...
[15:51:50:094][  info  ][    SpecCom    ]: ... Mapped BAR0 at 0x7f5bb2d00000 with size 1048576
[15:51:50:094][  info  ][    SpecCom    ]: ~~~~~~~~~~~~~~~~~~~~~~~~~~~
[15:51:50:094][  info  ][    SpecCom    ]: Firmware Hash: 0x7b14549
[15:51:50:094][  info  ][    SpecCom    ]: Firmware Version: v1.5.0
[15:51:50:094][  info  ][    SpecCom    ]: Firmware Identifier: 0x2030242
[15:51:50:094][  info  ][    SpecCom    ]: FPGA card: Trenz TEF1001_R2
[15:51:50:094][  info  ][    SpecCom    ]: FE Chip Type: RD53A/B/C
[15:51:50:094][  info  ][    SpecCom    ]: FMC Card Type: Ohio Card (Display Port)
[15:51:50:094][  info  ][    SpecCom    ]: RX Speed: 1280Mbps
[15:51:50:094][  info  ][    SpecCom    ]: Channel Configuration: 16x1
[15:51:50:094][  info  ][    SpecCom    ]: LPM Status: 0
[15:51:50:094][  info  ][    SpecCom    ]: ~~~~~~~~~~~~~~~~~~~~~~~~~~~
[15:51:50:094][  info  ][    SpecCom    ]: Soft resetting all ...
[15:51:50:094][  info  ][    SpecCom    ]: Flushing buffers ...
[15:51:50:094][  info  ][    SpecCom    ]: Init success!
[15:51:50:094][  info  ][    SpecRx     ]: Delay lane 0 fixed to 18
[15:51:50:094][  info  ][    SpecRx     ]: Delay lane 1 fixed to 6
[15:51:50:094][  info  ][    SpecRx     ]: Delay lane 2 fixed to 20
[15:51:50:094][  info  ][    SpecRx     ]: Delay lane 3 fixed to 4
[15:51:50:094][  info  ][    SpecRx     ]: Delay lane 4 fixed to 0
[15:51:50:094][  info  ][    SpecRx     ]: Delay lane 5 fixed to 0
[15:51:50:094][  info  ][    SpecRx     ]: Delay lane 6 fixed to 0
[15:51:50:094][  info  ][    SpecRx     ]: Delay lane 7 fixed to 0
[15:51:50:094][  info  ][    SpecRx     ]: Delay lane 8 fixed to 0
[15:51:50:094][  info  ][    SpecRx     ]: Delay lane 9 fixed to 0
[15:51:50:094][  info  ][    SpecRx     ]: Delay lane 10 fixed to 0
[15:51:50:094][  info  ][    SpecRx     ]: Delay lane 11 fixed to 0
[15:51:50:094][  info  ][    SpecRx     ]: Delay lane 12 fixed to 0
[15:51:50:094][  info  ][    SpecRx     ]: Delay lane 13 fixed to 0
[15:51:50:094][  info  ][    SpecRx     ]: Delay lane 14 fixed to 0
[15:51:50:094][  info  ][    SpecRx     ]: Delay lane 15 fixed to 0
[15:51:50:094][  info  ][  ScanHelper   ]: Loaded controller config:
[15:51:50:094][  info  ][  ScanHelper   ]: ~~~ {
[15:51:50:094][  info  ][  ScanHelper   ]: ~~~     "cmdPeriod": 6.25e-09,
[15:51:50:094][  info  ][  ScanHelper   ]: ~~~     "delay": [18, 6, 20, 4, 0, 0, 0, 0, 0, 0, 0, 0, 0, 0, 0, 0],
[15:51:50:094][  info  ][  ScanHelper   ]: ~~~     "idle": {
[15:51:50:094][  info  ][  ScanHelper   ]: ~~~         "word": 2863311530
[15:51:50:094][  info  ][  ScanHelper   ]: ~~~     },
[15:51:50:094][  info  ][  ScanHelper   ]: ~~~     "pulse": {
[15:51:50:094][  info  ][  ScanHelper   ]: ~~~         "interval": 500,
[15:51:50:094][  info  ][  ScanHelper   ]: ~~~         "word": 0
[15:51:50:094][  info  ][  ScanHelper   ]: ~~~     },
[15:51:50:094][  info  ][  ScanHelper   ]: ~~~     "rxActiveLanes": 1,
[15:51:50:094][  info  ][  ScanHelper   ]: ~~~     "rxPolarity": 65535,
[15:51:50:094][  info  ][  ScanHelper   ]: ~~~     "specNum": 0,
[15:51:50:094][  info  ][  ScanHelper   ]: ~~~     "spiConfig": 541200,
[15:51:50:094][  info  ][  ScanHelper   ]: ~~~     "sync": {
[15:51:50:094][  info  ][  ScanHelper   ]: ~~~         "interval": 16,
[15:51:50:094][  info  ][  ScanHelper   ]: ~~~         "word": 2172551550
[15:51:50:094][  info  ][  ScanHelper   ]: ~~~     },
[15:51:50:094][  info  ][  ScanHelper   ]: ~~~     "txPolarity": 0
[15:51:50:094][  info  ][  ScanHelper   ]: ~~~ }
[15:51:50:094][  info  ][  ScanHelper   ]: Chip type: RD53B
[15:51:50:094][  info  ][  ScanHelper   ]: Chip count 4
[15:51:50:094][  info  ][  ScanHelper   ]: Loading chip #0
[15:51:50:094][  info  ][  ScanHelper   ]: Loading config file: /tmp/tmpahouep8x/0x17349_L2_warm_noPixConfig.json
[15:51:50:094][  info  ][  ScanHelper   ]: GlobalConfig overwrite file not found, skipping overwrite.
[15:51:50:094][  info  ][  ScanHelper   ]: Loading chip #1
[15:51:50:094][  info  ][  ScanHelper   ]: Loading config file: /tmp/tmpahouep8x/0x17359_L2_warm_noPixConfig.json
[15:51:50:095][  info  ][  ScanHelper   ]: GlobalConfig overwrite file not found, skipping overwrite.
[15:51:50:095][  info  ][  ScanHelper   ]: Loading chip #2
[15:51:50:095][  info  ][  ScanHelper   ]: Loading config file: /tmp/tmpahouep8x/0x17379_L2_warm_noPixConfig.json
[15:51:50:095][  info  ][  ScanHelper   ]: GlobalConfig overwrite file not found, skipping overwrite.
[15:51:50:095][  info  ][  ScanHelper   ]: Loading chip #3
[15:51:50:095][warning ][  ScanHelper   ]:  ... chip not enabled, skipping!
[15:51:50:095][ error  ][ Rd53bPixelCfg ]: Could not find pixel registers config, using default!
[15:51:50:395][  info  ][  eyeDiagram   ]: Read "CdrClkSel" 0 and "ServiceBlockPeriod" 50 from virtual register read
[15:51:50:396][ error  ][ Rd53bPixelCfg ]: Could not find pixel registers config, using default!
[15:51:50:700][  info  ][  eyeDiagram   ]: Read "CdrClkSel" 0 and "ServiceBlockPeriod" 50 from virtual register read
[15:51:50:701][ error  ][ Rd53bPixelCfg ]: Could not find pixel registers config, using default!
[15:51:51:006][  info  ][  eyeDiagram   ]: Read "CdrClkSel" 0 and "ServiceBlockPeriod" 50 from virtual register read
    0 | 1.00 | 0.00 | 0.54 | 0.00 | 0.00 | 0.00 | 0.00 | 0.00 | 0.00 | 0.00 | 0.00 | 0.00 | 0.00 | 0.00 | 0.00 | 0.00 | 
    1 | 1.00 | 0.47 | 1.00 | 0.00 | 0.00 | 0.00 | 0.00 | 0.00 | 0.00 | 0.00 | 0.00 | 0.00 | 0.00 | 0.00 | 0.00 | 0.00 | 
    2 | 1.00 | 1.00 | 1.00 | 0.00 | 0.00 | 0.00 | 0.00 | 0.00 | 0.00 | 0.00 | 0.00 | 0.00 | 0.00 | 0.00 | 0.00 | 0.00 | 
    3 | 1.00 | 1.00 | 1.00 | 0.00 | 0.00 | 0.00 | 0.00 | 0.00 | 0.00 | 0.00 | 0.00 | 0.00 | 0.00 | 0.00 | 0.00 | 0.00 | 
    4 | 1.00 | 1.00 | 1.00 | 0.00 | 0.00 | 0.00 | 0.00 | 0.00 | 0.00 | 0.00 | 0.00 | 0.00 | 0.00 | 0.00 | 0.00 | 0.00 | 
    5 | 1.00 | 1.00 | 1.00 | 0.00 | 0.00 | 0.00 | 0.00 | 0.00 | 0.00 | 0.00 | 0.00 | 0.00 | 0.00 | 0.00 | 0.00 | 0.00 | 
    6 | 0.00 | 1.00 | 1.00 | 0.00 | 0.00 | 0.00 | 0.00 | 0.00 | 0.00 | 0.00 | 0.00 | 0.00 | 0.00 | 0.00 | 0.00 | 0.00 | 
    7 | 0.00 | 1.00 | 0.33 | 0.00 | 0.00 | 0.00 | 0.00 | 0.00 | 0.00 | 0.00 | 0.00 | 0.00 | 0.00 | 0.00 | 0.00 | 0.00 | 
    8 | 0.00 | 1.00 | 0.00 | 0.00 | 0.00 | 0.00 | 0.00 | 0.00 | 0.00 | 0.00 | 0.00 | 0.00 | 0.00 | 0.00 | 0.00 | 0.00 | 
    9 | 0.00 | 0.62 | 0.00 | 0.00 | 0.00 | 0.00 | 0.00 | 0.00 | 0.00 | 0.00 | 0.00 | 0.00 | 0.00 | 0.00 | 0.00 | 0.00 | 
   10 | 0.00 | 0.00 | 0.00 | 0.00 | 0.00 | 0.00 | 0.00 | 0.00 | 0.00 | 0.00 | 0.00 | 0.00 | 0.00 | 0.00 | 0.00 | 0.00 | 
   11 | 0.00 | 0.00 | 0.00 | 0.00 | 0.00 | 0.00 | 0.00 | 0.00 | 0.00 | 0.00 | 0.00 | 0.00 | 0.00 | 0.00 | 0.00 | 0.00 | 
   12 | 0.00 | 0.00 | 0.00 | 0.00 | 0.00 | 0.00 | 0.00 | 0.00 | 0.00 | 0.00 | 0.00 | 0.00 | 0.00 | 0.00 | 0.00 | 0.00 | 
   13 | 0.53 | 0.00 | 0.00 | 0.00 | 0.00 | 0.00 | 0.00 | 0.00 | 0.00 | 0.00 | 0.00 | 0.00 | 0.00 | 0.00 | 0.00 | 0.00 | 
   14 | 1.00 | 0.00 | 0.00 | 0.00 | 0.00 | 0.00 | 0.00 | 0.00 | 0.00 | 0.00 | 0.00 | 0.00 | 0.00 | 0.00 | 0.00 | 0.00 | 
   15 | 1.00 | 0.00 | 0.00 | 0.00 | 0.00 | 0.00 | 0.00 | 0.00 | 0.00 | 0.00 | 0.00 | 0.00 | 0.00 | 0.00 | 0.00 | 0.00 | 
   16 | 1.00 | 0.00 | 0.00 | 0.00 | 0.00 | 0.00 | 0.00 | 0.00 | 0.00 | 0.00 | 0.00 | 0.00 | 0.00 | 0.00 | 0.00 | 0.00 | 
   17 | 1.00 | 0.00 | 1.00 | 0.00 | 0.00 | 0.00 | 0.00 | 0.00 | 0.00 | 0.00 | 0.00 | 0.00 | 0.00 | 0.00 | 0.00 | 0.00 | 
   18 | 1.00 | 0.55 | 1.00 | 0.00 | 0.00 | 0.00 | 0.00 | 0.00 | 0.00 | 0.00 | 0.00 | 0.00 | 0.00 | 0.00 | 0.00 | 0.00 | 
   19 | 1.00 | 1.00 | 1.00 | 0.00 | 0.00 | 0.00 | 0.00 | 0.00 | 0.00 | 0.00 | 0.00 | 0.00 | 0.00 | 0.00 | 0.00 | 0.00 | 
   20 | 1.00 | 1.00 | 1.00 | 0.00 | 0.00 | 0.00 | 0.00 | 0.00 | 0.00 | 0.00 | 0.00 | 0.00 | 0.00 | 0.00 | 0.00 | 0.00 | 
   21 | 0.70 | 1.00 | 1.00 | 0.00 | 0.00 | 0.00 | 0.00 | 0.00 | 0.00 | 0.00 | 0.00 | 0.00 | 0.00 | 0.00 | 0.00 | 0.00 | 
   22 | 0.00 | 1.00 | 1.00 | 0.00 | 0.00 | 0.00 | 0.00 | 0.00 | 0.00 | 0.00 | 0.00 | 0.00 | 0.00 | 0.00 | 0.00 | 0.00 | 
   23 | 0.00 | 1.00 | 0.00 | 0.00 | 0.00 | 0.00 | 0.00 | 0.00 | 0.00 | 0.00 | 0.00 | 0.00 | 0.00 | 0.00 | 0.00 | 0.00 | 
   24 | 0.00 | 1.00 | 0.00 | 0.00 | 0.00 | 0.00 | 0.00 | 0.00 | 0.00 | 0.00 | 0.00 | 0.00 | 0.00 | 0.00 | 0.00 | 0.00 | 
   25 | 0.00 | 1.00 | 0.00 | 0.00 | 0.00 | 0.00 | 0.00 | 0.00 | 0.00 | 0.00 | 0.00 | 0.00 | 0.00 | 0.00 | 0.00 | 0.00 | 
   26 | 0.00 | 0.40 | 0.00 | 0.00 | 0.00 | 0.00 | 0.00 | 0.00 | 0.00 | 0.00 | 0.00 | 0.00 | 0.00 | 0.00 | 0.00 | 0.00 | 
   27 | 0.00 | 0.00 | 0.00 | 0.00 | 0.00 | 0.00 | 0.00 | 0.00 | 0.00 | 0.00 | 0.00 | 0.00 | 0.00 | 0.00 | 0.00 | 0.00 | 
   28 | 0.00 | 0.00 | 0.00 | 0.00 | 0.00 | 0.00 | 0.00 | 0.00 | 0.00 | 0.00 | 0.00 | 0.00 | 0.00 | 0.00 | 0.00 | 0.00 | 
   29 | 0.38 | 0.00 | 0.00 | 0.00 | 0.00 | 0.00 | 0.00 | 0.00 | 0.00 | 0.00 | 0.00 | 0.00 | 0.00 | 0.00 | 0.00 | 0.00 | 
   30 | 1.00 | 0.00 | 0.00 | 0.00 | 0.00 | 0.00 | 0.00 | 0.00 | 0.00 | 0.00 | 0.00 | 0.00 | 0.00 | 0.00 | 0.00 | 0.00 | 
   31 | 1.00 | 0.00 | 0.00 | 0.00 | 0.00 | 0.00 | 0.00 | 0.00 | 0.00 | 0.00 | 0.00 | 0.00 | 0.00 | 0.00 | 0.00 | 0.00 | 
[15:51:52:970][  info  ][  eyeDiagram   ]: Done scanning!  

[15:51:52:970][  info  ][  eyeDiagram   ]: Determining delay settings:
[15:51:52:970][  info  ][  eyeDiagram   ]: Delay setting for lane 0 with eye width 7: 17
[15:51:52:970][  info  ][  eyeDiagram   ]: Delay setting for lane 1 with eye width 7: 5
[15:51:52:970][  info  ][  eyeDiagram   ]: Delay setting for lane 2 with eye width 6: 4
[15:51:52:970][  info  ][  eyeDiagram   ]: No good delay setting for lane 3
[15:51:52:970][  info  ][  eyeDiagram   ]: No good delay setting for lane 4
[15:51:52:970][  info  ][  eyeDiagram   ]: No good delay setting for lane 5
[15:51:52:970][  info  ][  eyeDiagram   ]: No good delay setting for lane 6
[15:51:52:970][  info  ][  eyeDiagram   ]: No good delay setting for lane 7
[15:51:52:970][  info  ][  eyeDiagram   ]: No good delay setting for lane 8
[15:51:52:970][  info  ][  eyeDiagram   ]: No good delay setting for lane 9
[15:51:52:970][  info  ][  eyeDiagram   ]: No good delay setting for lane 10
[15:51:52:970][  info  ][  eyeDiagram   ]: No good delay setting for lane 11
[15:51:52:970][  info  ][  eyeDiagram   ]: No good delay setting for lane 12
[15:51:52:970][  info  ][  eyeDiagram   ]: No good delay setting for lane 13
[15:51:52:970][  info  ][  eyeDiagram   ]: No good delay setting for lane 14
[15:51:52:970][  info  ][  eyeDiagram   ]: No good delay setting for lane 15
[15:51:52:970][  info  ][  eyeDiagram   ]: Writing to controller config configs/controller/specCfg-rd53b-16x1.json
[15:51:52:971][  info  ][  eyeDiagram   ]: All done! 