Using /home/opmd/Module_QC/configs/new_hw_config_v1.1.json for hardware config
Using /home/opmd/Module_QC/py3_venv/lib/python3.9/site-packages/module_qc_tools/data/configs/meas_config.json for measurement config
Will use 5.88 A for PS current (4 chips)
YARR version: v1.5.5
Creating temporary connectivity file and chip configs without pixel config in /tmp/tmpcvhd1rsa
hv_status {'voltage': -120.0208, 'current': -9.591387e-06}
Sending command (attempt 0): 
./bin/scanConsole -r configs/controller/specCfg-rd53b-16x1.json -c /tmp/tmpcvhd1rsa/20UPGM22110561_L2_warm_noPixConfig.json 
Sending command: 
./bin/scanConsole -r configs/controller/specCfg-rd53b-16x1.json -c /tmp/tmpcvhd1rsa/20UPGM22110561_L2_warm_noPixConfig.json 
[2025-07-11 15:44:10.594] [info] Configuring logger ...
[15:44:10:594][  info  ][  ScanConsole  ][1004125]: [1;31m#####################################[0m
[15:44:10:594][  info  ][  ScanConsole  ][1004125]: [1;31m##  Welcome to YARR - ScanConsole  ##[0m
[15:44:10:594][  info  ][  ScanConsole  ][1004125]: [1;31m#####################################[0m
[15:44:10:594][  info  ][  ScanHelper   ][1004125]: Chip type: RD53B
[15:44:10:594][  info  ][  ScanHelper   ][1004125]: Chip count 4
[15:44:10:594][  info  ][  ScanHelper   ][1004125]: Loading chip #0
[15:44:10:594][  info  ][  ScanHelper   ][1004125]: Loading config file: /tmp/tmpcvhd1rsa/0x17349_L2_warm_noPixConfig.json
[15:44:10:594][  info  ][  ScanHelper   ][1004125]: GlobalConfig overwrite file not found, skipping overwrite.
[15:44:10:594][  info  ][  ScanHelper   ][1004125]: Loading chip #1
[15:44:10:594][  info  ][  ScanHelper   ][1004125]: Loading config file: /tmp/tmpcvhd1rsa/0x17359_L2_warm_noPixConfig.json
[15:44:10:594][  info  ][  ScanHelper   ][1004125]: GlobalConfig overwrite file not found, skipping overwrite.
[15:44:10:594][  info  ][  ScanHelper   ][1004125]: Loading chip #2
[15:44:10:594][  info  ][  ScanHelper   ][1004125]: Loading config file: /tmp/tmpcvhd1rsa/0x17379_L2_warm_noPixConfig.json
[15:44:10:595][  info  ][  ScanHelper   ][1004125]: GlobalConfig overwrite file not found, skipping overwrite.
[15:44:10:595][  info  ][  ScanHelper   ][1004125]: Loading chip #3
[15:44:10:595][warning ][  ScanHelper   ][1004125]:  ... chip not enabled, skipping!
[15:44:10:600][  info  ][  ScanConsole  ][1004125]: No scan configuration provided, will only configure front-ends
[15:44:10:600][  info  ][  ScanConsole  ][1004125]: Connectivity:
[15:44:10:600][  info  ][  ScanConsole  ][1004125]:     /tmp/tmpcvhd1rsa/20UPGM22110561_L2_warm_noPixConfig.json
[15:44:10:600][  info  ][  ScanConsole  ][1004125]: Target ToT: -1
[15:44:10:600][  info  ][  ScanConsole  ][1004125]: Target Charge: -1
[15:44:10:600][  info  ][  ScanConsole  ][1004125]: Output Plots: false
[15:44:10:600][  info  ][  ScanConsole  ][1004125]: Output Directory: ./data/001862_/
[15:44:10:600][  info  ][  ScanConsole  ][1004125]: Timestamp: 2025-07-11_15:44:10
[15:44:10:600][  info  ][  ScanConsole  ][1004125]: Run Number: 1862
[15:44:10:600][  info  ][  ScanConsole  ][1004125]: [1;31m#####################[0m
[15:44:10:600][  info  ][  ScanConsole  ][1004125]: [1;31m##  Init Hardware  ##[0m
[15:44:10:600][  info  ][  ScanConsole  ][1004125]: [1;31m#####################[0m
[15:44:10:600][  info  ][  ScanConsole  ][1004125]: -> Opening controller config: configs/controller/specCfg-rd53b-16x1.json
[15:44:10:600][  info  ][  ScanHelper   ][1004125]: Loading controller ...
[15:44:10:600][  info  ][  ScanHelper   ][1004125]: Found controller of type: spec
[15:44:10:600][  info  ][    SpecCom    ][1004125]: Opening SPEC with id #0
[15:44:10:600][  info  ][    SpecCom    ][1004125]: Mapping BARs ...
[15:44:10:600][  info  ][    SpecCom    ][1004125]: ... Mapped BAR0 at 0x7f11e1700000 with size 1048576
[15:44:10:600][  info  ][    SpecCom    ][1004125]: ~~~~~~~~~~~~~~~~~~~~~~~~~~~
[15:44:10:600][  info  ][    SpecCom    ][1004125]: Firmware Hash: 0x7b14549
[15:44:10:600][  info  ][    SpecCom    ][1004125]: Firmware Version: v1.5.0
[15:44:10:600][  info  ][    SpecCom    ][1004125]: Firmware Identifier: 0x2030242
[15:44:10:600][  info  ][    SpecCom    ][1004125]: FPGA card: Trenz TEF1001_R2
[15:44:10:600][  info  ][    SpecCom    ][1004125]: FE Chip Type: RD53A/B/C
[15:44:10:600][  info  ][    SpecCom    ][1004125]: FMC Card Type: Ohio Card (Display Port)
[15:44:10:600][  info  ][    SpecCom    ][1004125]: RX Speed: 1280Mbps
[15:44:10:600][  info  ][    SpecCom    ][1004125]: Channel Configuration: 16x1
[15:44:10:600][  info  ][    SpecCom    ][1004125]: LPM Status: 0
[15:44:10:600][  info  ][    SpecCom    ][1004125]: ~~~~~~~~~~~~~~~~~~~~~~~~~~~
[15:44:10:600][  info  ][    SpecCom    ][1004125]: Soft resetting all ...
[15:44:10:600][  info  ][    SpecCom    ][1004125]: Flushing buffers ...
[15:44:10:600][  info  ][    SpecCom    ][1004125]: Init success!
[15:44:10:600][  info  ][    SpecRx     ][1004125]: Delay lane 0 fixed to 18
[15:44:10:600][  info  ][    SpecRx     ][1004125]: Delay lane 1 fixed to 5
[15:44:10:600][  info  ][    SpecRx     ][1004125]: Delay lane 2 fixed to 4
[15:44:10:600][  info  ][    SpecRx     ][1004125]: Delay lane 3 fixed to 0
[15:44:10:600][  info  ][    SpecRx     ][1004125]: Delay lane 4 fixed to 0
[15:44:10:600][  info  ][    SpecRx     ][1004125]: Delay lane 5 fixed to 0
[15:44:10:600][  info  ][    SpecRx     ][1004125]: Delay lane 6 fixed to 0
[15:44:10:600][  info  ][    SpecRx     ][1004125]: Delay lane 7 fixed to 0
[15:44:10:600][  info  ][    SpecRx     ][1004125]: Delay lane 8 fixed to 0
[15:44:10:600][  info  ][    SpecRx     ][1004125]: Delay lane 9 fixed to 0
[15:44:10:600][  info  ][    SpecRx     ][1004125]: Delay lane 10 fixed to 0
[15:44:10:600][  info  ][    SpecRx     ][1004125]: Delay lane 11 fixed to 0
[15:44:10:600][  info  ][    SpecRx     ][1004125]: Delay lane 12 fixed to 0
[15:44:10:600][  info  ][    SpecRx     ][1004125]: Delay lane 13 fixed to 0
[15:44:10:600][  info  ][    SpecRx     ][1004125]: Delay lane 14 fixed to 0
[15:44:10:600][  info  ][    SpecRx     ][1004125]: Delay lane 15 fixed to 0
[15:44:10:600][  info  ][  ScanHelper   ][1004125]: Loaded controller config:
[15:44:10:600][  info  ][  ScanHelper   ][1004125]: ~~~ {
[15:44:10:600][  info  ][  ScanHelper   ][1004125]: ~~~     "cmdPeriod": 6.25e-09,
[15:44:10:600][  info  ][  ScanHelper   ][1004125]: ~~~     "delay": [18, 5, 4, 0, 0, 0, 0, 0, 0, 0, 0, 0, 0, 0, 0, 0],
[15:44:10:600][  info  ][  ScanHelper   ][1004125]: ~~~     "idle": {
[15:44:10:600][  info  ][  ScanHelper   ][1004125]: ~~~         "word": 2863311530
[15:44:10:600][  info  ][  ScanHelper   ][1004125]: ~~~     },
[15:44:10:600][  info  ][  ScanHelper   ][1004125]: ~~~     "pulse": {
[15:44:10:600][  info  ][  ScanHelper   ][1004125]: ~~~         "interval": 500,
[15:44:10:600][  info  ][  ScanHelper   ][1004125]: ~~~         "word": 0
[15:44:10:600][  info  ][  ScanHelper   ][1004125]: ~~~     },
[15:44:10:600][  info  ][  ScanHelper   ][1004125]: ~~~     "rxActiveLanes": 1,
[15:44:10:600][  info  ][  ScanHelper   ][1004125]: ~~~     "rxPolarity": 65535,
[15:44:10:600][  info  ][  ScanHelper   ][1004125]: ~~~     "specNum": 0,
[15:44:10:600][  info  ][  ScanHelper   ][1004125]: ~~~     "spiConfig": 541200,
[15:44:10:600][  info  ][  ScanHelper   ][1004125]: ~~~     "sync": {
[15:44:10:600][  info  ][  ScanHelper   ][1004125]: ~~~         "interval": 16,
[15:44:10:600][  info  ][  ScanHelper   ][1004125]: ~~~         "word": 2172551550
[15:44:10:600][  info  ][  ScanHelper   ][1004125]: ~~~     },
[15:44:10:600][  info  ][  ScanHelper   ][1004125]: ~~~     "txPolarity": 0
[15:44:10:600][  info  ][  ScanHelper   ][1004125]: ~~~ }
[15:44:10:600][  info  ][  ScanConsole  ][1004125]: [1;31m#######################[0m
[15:44:10:600][  info  ][  ScanConsole  ][1004125]: [1;31m##  Loading Configs  ##[0m
[15:44:10:600][  info  ][  ScanConsole  ][1004125]: [1;31m#######################[0m
[15:44:10:600][  info  ][  ScanHelper   ][1004125]: Chip type: RD53B
[15:44:10:600][  info  ][  ScanHelper   ][1004125]: Chip count 4
[15:44:10:600][  info  ][  ScanHelper   ][1004125]: Loading chip config #0
[15:44:10:601][  info  ][  Bookkeeper   ][1004125]: Added FE: Tx(0), Rx(2), RegRx(2) under ID 0
[15:44:10:601][ error  ][ Rd53bPixelCfg ][1004125]: Could not find pixel registers config, using default!
[15:44:10:601][  info  ][  ScanHelper   ][1004125]: Loading chip config #1
[15:44:10:601][  info  ][  Bookkeeper   ][1004125]: Added FE: Tx(0), Rx(1), RegRx(1) under ID 1
[15:44:10:601][ error  ][ Rd53bPixelCfg ][1004125]: Could not find pixel registers config, using default!
[15:44:10:601][  info  ][  ScanHelper   ][1004125]: Loading chip config #2
[15:44:10:601][  info  ][  Bookkeeper   ][1004125]: Added FE: Tx(0), Rx(0), RegRx(0) under ID 2
[15:44:10:601][ error  ][ Rd53bPixelCfg ][1004125]: Could not find pixel registers config, using default!
[15:44:10:601][  info  ][  ScanHelper   ][1004125]: Loading chip config #3
[15:44:10:601][warning ][  ScanHelper   ][1004125]:  ... chip not enabled, skip config!
[15:44:11:688][  info  ][  ScanConsole  ][1004125]: [1;31m#####################[0m
[15:44:11:688][  info  ][  ScanConsole  ][1004125]: [1;31m##  Configure FEs  ##[0m
[15:44:11:688][  info  ][  ScanConsole  ][1004125]: [1;31m#####################[0m
[15:44:11:688][  info  ][  ScanConsole  ][1004125]: Configuring 0x17349
[15:44:11:993][  info  ][  ScanConsole  ][1004125]: Configuring 0x17359
[15:44:12:282][  info  ][  ScanConsole  ][1004125]: Configuring 0x17379
[15:44:12:579][  info  ][  ScanConsole  ][1004125]: Sent configuration to all FEs in 911 ms!
[15:44:12:579][  info  ][     Rd53b     ][1004125]: Performing soft reset ...
[15:44:12:581][  info  ][  ScanConsole  ][1004125]: Checking com 0x17349
[15:44:12:681][  info  ][    SpecRx     ][1004125]: Active Rx channels: 0x4
[15:44:12:681][  info  ][    SpecRx     ][1004125]: Active Rx lanes: 0x1
[15:44:12:681][  info  ][    SpecRx     ][1004125]: Rx Status 0x7
[15:44:12:681][  info  ][    SpecRx     ][1004125]: Number of lanes: 1
[15:44:12:681][  info  ][    SpecRx     ][1004125]: Channel 2 Lane 0 synchronized!
[15:44:12:902][  info  ][     Rd53b     ][1004125]: Chip serial number obtained from e-fuse data (raw): 0x11734915
[15:44:12:902][  info  ][     Rd53b     ][1004125]: Chip serial number obtained from e-fuse data: 0x17349
[15:44:12:902][  info  ][     Rd53b     ][1004125]: Matched chip serial number: 0x17349
[15:44:12:902][  info  ][  ScanConsole  ][1004125]: ... success!
[15:44:12:902][  info  ][  ScanConsole  ][1004125]: Checking com 0x17359
[15:44:13:002][  info  ][    SpecRx     ][1004125]: Active Rx channels: 0x2
[15:44:13:002][  info  ][    SpecRx     ][1004125]: Active Rx lanes: 0x1
[15:44:13:002][  info  ][    SpecRx     ][1004125]: Rx Status 0x7
[15:44:13:002][  info  ][    SpecRx     ][1004125]: Number of lanes: 1
[15:44:13:002][  info  ][    SpecRx     ][1004125]: Channel 1 Lane 0 synchronized!
[15:44:13:223][  info  ][     Rd53b     ][1004125]: Chip serial number obtained from e-fuse data (raw): 0x1173591c
[15:44:13:223][  info  ][     Rd53b     ][1004125]: Chip serial number obtained from e-fuse data: 0x17359
[15:44:13:223][  info  ][     Rd53b     ][1004125]: Matched chip serial number: 0x17359
[15:44:13:223][  info  ][  ScanConsole  ][1004125]: ... success!
[15:44:13:223][  info  ][  ScanConsole  ][1004125]: Checking com 0x17379
[15:44:13:324][  info  ][    SpecRx     ][1004125]: Active Rx channels: 0x1
[15:44:13:324][  info  ][    SpecRx     ][1004125]: Active Rx lanes: 0x1
[15:44:13:324][  info  ][    SpecRx     ][1004125]: Rx Status 0x7
[15:44:13:324][  info  ][    SpecRx     ][1004125]: Number of lanes: 1
[15:44:13:324][  info  ][    SpecRx     ][1004125]: Channel 0 Lane 0 synchronized!
[15:44:13:545][  info  ][     Rd53b     ][1004125]: Chip serial number obtained from e-fuse data (raw): 0x11737916
[15:44:13:545][  info  ][     Rd53b     ][1004125]: Chip serial number obtained from e-fuse data: 0x17379
[15:44:13:545][  info  ][     Rd53b     ][1004125]: Matched chip serial number: 0x17379
[15:44:13:545][  info  ][  ScanConsole  ][1004125]: ... success!

[yarr] configure module
Writing output measurements in /home/opmd/Module_QC/module-qc-database-tools/OX0006/20UPGM22110561/Measurements/INJECTION_CAPACITANCE/2025-07-11_154405
Done!
TimeEnd: 2025-07-11_154508
Deleting temporary files: /tmp/tmpcvhd1rsa
