Using /home/opmd/Module_QC/configs/new_hw_config_v1.1.json for hardware config
Using /home/opmd/Module_QC/py3_venv/lib/python3.9/site-packages/module_qc_tools/data/configs/meas_config.json for measurement config
Will use 5.88 A for PS current (4 chips)
YARR version: v1.5.5
Creating temporary connectivity file and chip configs without pixel config in /tmp/tmp4xwhlq_9
Sending command (attempt 0): 
./bin/scanConsole -r configs/controller/specCfg-rd53b-16x1.json -c /tmp/tmp4xwhlq_9/20UPGM22110561_L2_warm_noPixConfig.json 
Sending command: 
./bin/scanConsole -r configs/controller/specCfg-rd53b-16x1.json -c /tmp/tmp4xwhlq_9/20UPGM22110561_L2_warm_noPixConfig.json 
[2025-07-11 15:07:03.928] [info] Configuring logger ...
[15:07:03:928][  info  ][  ScanConsole  ][997727]: [1;31m#####################################[0m
[15:07:03:928][  info  ][  ScanConsole  ][997727]: [1;31m##  Welcome to YARR - ScanConsole  ##[0m
[15:07:03:928][  info  ][  ScanConsole  ][997727]: [1;31m#####################################[0m
[15:07:03:928][  info  ][  ScanHelper   ][997727]: Chip type: RD53B
[15:07:03:928][  info  ][  ScanHelper   ][997727]: Chip count 4
[15:07:03:928][  info  ][  ScanHelper   ][997727]: Loading chip #0
[15:07:03:928][  info  ][  ScanHelper   ][997727]: Loading config file: /tmp/tmp4xwhlq_9/0x17349_L2_warm_noPixConfig.json
[15:07:03:928][  info  ][  ScanHelper   ][997727]: GlobalConfig overwrite file not found, skipping overwrite.
[15:07:03:928][  info  ][  ScanHelper   ][997727]: Loading chip #1
[15:07:03:928][  info  ][  ScanHelper   ][997727]: Loading config file: /tmp/tmp4xwhlq_9/0x17359_L2_warm_noPixConfig.json
[15:07:03:928][  info  ][  ScanHelper   ][997727]: GlobalConfig overwrite file not found, skipping overwrite.
[15:07:03:928][  info  ][  ScanHelper   ][997727]: Loading chip #2
[15:07:03:928][  info  ][  ScanHelper   ][997727]: Loading config file: /tmp/tmp4xwhlq_9/0x17379_L2_warm_noPixConfig.json
[15:07:03:929][  info  ][  ScanHelper   ][997727]: GlobalConfig overwrite file not found, skipping overwrite.
[15:07:03:929][  info  ][  ScanHelper   ][997727]: Loading chip #3
[15:07:03:929][warning ][  ScanHelper   ][997727]:  ... chip not enabled, skipping!
[15:07:03:933][  info  ][  ScanConsole  ][997727]: No scan configuration provided, will only configure front-ends
[15:07:03:933][  info  ][  ScanConsole  ][997727]: Connectivity:
[15:07:03:933][  info  ][  ScanConsole  ][997727]:     /tmp/tmp4xwhlq_9/20UPGM22110561_L2_warm_noPixConfig.json
[15:07:03:933][  info  ][  ScanConsole  ][997727]: Target ToT: -1
[15:07:03:933][  info  ][  ScanConsole  ][997727]: Target Charge: -1
[15:07:03:933][  info  ][  ScanConsole  ][997727]: Output Plots: false
[15:07:03:933][  info  ][  ScanConsole  ][997727]: Output Directory: ./data/001859_/
[15:07:03:933][  info  ][  ScanConsole  ][997727]: Timestamp: 2025-07-11_15:07:03
[15:07:03:933][  info  ][  ScanConsole  ][997727]: Run Number: 1859
[15:07:03:933][  info  ][  ScanConsole  ][997727]: [1;31m#####################[0m
[15:07:03:933][  info  ][  ScanConsole  ][997727]: [1;31m##  Init Hardware  ##[0m
[15:07:03:933][  info  ][  ScanConsole  ][997727]: [1;31m#####################[0m
[15:07:03:933][  info  ][  ScanConsole  ][997727]: -> Opening controller config: configs/controller/specCfg-rd53b-16x1.json
[15:07:03:933][  info  ][  ScanHelper   ][997727]: Loading controller ...
[15:07:03:933][  info  ][  ScanHelper   ][997727]: Found controller of type: spec
[15:07:03:933][  info  ][    SpecCom    ][997727]: Opening SPEC with id #0
[15:07:03:933][  info  ][    SpecCom    ][997727]: Mapping BARs ...
[15:07:03:933][  info  ][    SpecCom    ][997727]: ... Mapped BAR0 at 0x7fefd6700000 with size 1048576
[15:07:03:933][  info  ][    SpecCom    ][997727]: ~~~~~~~~~~~~~~~~~~~~~~~~~~~
[15:07:03:933][  info  ][    SpecCom    ][997727]: Firmware Hash: 0x7b14549
[15:07:03:933][  info  ][    SpecCom    ][997727]: Firmware Version: v1.5.0
[15:07:03:933][  info  ][    SpecCom    ][997727]: Firmware Identifier: 0x2030242
[15:07:03:933][  info  ][    SpecCom    ][997727]: FPGA card: Trenz TEF1001_R2
[15:07:03:933][  info  ][    SpecCom    ][997727]: FE Chip Type: RD53A/B/C
[15:07:03:933][  info  ][    SpecCom    ][997727]: FMC Card Type: Ohio Card (Display Port)
[15:07:03:933][  info  ][    SpecCom    ][997727]: RX Speed: 1280Mbps
[15:07:03:933][  info  ][    SpecCom    ][997727]: Channel Configuration: 16x1
[15:07:03:933][  info  ][    SpecCom    ][997727]: LPM Status: 0
[15:07:03:933][  info  ][    SpecCom    ][997727]: ~~~~~~~~~~~~~~~~~~~~~~~~~~~
[15:07:03:933][  info  ][    SpecCom    ][997727]: Soft resetting all ...
[15:07:03:933][  info  ][    SpecCom    ][997727]: Flushing buffers ...
[15:07:03:933][  info  ][    SpecCom    ][997727]: Init success!
[15:07:03:933][  info  ][    SpecRx     ][997727]: Delay lane 0 fixed to 18
[15:07:03:933][  info  ][    SpecRx     ][997727]: Delay lane 1 fixed to 5
[15:07:03:933][  info  ][    SpecRx     ][997727]: Delay lane 2 fixed to 4
[15:07:03:933][  info  ][    SpecRx     ][997727]: Delay lane 3 fixed to 0
[15:07:03:933][  info  ][    SpecRx     ][997727]: Delay lane 4 fixed to 0
[15:07:03:933][  info  ][    SpecRx     ][997727]: Delay lane 5 fixed to 0
[15:07:03:933][  info  ][    SpecRx     ][997727]: Delay lane 6 fixed to 0
[15:07:03:933][  info  ][    SpecRx     ][997727]: Delay lane 7 fixed to 0
[15:07:03:933][  info  ][    SpecRx     ][997727]: Delay lane 8 fixed to 0
[15:07:03:933][  info  ][    SpecRx     ][997727]: Delay lane 9 fixed to 0
[15:07:03:933][  info  ][    SpecRx     ][997727]: Delay lane 10 fixed to 0
[15:07:03:933][  info  ][    SpecRx     ][997727]: Delay lane 11 fixed to 0
[15:07:03:933][  info  ][    SpecRx     ][997727]: Delay lane 12 fixed to 0
[15:07:03:933][  info  ][    SpecRx     ][997727]: Delay lane 13 fixed to 0
[15:07:03:933][  info  ][    SpecRx     ][997727]: Delay lane 14 fixed to 0
[15:07:03:933][  info  ][    SpecRx     ][997727]: Delay lane 15 fixed to 0
[15:07:03:933][  info  ][  ScanHelper   ][997727]: Loaded controller config:
[15:07:03:933][  info  ][  ScanHelper   ][997727]: ~~~ {
[15:07:03:933][  info  ][  ScanHelper   ][997727]: ~~~     "cmdPeriod": 6.25e-09,
[15:07:03:933][  info  ][  ScanHelper   ][997727]: ~~~     "delay": [18, 5, 4, 0, 0, 0, 0, 0, 0, 0, 0, 0, 0, 0, 0, 0],
[15:07:03:933][  info  ][  ScanHelper   ][997727]: ~~~     "idle": {
[15:07:03:933][  info  ][  ScanHelper   ][997727]: ~~~         "word": 2863311530
[15:07:03:933][  info  ][  ScanHelper   ][997727]: ~~~     },
[15:07:03:933][  info  ][  ScanHelper   ][997727]: ~~~     "pulse": {
[15:07:03:933][  info  ][  ScanHelper   ][997727]: ~~~         "interval": 500,
[15:07:03:933][  info  ][  ScanHelper   ][997727]: ~~~         "word": 0
[15:07:03:933][  info  ][  ScanHelper   ][997727]: ~~~     },
[15:07:03:933][  info  ][  ScanHelper   ][997727]: ~~~     "rxActiveLanes": 1,
[15:07:03:933][  info  ][  ScanHelper   ][997727]: ~~~     "rxPolarity": 65535,
[15:07:03:933][  info  ][  ScanHelper   ][997727]: ~~~     "specNum": 0,
[15:07:03:933][  info  ][  ScanHelper   ][997727]: ~~~     "spiConfig": 541200,
[15:07:03:933][  info  ][  ScanHelper   ][997727]: ~~~     "sync": {
[15:07:03:933][  info  ][  ScanHelper   ][997727]: ~~~         "interval": 16,
[15:07:03:933][  info  ][  ScanHelper   ][997727]: ~~~         "word": 2172551550
[15:07:03:933][  info  ][  ScanHelper   ][997727]: ~~~     },
[15:07:03:933][  info  ][  ScanHelper   ][997727]: ~~~     "txPolarity": 0
[15:07:03:933][  info  ][  ScanHelper   ][997727]: ~~~ }
[15:07:03:933][  info  ][  ScanConsole  ][997727]: [1;31m#######################[0m
[15:07:03:933][  info  ][  ScanConsole  ][997727]: [1;31m##  Loading Configs  ##[0m
[15:07:03:933][  info  ][  ScanConsole  ][997727]: [1;31m#######################[0m
[15:07:03:933][  info  ][  ScanHelper   ][997727]: Chip type: RD53B
[15:07:03:933][  info  ][  ScanHelper   ][997727]: Chip count 4
[15:07:03:933][  info  ][  ScanHelper   ][997727]: Loading chip config #0
[15:07:03:934][  info  ][  Bookkeeper   ][997727]: Added FE: Tx(0), Rx(2), RegRx(2) under ID 0
[15:07:03:934][ error  ][ Rd53bPixelCfg ][997727]: Could not find pixel registers config, using default!
[15:07:03:934][  info  ][  ScanHelper   ][997727]: Loading chip config #1
[15:07:03:934][  info  ][  Bookkeeper   ][997727]: Added FE: Tx(0), Rx(1), RegRx(1) under ID 1
[15:07:03:934][ error  ][ Rd53bPixelCfg ][997727]: Could not find pixel registers config, using default!
[15:07:03:934][  info  ][  ScanHelper   ][997727]: Loading chip config #2
[15:07:03:934][  info  ][  Bookkeeper   ][997727]: Added FE: Tx(0), Rx(0), RegRx(0) under ID 2
[15:07:03:934][ error  ][ Rd53bPixelCfg ][997727]: Could not find pixel registers config, using default!
[15:07:03:934][  info  ][  ScanHelper   ][997727]: Loading chip config #3
[15:07:03:934][warning ][  ScanHelper   ][997727]:  ... chip not enabled, skip config!
[15:07:04:884][  info  ][  ScanConsole  ][997727]: [1;31m#####################[0m
[15:07:04:884][  info  ][  ScanConsole  ][997727]: [1;31m##  Configure FEs  ##[0m
[15:07:04:884][  info  ][  ScanConsole  ][997727]: [1;31m#####################[0m
[15:07:04:884][  info  ][  ScanConsole  ][997727]: Configuring 0x17349
[15:07:05:190][  info  ][  ScanConsole  ][997727]: Configuring 0x17359
[15:07:05:494][  info  ][  ScanConsole  ][997727]: Configuring 0x17379
[15:07:05:788][  info  ][  ScanConsole  ][997727]: Sent configuration to all FEs in 924 ms!
[15:07:05:788][  info  ][     Rd53b     ][997727]: Performing soft reset ...
[15:07:05:789][  info  ][  ScanConsole  ][997727]: Checking com 0x17349
[15:07:05:889][  info  ][    SpecRx     ][997727]: Active Rx channels: 0x4
[15:07:05:889][  info  ][    SpecRx     ][997727]: Active Rx lanes: 0x1
[15:07:05:889][  info  ][    SpecRx     ][997727]: Rx Status 0x7
[15:07:05:889][  info  ][    SpecRx     ][997727]: Number of lanes: 1
[15:07:05:889][  info  ][    SpecRx     ][997727]: Channel 2 Lane 0 synchronized!
[15:07:06:110][  info  ][     Rd53b     ][997727]: Chip serial number obtained from e-fuse data (raw): 0x11734915
[15:07:06:110][  info  ][     Rd53b     ][997727]: Chip serial number obtained from e-fuse data: 0x17349
[15:07:06:110][  info  ][     Rd53b     ][997727]: Matched chip serial number: 0x17349
[15:07:06:110][  info  ][  ScanConsole  ][997727]: ... success!
[15:07:06:110][  info  ][  ScanConsole  ][997727]: Checking com 0x17359
[15:07:06:210][  info  ][    SpecRx     ][997727]: Active Rx channels: 0x2
[15:07:06:210][  info  ][    SpecRx     ][997727]: Active Rx lanes: 0x1
[15:07:06:210][  info  ][    SpecRx     ][997727]: Rx Status 0x7
[15:07:06:210][  info  ][    SpecRx     ][997727]: Number of lanes: 1
[15:07:06:210][  info  ][    SpecRx     ][997727]: Channel 1 Lane 0 synchronized!
[15:07:06:431][  info  ][     Rd53b     ][997727]: Chip serial number obtained from e-fuse data (raw): 0x1173591c
[15:07:06:431][  info  ][     Rd53b     ][997727]: Chip serial number obtained from e-fuse data: 0x17359
[15:07:06:431][  info  ][     Rd53b     ][997727]: Matched chip serial number: 0x17359
[15:07:06:431][  info  ][  ScanConsole  ][997727]: ... success!
[15:07:06:431][  info  ][  ScanConsole  ][997727]: Checking com 0x17379
[15:07:06:532][  info  ][    SpecRx     ][997727]: Active Rx channels: 0x1
[15:07:06:532][  info  ][    SpecRx     ][997727]: Active Rx lanes: 0x1
[15:07:06:532][  info  ][    SpecRx     ][997727]: Rx Status 0x7
[15:07:06:532][  info  ][    SpecRx     ][997727]: Number of lanes: 1
[15:07:06:532][  info  ][    SpecRx     ][997727]: Channel 0 Lane 0 synchronized!
[15:07:06:753][  info  ][     Rd53b     ][997727]: Chip serial number obtained from e-fuse data (raw): 0x11737916
[15:07:06:753][  info  ][     Rd53b     ][997727]: Chip serial number obtained from e-fuse data: 0x17379
[15:07:06:753][  info  ][     Rd53b     ][997727]: Matched chip serial number: 0x17379
[15:07:06:753][  info  ][  ScanConsole  ][997727]: ... success!

[yarr] configure module
Start V scan!
TimeStart: 2025-07-11_150706
hv_status {'voltage': -120.0195, 'current': -9.191217e-06}
V scan done!
TimeEnd: 2025-07-11_150925
Start VDD vs Trim measurement!
TimeStart: 2025-07-11_150925
Module NTC temperature: 25.819
hv_status {'voltage': -120.0188, 'current': -9.226263e-06}
Trimming chip 0
Running eye diagram for VMUX34=0
Running eye diagram for VMUX34=1
Running eye diagram for VMUX34=2
Running eye diagram for VMUX34=3
Running eye diagram for VMUX34=4
Running eye diagram for VMUX34=5
Running eye diagram for VMUX34=6
Running eye diagram for VMUX34=7
Running eye diagram for VMUX34=8
Running eye diagram for VMUX34=9
Running eye diagram for VMUX34=10
Running eye diagram for VMUX34=11
Running eye diagram for VMUX34=12
Running eye diagram for VMUX34=13
Running eye diagram for VMUX34=14
Running eye diagram for VMUX34=15
Set VMUX34 back to default and re-running :eye: diagram.
Running eye diagram for VMUX38=0
Running eye diagram for VMUX38=1
Running eye diagram for VMUX38=2
Running eye diagram for VMUX38=3
Running eye diagram for VMUX38=4
Running eye diagram for VMUX38=5
Running eye diagram for VMUX38=6
Running eye diagram for VMUX38=7
Running eye diagram for VMUX38=8
Running eye diagram for VMUX38=9
Running eye diagram for VMUX38=10
Running eye diagram for VMUX38=11
Running eye diagram for VMUX38=12
Running eye diagram for VMUX38=13
Running eye diagram for VMUX38=14
Running eye diagram for VMUX38=15
Set VMUX38 back to default and re-running :eye: diagram.
Trimming chip 1
Running eye diagram for VMUX34=0
Running eye diagram for VMUX34=1
Running eye diagram for VMUX34=2
Running eye diagram for VMUX34=3
Running eye diagram for VMUX34=4
Running eye diagram for VMUX34=5
Running eye diagram for VMUX34=6
Running eye diagram for VMUX34=7
Running eye diagram for VMUX34=8
Running eye diagram for VMUX34=9
Running eye diagram for VMUX34=10
Running eye diagram for VMUX34=11
Running eye diagram for VMUX34=12
Running eye diagram for VMUX34=13
Running eye diagram for VMUX34=14
Running eye diagram for VMUX34=15
Set VMUX34 back to default and re-running :eye: diagram.
Running eye diagram for VMUX38=0
Running eye diagram for VMUX38=1
Running eye diagram for VMUX38=2
Running eye diagram for VMUX38=3
Running eye diagram for VMUX38=4
Running eye diagram for VMUX38=5
Running eye diagram for VMUX38=6
Running eye diagram for VMUX38=7
Running eye diagram for VMUX38=8
Running eye diagram for VMUX38=9
Running eye diagram for VMUX38=10
Running eye diagram for VMUX38=11
Running eye diagram for VMUX38=12
Running eye diagram for VMUX38=13
Running eye diagram for VMUX38=14
Running eye diagram for VMUX38=15
Set VMUX38 back to default and re-running :eye: diagram.
Trimming chip 2
Running eye diagram for VMUX34=0
Running eye diagram for VMUX34=1
Running eye diagram for VMUX34=2
Running eye diagram for VMUX34=3
Running eye diagram for VMUX34=4
Running eye diagram for VMUX34=5
Running eye diagram for VMUX34=6
Running eye diagram for VMUX34=7
Running eye diagram for VMUX34=8
Running eye diagram for VMUX34=9
Running eye diagram for VMUX34=10
Running eye diagram for VMUX34=11
Running eye diagram for VMUX34=12
Running eye diagram for VMUX34=13
Running eye diagram for VMUX34=14
Running eye diagram for VMUX34=15
Set VMUX34 back to default and re-running :eye: diagram.
Running eye diagram for VMUX38=0
Running eye diagram for VMUX38=1
Running eye diagram for VMUX38=2
Running eye diagram for VMUX38=3
Running eye diagram for VMUX38=4
Running eye diagram for VMUX38=5
Running eye diagram for VMUX38=6
Running eye diagram for VMUX38=7
Running eye diagram for VMUX38=8
Running eye diagram for VMUX38=9
Running eye diagram for VMUX38=10
Running eye diagram for VMUX38=11
Running eye diagram for VMUX38=12
Running eye diagram for VMUX38=13
Running eye diagram for VMUX38=14
Running eye diagram for VMUX38=15
Set VMUX38 back to default and re-running :eye: diagram.
VDDA/VDDD measurement done!
TimeEnd: 2025-07-11_152341
Start T measurement!
TimeStart: 2025-07-11_152341
hv_status {'voltage': -120.0193, 'current': -9.493103e-06}
T measurement done!
TimeEnd: 2025-07-11_152755
Writing output measurements in /home/opmd/Module_QC/module-qc-database-tools/OX0006/20UPGM22110561/Measurements/ANALOG_READBACK/2025-07-11_150701
Done!
TimeEnd: 2025-07-11_152755
Deleting temporary files: /tmp/tmp4xwhlq_9
