Using /home/opmd/Module_QC/configs/new_hw_config_v1.1.json for hardware config
Using /home/opmd/Module_QC/py3_venv/lib/python3.9/site-packages/module_qc_tools/data/configs/meas_config.json for measurement config
Will use 5.88 A for PS current (4 chips)
YARR version: v1.5.5
Creating temporary connectivity file and chip configs without pixel config in /tmp/tmpyrcduhqx
hv_status {'voltage': -120.0194, 'current': -8.997466e-06}
Sending command (attempt 0): 
./bin/scanConsole -r configs/controller/specCfg-rd53b-16x1.json -c /tmp/tmpyrcduhqx/20UPGM22110561_L2_warm_noPixConfig.json 
Sending command: 
./bin/scanConsole -r configs/controller/specCfg-rd53b-16x1.json -c /tmp/tmpyrcduhqx/20UPGM22110561_L2_warm_noPixConfig.json 
[2025-07-11 15:03:43.479] [info] Configuring logger ...
[15:03:43:479][  info  ][  ScanConsole  ][997476]: [1;31m#####################################[0m
[15:03:43:479][  info  ][  ScanConsole  ][997476]: [1;31m##  Welcome to YARR - ScanConsole  ##[0m
[15:03:43:479][  info  ][  ScanConsole  ][997476]: [1;31m#####################################[0m
[15:03:43:479][  info  ][  ScanHelper   ][997476]: Chip type: RD53B
[15:03:43:479][  info  ][  ScanHelper   ][997476]: Chip count 4
[15:03:43:479][  info  ][  ScanHelper   ][997476]: Loading chip #0
[15:03:43:479][  info  ][  ScanHelper   ][997476]: Loading config file: /tmp/tmpyrcduhqx/0x17349_L2_warm_noPixConfig.json
[15:03:43:480][  info  ][  ScanHelper   ][997476]: GlobalConfig overwrite file not found, skipping overwrite.
[15:03:43:480][  info  ][  ScanHelper   ][997476]: Loading chip #1
[15:03:43:480][  info  ][  ScanHelper   ][997476]: Loading config file: /tmp/tmpyrcduhqx/0x17359_L2_warm_noPixConfig.json
[15:03:43:480][  info  ][  ScanHelper   ][997476]: GlobalConfig overwrite file not found, skipping overwrite.
[15:03:43:480][  info  ][  ScanHelper   ][997476]: Loading chip #2
[15:03:43:480][  info  ][  ScanHelper   ][997476]: Loading config file: /tmp/tmpyrcduhqx/0x17379_L2_warm_noPixConfig.json
[15:03:43:480][  info  ][  ScanHelper   ][997476]: GlobalConfig overwrite file not found, skipping overwrite.
[15:03:43:480][  info  ][  ScanHelper   ][997476]: Loading chip #3
[15:03:43:480][warning ][  ScanHelper   ][997476]:  ... chip not enabled, skipping!
[15:03:43:487][  info  ][  ScanConsole  ][997476]: No scan configuration provided, will only configure front-ends
[15:03:43:487][  info  ][  ScanConsole  ][997476]: Connectivity:
[15:03:43:487][  info  ][  ScanConsole  ][997476]:     /tmp/tmpyrcduhqx/20UPGM22110561_L2_warm_noPixConfig.json
[15:03:43:487][  info  ][  ScanConsole  ][997476]: Target ToT: -1
[15:03:43:487][  info  ][  ScanConsole  ][997476]: Target Charge: -1
[15:03:43:487][  info  ][  ScanConsole  ][997476]: Output Plots: false
[15:03:43:487][  info  ][  ScanConsole  ][997476]: Output Directory: ./data/001858_/
[15:03:43:487][  info  ][  ScanConsole  ][997476]: Timestamp: 2025-07-11_15:03:43
[15:03:43:487][  info  ][  ScanConsole  ][997476]: Run Number: 1858
[15:03:43:487][  info  ][  ScanConsole  ][997476]: [1;31m#####################[0m
[15:03:43:487][  info  ][  ScanConsole  ][997476]: [1;31m##  Init Hardware  ##[0m
[15:03:43:487][  info  ][  ScanConsole  ][997476]: [1;31m#####################[0m
[15:03:43:487][  info  ][  ScanConsole  ][997476]: -> Opening controller config: configs/controller/specCfg-rd53b-16x1.json
[15:03:43:487][  info  ][  ScanHelper   ][997476]: Loading controller ...
[15:03:43:487][  info  ][  ScanHelper   ][997476]: Found controller of type: spec
[15:03:43:487][  info  ][    SpecCom    ][997476]: Opening SPEC with id #0
[15:03:43:487][  info  ][    SpecCom    ][997476]: Mapping BARs ...
[15:03:43:487][  info  ][    SpecCom    ][997476]: ... Mapped BAR0 at 0x7f1fd2900000 with size 1048576
[15:03:43:487][  info  ][    SpecCom    ][997476]: ~~~~~~~~~~~~~~~~~~~~~~~~~~~
[15:03:43:487][  info  ][    SpecCom    ][997476]: Firmware Hash: 0x7b14549
[15:03:43:487][  info  ][    SpecCom    ][997476]: Firmware Version: v1.5.0
[15:03:43:487][  info  ][    SpecCom    ][997476]: Firmware Identifier: 0x2030242
[15:03:43:487][  info  ][    SpecCom    ][997476]: FPGA card: Trenz TEF1001_R2
[15:03:43:487][  info  ][    SpecCom    ][997476]: FE Chip Type: RD53A/B/C
[15:03:43:487][  info  ][    SpecCom    ][997476]: FMC Card Type: Ohio Card (Display Port)
[15:03:43:487][  info  ][    SpecCom    ][997476]: RX Speed: 1280Mbps
[15:03:43:487][  info  ][    SpecCom    ][997476]: Channel Configuration: 16x1
[15:03:43:487][  info  ][    SpecCom    ][997476]: LPM Status: 0
[15:03:43:487][  info  ][    SpecCom    ][997476]: ~~~~~~~~~~~~~~~~~~~~~~~~~~~
[15:03:43:487][  info  ][    SpecCom    ][997476]: Soft resetting all ...
[15:03:43:487][  info  ][    SpecCom    ][997476]: Flushing buffers ...
[15:03:43:487][  info  ][    SpecCom    ][997476]: Init success!
[15:03:43:487][  info  ][    SpecRx     ][997476]: Delay lane 0 fixed to 18
[15:03:43:487][  info  ][    SpecRx     ][997476]: Delay lane 1 fixed to 5
[15:03:43:487][  info  ][    SpecRx     ][997476]: Delay lane 2 fixed to 4
[15:03:43:487][  info  ][    SpecRx     ][997476]: Delay lane 3 fixed to 0
[15:03:43:487][  info  ][    SpecRx     ][997476]: Delay lane 4 fixed to 0
[15:03:43:487][  info  ][    SpecRx     ][997476]: Delay lane 5 fixed to 0
[15:03:43:487][  info  ][    SpecRx     ][997476]: Delay lane 6 fixed to 0
[15:03:43:487][  info  ][    SpecRx     ][997476]: Delay lane 7 fixed to 0
[15:03:43:487][  info  ][    SpecRx     ][997476]: Delay lane 8 fixed to 0
[15:03:43:487][  info  ][    SpecRx     ][997476]: Delay lane 9 fixed to 0
[15:03:43:487][  info  ][    SpecRx     ][997476]: Delay lane 10 fixed to 0
[15:03:43:487][  info  ][    SpecRx     ][997476]: Delay lane 11 fixed to 0
[15:03:43:487][  info  ][    SpecRx     ][997476]: Delay lane 12 fixed to 0
[15:03:43:487][  info  ][    SpecRx     ][997476]: Delay lane 13 fixed to 0
[15:03:43:487][  info  ][    SpecRx     ][997476]: Delay lane 14 fixed to 0
[15:03:43:487][  info  ][    SpecRx     ][997476]: Delay lane 15 fixed to 0
[15:03:43:487][  info  ][  ScanHelper   ][997476]: Loaded controller config:
[15:03:43:487][  info  ][  ScanHelper   ][997476]: ~~~ {
[15:03:43:487][  info  ][  ScanHelper   ][997476]: ~~~     "cmdPeriod": 6.25e-09,
[15:03:43:487][  info  ][  ScanHelper   ][997476]: ~~~     "delay": [18, 5, 4, 0, 0, 0, 0, 0, 0, 0, 0, 0, 0, 0, 0, 0],
[15:03:43:487][  info  ][  ScanHelper   ][997476]: ~~~     "idle": {
[15:03:43:487][  info  ][  ScanHelper   ][997476]: ~~~         "word": 2863311530
[15:03:43:487][  info  ][  ScanHelper   ][997476]: ~~~     },
[15:03:43:487][  info  ][  ScanHelper   ][997476]: ~~~     "pulse": {
[15:03:43:487][  info  ][  ScanHelper   ][997476]: ~~~         "interval": 500,
[15:03:43:487][  info  ][  ScanHelper   ][997476]: ~~~         "word": 0
[15:03:43:487][  info  ][  ScanHelper   ][997476]: ~~~     },
[15:03:43:487][  info  ][  ScanHelper   ][997476]: ~~~     "rxActiveLanes": 1,
[15:03:43:487][  info  ][  ScanHelper   ][997476]: ~~~     "rxPolarity": 65535,
[15:03:43:487][  info  ][  ScanHelper   ][997476]: ~~~     "specNum": 0,
[15:03:43:487][  info  ][  ScanHelper   ][997476]: ~~~     "spiConfig": 541200,
[15:03:43:487][  info  ][  ScanHelper   ][997476]: ~~~     "sync": {
[15:03:43:487][  info  ][  ScanHelper   ][997476]: ~~~         "interval": 16,
[15:03:43:487][  info  ][  ScanHelper   ][997476]: ~~~         "word": 2172551550
[15:03:43:487][  info  ][  ScanHelper   ][997476]: ~~~     },
[15:03:43:487][  info  ][  ScanHelper   ][997476]: ~~~     "txPolarity": 0
[15:03:43:487][  info  ][  ScanHelper   ][997476]: ~~~ }
[15:03:43:487][  info  ][  ScanConsole  ][997476]: [1;31m#######################[0m
[15:03:43:487][  info  ][  ScanConsole  ][997476]: [1;31m##  Loading Configs  ##[0m
[15:03:43:487][  info  ][  ScanConsole  ][997476]: [1;31m#######################[0m
[15:03:43:487][  info  ][  ScanHelper   ][997476]: Chip type: RD53B
[15:03:43:487][  info  ][  ScanHelper   ][997476]: Chip count 4
[15:03:43:487][  info  ][  ScanHelper   ][997476]: Loading chip config #0
[15:03:43:487][  info  ][  Bookkeeper   ][997476]: Added FE: Tx(0), Rx(2), RegRx(2) under ID 0
[15:03:43:487][ error  ][ Rd53bPixelCfg ][997476]: Could not find pixel registers config, using default!
[15:03:43:487][  info  ][  ScanHelper   ][997476]: Loading chip config #1
[15:03:43:488][  info  ][  Bookkeeper   ][997476]: Added FE: Tx(0), Rx(1), RegRx(1) under ID 1
[15:03:43:488][ error  ][ Rd53bPixelCfg ][997476]: Could not find pixel registers config, using default!
[15:03:43:488][  info  ][  ScanHelper   ][997476]: Loading chip config #2
[15:03:43:488][  info  ][  Bookkeeper   ][997476]: Added FE: Tx(0), Rx(0), RegRx(0) under ID 2
[15:03:43:488][ error  ][ Rd53bPixelCfg ][997476]: Could not find pixel registers config, using default!
[15:03:43:488][  info  ][  ScanHelper   ][997476]: Loading chip config #3
[15:03:43:488][warning ][  ScanHelper   ][997476]:  ... chip not enabled, skip config!
[15:03:44:545][  info  ][  ScanConsole  ][997476]: [1;31m#####################[0m
[15:03:44:545][  info  ][  ScanConsole  ][997476]: [1;31m##  Configure FEs  ##[0m
[15:03:44:545][  info  ][  ScanConsole  ][997476]: [1;31m#####################[0m
[15:03:44:545][  info  ][  ScanConsole  ][997476]: Configuring 0x17349
[15:03:44:845][  info  ][  ScanConsole  ][997476]: Configuring 0x17359
[15:03:45:143][  info  ][  ScanConsole  ][997476]: Configuring 0x17379
[15:03:45:438][  info  ][  ScanConsole  ][997476]: Sent configuration to all FEs in 913 ms!
[15:03:45:438][  info  ][     Rd53b     ][997476]: Performing soft reset ...
[15:03:45:439][  info  ][  ScanConsole  ][997476]: Checking com 0x17349
[15:03:45:539][  info  ][    SpecRx     ][997476]: Active Rx channels: 0x4
[15:03:45:539][  info  ][    SpecRx     ][997476]: Active Rx lanes: 0x1
[15:03:45:539][  info  ][    SpecRx     ][997476]: Rx Status 0x7
[15:03:45:539][  info  ][    SpecRx     ][997476]: Number of lanes: 1
[15:03:45:539][  info  ][    SpecRx     ][997476]: Channel 2 Lane 0 synchronized!
[15:03:45:760][  info  ][     Rd53b     ][997476]: Chip serial number obtained from e-fuse data (raw): 0x11734915
[15:03:45:760][  info  ][     Rd53b     ][997476]: Chip serial number obtained from e-fuse data: 0x17349
[15:03:45:760][  info  ][     Rd53b     ][997476]: Matched chip serial number: 0x17349
[15:03:45:760][  info  ][  ScanConsole  ][997476]: ... success!
[15:03:45:760][  info  ][  ScanConsole  ][997476]: Checking com 0x17359
[15:03:45:860][  info  ][    SpecRx     ][997476]: Active Rx channels: 0x2
[15:03:45:861][  info  ][    SpecRx     ][997476]: Active Rx lanes: 0x1
[15:03:45:861][  info  ][    SpecRx     ][997476]: Rx Status 0x7
[15:03:45:861][  info  ][    SpecRx     ][997476]: Number of lanes: 1
[15:03:45:861][  info  ][    SpecRx     ][997476]: Channel 1 Lane 0 synchronized!
[15:03:46:081][  info  ][     Rd53b     ][997476]: Chip serial number obtained from e-fuse data (raw): 0x1173591c
[15:03:46:081][  info  ][     Rd53b     ][997476]: Chip serial number obtained from e-fuse data: 0x17359
[15:03:46:081][  info  ][     Rd53b     ][997476]: Matched chip serial number: 0x17359
[15:03:46:081][  info  ][  ScanConsole  ][997476]: ... success!
[15:03:46:081][  info  ][  ScanConsole  ][997476]: Checking com 0x17379
[15:03:46:181][  info  ][    SpecRx     ][997476]: Active Rx channels: 0x1
[15:03:46:181][  info  ][    SpecRx     ][997476]: Active Rx lanes: 0x1
[15:03:46:181][  info  ][    SpecRx     ][997476]: Rx Status 0x7
[15:03:46:181][  info  ][    SpecRx     ][997476]: Number of lanes: 1
[15:03:46:181][  info  ][    SpecRx     ][997476]: Channel 0 Lane 0 synchronized!
[15:03:46:402][  info  ][     Rd53b     ][997476]: Chip serial number obtained from e-fuse data (raw): 0x11737916
[15:03:46:402][  info  ][     Rd53b     ][997476]: Chip serial number obtained from e-fuse data: 0x17379
[15:03:46:402][  info  ][     Rd53b     ][997476]: Matched chip serial number: 0x17379
[15:03:46:402][  info  ][  ScanConsole  ][997476]: ... success!

[yarr] configure module
Writing output measurements in /home/opmd/Module_QC/module-qc-database-tools/OX0006/20UPGM22110561/Measurements/ADC_CALIBRATION/2025-07-11_150338
Done!
TimeEnd: 2025-07-11_150442
Deleting temporary files: /tmp/tmpyrcduhqx
