Using /home/opmd/Module_QC/configs/new_hw_config_v1.1.json for hardware config
Using /home/opmd/Module_QC/py3_venv/lib/python3.9/site-packages/module_qc_tools/data/configs/meas_config.json for measurement config
Will use 5.88 A for PS current (4 chips)
YARR version: v1.5.5
Creating temporary connectivity file and chip configs without pixel config in /tmp/tmp1le0zfgb
hv_status {'voltage': -120.0228, 'current': -9.660085e-06}
Sending command (attempt 0): 
./bin/scanConsole -r configs/controller/specCfg-rd53b-16x1.json -c /tmp/tmp1le0zfgb/20UPGM22110561_L2_warm_noPixConfig.json 
Sending command: 
./bin/scanConsole -r configs/controller/specCfg-rd53b-16x1.json -c /tmp/tmp1le0zfgb/20UPGM22110561_L2_warm_noPixConfig.json 
[2025-07-11 15:33:43.375] [info] Configuring logger ...
[15:33:43:375][  info  ][  ScanConsole  ][1001840]: [1;31m#####################################[0m
[15:33:43:375][  info  ][  ScanConsole  ][1001840]: [1;31m##  Welcome to YARR - ScanConsole  ##[0m
[15:33:43:375][  info  ][  ScanConsole  ][1001840]: [1;31m#####################################[0m
[15:33:43:375][  info  ][  ScanHelper   ][1001840]: Chip type: RD53B
[15:33:43:375][  info  ][  ScanHelper   ][1001840]: Chip count 4
[15:33:43:375][  info  ][  ScanHelper   ][1001840]: Loading chip #0
[15:33:43:375][  info  ][  ScanHelper   ][1001840]: Loading config file: /tmp/tmp1le0zfgb/0x17349_L2_warm_noPixConfig.json
[15:33:43:375][  info  ][  ScanHelper   ][1001840]: GlobalConfig overwrite file not found, skipping overwrite.
[15:33:43:376][  info  ][  ScanHelper   ][1001840]: Loading chip #1
[15:33:43:376][  info  ][  ScanHelper   ][1001840]: Loading config file: /tmp/tmp1le0zfgb/0x17359_L2_warm_noPixConfig.json
[15:33:43:376][  info  ][  ScanHelper   ][1001840]: GlobalConfig overwrite file not found, skipping overwrite.
[15:33:43:376][  info  ][  ScanHelper   ][1001840]: Loading chip #2
[15:33:43:376][  info  ][  ScanHelper   ][1001840]: Loading config file: /tmp/tmp1le0zfgb/0x17379_L2_warm_noPixConfig.json
[15:33:43:376][  info  ][  ScanHelper   ][1001840]: GlobalConfig overwrite file not found, skipping overwrite.
[15:33:43:376][  info  ][  ScanHelper   ][1001840]: Loading chip #3
[15:33:43:376][warning ][  ScanHelper   ][1001840]:  ... chip not enabled, skipping!
[15:33:43:381][  info  ][  ScanConsole  ][1001840]: No scan configuration provided, will only configure front-ends
[15:33:43:381][  info  ][  ScanConsole  ][1001840]: Connectivity:
[15:33:43:381][  info  ][  ScanConsole  ][1001840]:     /tmp/tmp1le0zfgb/20UPGM22110561_L2_warm_noPixConfig.json
[15:33:43:381][  info  ][  ScanConsole  ][1001840]: Target ToT: -1
[15:33:43:381][  info  ][  ScanConsole  ][1001840]: Target Charge: -1
[15:33:43:381][  info  ][  ScanConsole  ][1001840]: Output Plots: false
[15:33:43:381][  info  ][  ScanConsole  ][1001840]: Output Directory: ./data/001860_/
[15:33:43:381][  info  ][  ScanConsole  ][1001840]: Timestamp: 2025-07-11_15:33:43
[15:33:43:381][  info  ][  ScanConsole  ][1001840]: Run Number: 1860
[15:33:43:381][  info  ][  ScanConsole  ][1001840]: [1;31m#####################[0m
[15:33:43:381][  info  ][  ScanConsole  ][1001840]: [1;31m##  Init Hardware  ##[0m
[15:33:43:381][  info  ][  ScanConsole  ][1001840]: [1;31m#####################[0m
[15:33:43:381][  info  ][  ScanConsole  ][1001840]: -> Opening controller config: configs/controller/specCfg-rd53b-16x1.json
[15:33:43:381][  info  ][  ScanHelper   ][1001840]: Loading controller ...
[15:33:43:381][  info  ][  ScanHelper   ][1001840]: Found controller of type: spec
[15:33:43:381][  info  ][    SpecCom    ][1001840]: Opening SPEC with id #0
[15:33:43:381][  info  ][    SpecCom    ][1001840]: Mapping BARs ...
[15:33:43:381][  info  ][    SpecCom    ][1001840]: ... Mapped BAR0 at 0x7f3af9b00000 with size 1048576
[15:33:43:381][  info  ][    SpecCom    ][1001840]: ~~~~~~~~~~~~~~~~~~~~~~~~~~~
[15:33:43:381][  info  ][    SpecCom    ][1001840]: Firmware Hash: 0x7b14549
[15:33:43:381][  info  ][    SpecCom    ][1001840]: Firmware Version: v1.5.0
[15:33:43:381][  info  ][    SpecCom    ][1001840]: Firmware Identifier: 0x2030242
[15:33:43:381][  info  ][    SpecCom    ][1001840]: FPGA card: Trenz TEF1001_R2
[15:33:43:381][  info  ][    SpecCom    ][1001840]: FE Chip Type: RD53A/B/C
[15:33:43:381][  info  ][    SpecCom    ][1001840]: FMC Card Type: Ohio Card (Display Port)
[15:33:43:381][  info  ][    SpecCom    ][1001840]: RX Speed: 1280Mbps
[15:33:43:381][  info  ][    SpecCom    ][1001840]: Channel Configuration: 16x1
[15:33:43:381][  info  ][    SpecCom    ][1001840]: LPM Status: 0
[15:33:43:381][  info  ][    SpecCom    ][1001840]: ~~~~~~~~~~~~~~~~~~~~~~~~~~~
[15:33:43:381][  info  ][    SpecCom    ][1001840]: Soft resetting all ...
[15:33:43:381][  info  ][    SpecCom    ][1001840]: Flushing buffers ...
[15:33:43:381][  info  ][    SpecCom    ][1001840]: Init success!
[15:33:43:381][  info  ][    SpecRx     ][1001840]: Delay lane 0 fixed to 18
[15:33:43:381][  info  ][    SpecRx     ][1001840]: Delay lane 1 fixed to 6
[15:33:43:381][  info  ][    SpecRx     ][1001840]: Delay lane 2 fixed to 4
[15:33:43:381][  info  ][    SpecRx     ][1001840]: Delay lane 3 fixed to 0
[15:33:43:381][  info  ][    SpecRx     ][1001840]: Delay lane 4 fixed to 0
[15:33:43:381][  info  ][    SpecRx     ][1001840]: Delay lane 5 fixed to 0
[15:33:43:381][  info  ][    SpecRx     ][1001840]: Delay lane 6 fixed to 0
[15:33:43:381][  info  ][    SpecRx     ][1001840]: Delay lane 7 fixed to 0
[15:33:43:381][  info  ][    SpecRx     ][1001840]: Delay lane 8 fixed to 0
[15:33:43:381][  info  ][    SpecRx     ][1001840]: Delay lane 9 fixed to 0
[15:33:43:381][  info  ][    SpecRx     ][1001840]: Delay lane 10 fixed to 0
[15:33:43:381][  info  ][    SpecRx     ][1001840]: Delay lane 11 fixed to 0
[15:33:43:381][  info  ][    SpecRx     ][1001840]: Delay lane 12 fixed to 0
[15:33:43:381][  info  ][    SpecRx     ][1001840]: Delay lane 13 fixed to 0
[15:33:43:381][  info  ][    SpecRx     ][1001840]: Delay lane 14 fixed to 0
[15:33:43:381][  info  ][    SpecRx     ][1001840]: Delay lane 15 fixed to 0
[15:33:43:381][  info  ][  ScanHelper   ][1001840]: Loaded controller config:
[15:33:43:381][  info  ][  ScanHelper   ][1001840]: ~~~ {
[15:33:43:381][  info  ][  ScanHelper   ][1001840]: ~~~     "cmdPeriod": 6.25e-09,
[15:33:43:381][  info  ][  ScanHelper   ][1001840]: ~~~     "delay": [18, 6, 4, 0, 0, 0, 0, 0, 0, 0, 0, 0, 0, 0, 0, 0],
[15:33:43:381][  info  ][  ScanHelper   ][1001840]: ~~~     "idle": {
[15:33:43:381][  info  ][  ScanHelper   ][1001840]: ~~~         "word": 2863311530
[15:33:43:381][  info  ][  ScanHelper   ][1001840]: ~~~     },
[15:33:43:381][  info  ][  ScanHelper   ][1001840]: ~~~     "pulse": {
[15:33:43:381][  info  ][  ScanHelper   ][1001840]: ~~~         "interval": 500,
[15:33:43:381][  info  ][  ScanHelper   ][1001840]: ~~~         "word": 0
[15:33:43:381][  info  ][  ScanHelper   ][1001840]: ~~~     },
[15:33:43:381][  info  ][  ScanHelper   ][1001840]: ~~~     "rxActiveLanes": 1,
[15:33:43:381][  info  ][  ScanHelper   ][1001840]: ~~~     "rxPolarity": 65535,
[15:33:43:381][  info  ][  ScanHelper   ][1001840]: ~~~     "specNum": 0,
[15:33:43:381][  info  ][  ScanHelper   ][1001840]: ~~~     "spiConfig": 541200,
[15:33:43:381][  info  ][  ScanHelper   ][1001840]: ~~~     "sync": {
[15:33:43:381][  info  ][  ScanHelper   ][1001840]: ~~~         "interval": 16,
[15:33:43:381][  info  ][  ScanHelper   ][1001840]: ~~~         "word": 2172551550
[15:33:43:381][  info  ][  ScanHelper   ][1001840]: ~~~     },
[15:33:43:381][  info  ][  ScanHelper   ][1001840]: ~~~     "txPolarity": 0
[15:33:43:381][  info  ][  ScanHelper   ][1001840]: ~~~ }
[15:33:43:381][  info  ][  ScanConsole  ][1001840]: [1;31m#######################[0m
[15:33:43:381][  info  ][  ScanConsole  ][1001840]: [1;31m##  Loading Configs  ##[0m
[15:33:43:381][  info  ][  ScanConsole  ][1001840]: [1;31m#######################[0m
[15:33:43:381][  info  ][  ScanHelper   ][1001840]: Chip type: RD53B
[15:33:43:381][  info  ][  ScanHelper   ][1001840]: Chip count 4
[15:33:43:381][  info  ][  ScanHelper   ][1001840]: Loading chip config #0
[15:33:43:381][  info  ][  Bookkeeper   ][1001840]: Added FE: Tx(0), Rx(2), RegRx(2) under ID 0
[15:33:43:381][ error  ][ Rd53bPixelCfg ][1001840]: Could not find pixel registers config, using default!
[15:33:43:381][  info  ][  ScanHelper   ][1001840]: Loading chip config #1
[15:33:43:381][  info  ][  Bookkeeper   ][1001840]: Added FE: Tx(0), Rx(1), RegRx(1) under ID 1
[15:33:43:382][ error  ][ Rd53bPixelCfg ][1001840]: Could not find pixel registers config, using default!
[15:33:43:382][  info  ][  ScanHelper   ][1001840]: Loading chip config #2
[15:33:43:382][  info  ][  Bookkeeper   ][1001840]: Added FE: Tx(0), Rx(0), RegRx(0) under ID 2
[15:33:43:382][ error  ][ Rd53bPixelCfg ][1001840]: Could not find pixel registers config, using default!
[15:33:43:382][  info  ][  ScanHelper   ][1001840]: Loading chip config #3
[15:33:43:382][warning ][  ScanHelper   ][1001840]:  ... chip not enabled, skip config!
[15:33:44:344][  info  ][  ScanConsole  ][1001840]: [1;31m#####################[0m
[15:33:44:344][  info  ][  ScanConsole  ][1001840]: [1;31m##  Configure FEs  ##[0m
[15:33:44:344][  info  ][  ScanConsole  ][1001840]: [1;31m#####################[0m
[15:33:44:344][  info  ][  ScanConsole  ][1001840]: Configuring 0x17349
[15:33:44:644][  info  ][  ScanConsole  ][1001840]: Configuring 0x17359
[15:33:44:935][  info  ][  ScanConsole  ][1001840]: Configuring 0x17379
[15:33:45:241][  info  ][  ScanConsole  ][1001840]: Sent configuration to all FEs in 917 ms!
[15:33:45:241][  info  ][     Rd53b     ][1001840]: Performing soft reset ...
[15:33:45:242][  info  ][  ScanConsole  ][1001840]: Checking com 0x17349
[15:33:45:343][  info  ][    SpecRx     ][1001840]: Active Rx channels: 0x4
[15:33:45:343][  info  ][    SpecRx     ][1001840]: Active Rx lanes: 0x1
[15:33:45:343][  info  ][    SpecRx     ][1001840]: Rx Status 0x7
[15:33:45:343][  info  ][    SpecRx     ][1001840]: Number of lanes: 1
[15:33:45:343][  info  ][    SpecRx     ][1001840]: Channel 2 Lane 0 synchronized!
[15:33:45:564][  info  ][     Rd53b     ][1001840]: Chip serial number obtained from e-fuse data (raw): 0x11734915
[15:33:45:564][  info  ][     Rd53b     ][1001840]: Chip serial number obtained from e-fuse data: 0x17349
[15:33:45:564][  info  ][     Rd53b     ][1001840]: Matched chip serial number: 0x17349
[15:33:45:564][  info  ][  ScanConsole  ][1001840]: ... success!
[15:33:45:564][  info  ][  ScanConsole  ][1001840]: Checking com 0x17359
[15:33:45:664][  info  ][    SpecRx     ][1001840]: Active Rx channels: 0x2
[15:33:45:664][  info  ][    SpecRx     ][1001840]: Active Rx lanes: 0x1
[15:33:45:664][  info  ][    SpecRx     ][1001840]: Rx Status 0x7
[15:33:45:664][  info  ][    SpecRx     ][1001840]: Number of lanes: 1
[15:33:45:664][  info  ][    SpecRx     ][1001840]: Channel 1 Lane 0 synchronized!
[15:33:45:885][  info  ][     Rd53b     ][1001840]: Chip serial number obtained from e-fuse data (raw): 0x1173591c
[15:33:45:885][  info  ][     Rd53b     ][1001840]: Chip serial number obtained from e-fuse data: 0x17359
[15:33:45:885][  info  ][     Rd53b     ][1001840]: Matched chip serial number: 0x17359
[15:33:45:885][  info  ][  ScanConsole  ][1001840]: ... success!
[15:33:45:885][  info  ][  ScanConsole  ][1001840]: Checking com 0x17379
[15:33:45:985][  info  ][    SpecRx     ][1001840]: Active Rx channels: 0x1
[15:33:45:985][  info  ][    SpecRx     ][1001840]: Active Rx lanes: 0x1
[15:33:45:985][  info  ][    SpecRx     ][1001840]: Rx Status 0x7
[15:33:45:985][  info  ][    SpecRx     ][1001840]: Number of lanes: 1
[15:33:45:985][  info  ][    SpecRx     ][1001840]: Channel 0 Lane 0 synchronized!
[15:33:46:206][  info  ][     Rd53b     ][1001840]: Chip serial number obtained from e-fuse data (raw): 0x11737916
[15:33:46:206][  info  ][     Rd53b     ][1001840]: Chip serial number obtained from e-fuse data: 0x17379
[15:33:46:206][  info  ][     Rd53b     ][1001840]: Matched chip serial number: 0x17379
[15:33:46:206][  info  ][  ScanConsole  ][1001840]: ... success!

[yarr] configure module
Writing output measurements in /home/opmd/Module_QC/module-qc-database-tools/OX0006/20UPGM22110561/Measurements/SLDO/2025-07-11_153338
Done!
TimeEnd: 2025-07-11_153926
Deleting temporary files: /tmp/tmp1le0zfgb
