Using /home/opmd/Module_QC/configs/new_hw_config_v1.1.json for hardware config
Using /home/opmd/Module_QC/py3_venv/lib/python3.9/site-packages/module_qc_tools/data/configs/meas_config.json for measurement config
Will use 5.88 A for PS current (4 chips)
YARR version: v1.5.5
Creating temporary connectivity file and chip configs without pixel config in /tmp/tmp2mxlbxq4
hv_status {'voltage': -120.0027, 'current': -1.547727e-05}
Sending command (attempt 0): 
./bin/scanConsole -r configs/controller/specCfg-rd53b-16x1.json -c /tmp/tmp2mxlbxq4/20UPGM22110561_L2_warm_noPixConfig.json 
Sending command: 
./bin/scanConsole -r configs/controller/specCfg-rd53b-16x1.json -c /tmp/tmp2mxlbxq4/20UPGM22110561_L2_warm_noPixConfig.json 
[2025-07-04 14:46:00.459] [info] Configuring logger ...
[14:46:00:459][  info  ][  ScanConsole  ][897336]: [1;31m#####################################[0m
[14:46:00:459][  info  ][  ScanConsole  ][897336]: [1;31m##  Welcome to YARR - ScanConsole  ##[0m
[14:46:00:459][  info  ][  ScanConsole  ][897336]: [1;31m#####################################[0m
[14:46:00:459][  info  ][  ScanHelper   ][897336]: Chip type: RD53B
[14:46:00:459][  info  ][  ScanHelper   ][897336]: Chip count 4
[14:46:00:459][  info  ][  ScanHelper   ][897336]: Loading chip #0
[14:46:00:459][  info  ][  ScanHelper   ][897336]: Loading config file: /tmp/tmp2mxlbxq4/0x17349_L2_warm_noPixConfig.json
[14:46:00:460][  info  ][  ScanHelper   ][897336]: GlobalConfig overwrite file not found, skipping overwrite.
[14:46:00:460][  info  ][  ScanHelper   ][897336]: Loading chip #1
[14:46:00:460][  info  ][  ScanHelper   ][897336]: Loading config file: /tmp/tmp2mxlbxq4/0x17359_L2_warm_noPixConfig.json
[14:46:00:460][  info  ][  ScanHelper   ][897336]: GlobalConfig overwrite file not found, skipping overwrite.
[14:46:00:460][  info  ][  ScanHelper   ][897336]: Loading chip #2
[14:46:00:460][  info  ][  ScanHelper   ][897336]: Loading config file: /tmp/tmp2mxlbxq4/0x17379_L2_warm_noPixConfig.json
[14:46:00:460][  info  ][  ScanHelper   ][897336]: GlobalConfig overwrite file not found, skipping overwrite.
[14:46:00:460][  info  ][  ScanHelper   ][897336]: Loading chip #3
[14:46:00:460][warning ][  ScanHelper   ][897336]:  ... chip not enabled, skipping!
[14:46:00:464][  info  ][  ScanConsole  ][897336]: No scan configuration provided, will only configure front-ends
[14:46:00:464][  info  ][  ScanConsole  ][897336]: Connectivity:
[14:46:00:464][  info  ][  ScanConsole  ][897336]:     /tmp/tmp2mxlbxq4/20UPGM22110561_L2_warm_noPixConfig.json
[14:46:00:464][  info  ][  ScanConsole  ][897336]: Target ToT: -1
[14:46:00:464][  info  ][  ScanConsole  ][897336]: Target Charge: -1
[14:46:00:464][  info  ][  ScanConsole  ][897336]: Output Plots: false
[14:46:00:464][  info  ][  ScanConsole  ][897336]: Output Directory: ./data/001828_/
[14:46:00:464][  info  ][  ScanConsole  ][897336]: Timestamp: 2025-07-04_14:46:00
[14:46:00:464][  info  ][  ScanConsole  ][897336]: Run Number: 1828
[14:46:00:464][  info  ][  ScanConsole  ][897336]: [1;31m#####################[0m
[14:46:00:464][  info  ][  ScanConsole  ][897336]: [1;31m##  Init Hardware  ##[0m
[14:46:00:464][  info  ][  ScanConsole  ][897336]: [1;31m#####################[0m
[14:46:00:464][  info  ][  ScanConsole  ][897336]: -> Opening controller config: configs/controller/specCfg-rd53b-16x1.json
[14:46:00:464][  info  ][  ScanHelper   ][897336]: Loading controller ...
[14:46:00:464][  info  ][  ScanHelper   ][897336]: Found controller of type: spec
[14:46:00:464][  info  ][    SpecCom    ][897336]: Opening SPEC with id #0
[14:46:00:464][  info  ][    SpecCom    ][897336]: Mapping BARs ...
[14:46:00:464][  info  ][    SpecCom    ][897336]: ... Mapped BAR0 at 0x7fdb2ad00000 with size 1048576
[14:46:00:464][  info  ][    SpecCom    ][897336]: ~~~~~~~~~~~~~~~~~~~~~~~~~~~
[14:46:00:464][  info  ][    SpecCom    ][897336]: Firmware Hash: 0x7b14549
[14:46:00:464][  info  ][    SpecCom    ][897336]: Firmware Version: v1.5.0
[14:46:00:464][  info  ][    SpecCom    ][897336]: Firmware Identifier: 0x2030242
[14:46:00:464][  info  ][    SpecCom    ][897336]: FPGA card: Trenz TEF1001_R2
[14:46:00:464][  info  ][    SpecCom    ][897336]: FE Chip Type: RD53A/B/C
[14:46:00:464][  info  ][    SpecCom    ][897336]: FMC Card Type: Ohio Card (Display Port)
[14:46:00:464][  info  ][    SpecCom    ][897336]: RX Speed: 1280Mbps
[14:46:00:464][  info  ][    SpecCom    ][897336]: Channel Configuration: 16x1
[14:46:00:464][  info  ][    SpecCom    ][897336]: LPM Status: 0
[14:46:00:464][  info  ][    SpecCom    ][897336]: ~~~~~~~~~~~~~~~~~~~~~~~~~~~
[14:46:00:464][  info  ][    SpecCom    ][897336]: Soft resetting all ...
[14:46:00:464][  info  ][    SpecCom    ][897336]: Flushing buffers ...
[14:46:00:464][  info  ][    SpecCom    ][897336]: Init success!
[14:46:00:464][  info  ][    SpecRx     ][897336]: Delay lane 0 fixed to 17
[14:46:00:464][  info  ][    SpecRx     ][897336]: Delay lane 1 fixed to 4
[14:46:00:464][  info  ][    SpecRx     ][897336]: Delay lane 2 fixed to 3
[14:46:00:464][  info  ][    SpecRx     ][897336]: Delay lane 3 fixed to 0
[14:46:00:464][  info  ][    SpecRx     ][897336]: Delay lane 4 fixed to 0
[14:46:00:464][  info  ][    SpecRx     ][897336]: Delay lane 5 fixed to 0
[14:46:00:464][  info  ][    SpecRx     ][897336]: Delay lane 6 fixed to 0
[14:46:00:464][  info  ][    SpecRx     ][897336]: Delay lane 7 fixed to 0
[14:46:00:464][  info  ][    SpecRx     ][897336]: Delay lane 8 fixed to 0
[14:46:00:464][  info  ][    SpecRx     ][897336]: Delay lane 9 fixed to 0
[14:46:00:464][  info  ][    SpecRx     ][897336]: Delay lane 10 fixed to 0
[14:46:00:464][  info  ][    SpecRx     ][897336]: Delay lane 11 fixed to 0
[14:46:00:464][  info  ][    SpecRx     ][897336]: Delay lane 12 fixed to 0
[14:46:00:464][  info  ][    SpecRx     ][897336]: Delay lane 13 fixed to 0
[14:46:00:464][  info  ][    SpecRx     ][897336]: Delay lane 14 fixed to 0
[14:46:00:464][  info  ][    SpecRx     ][897336]: Delay lane 15 fixed to 0
[14:46:00:464][  info  ][  ScanHelper   ][897336]: Loaded controller config:
[14:46:00:464][  info  ][  ScanHelper   ][897336]: ~~~ {
[14:46:00:464][  info  ][  ScanHelper   ][897336]: ~~~     "cmdPeriod": 6.25e-09,
[14:46:00:464][  info  ][  ScanHelper   ][897336]: ~~~     "delay": [17, 4, 3, 0, 0, 0, 0, 0, 0, 0, 0, 0, 0, 0, 0, 0],
[14:46:00:464][  info  ][  ScanHelper   ][897336]: ~~~     "idle": {
[14:46:00:464][  info  ][  ScanHelper   ][897336]: ~~~         "word": 2863311530
[14:46:00:464][  info  ][  ScanHelper   ][897336]: ~~~     },
[14:46:00:464][  info  ][  ScanHelper   ][897336]: ~~~     "pulse": {
[14:46:00:464][  info  ][  ScanHelper   ][897336]: ~~~         "interval": 500,
[14:46:00:464][  info  ][  ScanHelper   ][897336]: ~~~         "word": 0
[14:46:00:464][  info  ][  ScanHelper   ][897336]: ~~~     },
[14:46:00:464][  info  ][  ScanHelper   ][897336]: ~~~     "rxActiveLanes": 1,
[14:46:00:464][  info  ][  ScanHelper   ][897336]: ~~~     "rxPolarity": 65535,
[14:46:00:464][  info  ][  ScanHelper   ][897336]: ~~~     "specNum": 0,
[14:46:00:464][  info  ][  ScanHelper   ][897336]: ~~~     "spiConfig": 541200,
[14:46:00:464][  info  ][  ScanHelper   ][897336]: ~~~     "sync": {
[14:46:00:464][  info  ][  ScanHelper   ][897336]: ~~~         "interval": 16,
[14:46:00:464][  info  ][  ScanHelper   ][897336]: ~~~         "word": 2172551550
[14:46:00:464][  info  ][  ScanHelper   ][897336]: ~~~     },
[14:46:00:464][  info  ][  ScanHelper   ][897336]: ~~~     "txPolarity": 0
[14:46:00:464][  info  ][  ScanHelper   ][897336]: ~~~ }
[14:46:00:464][  info  ][  ScanConsole  ][897336]: [1;31m#######################[0m
[14:46:00:464][  info  ][  ScanConsole  ][897336]: [1;31m##  Loading Configs  ##[0m
[14:46:00:464][  info  ][  ScanConsole  ][897336]: [1;31m#######################[0m
[14:46:00:464][  info  ][  ScanHelper   ][897336]: Chip type: RD53B
[14:46:00:464][  info  ][  ScanHelper   ][897336]: Chip count 4
[14:46:00:464][  info  ][  ScanHelper   ][897336]: Loading chip config #0
[14:46:00:464][  info  ][  Bookkeeper   ][897336]: Added FE: Tx(0), Rx(2), RegRx(2) under ID 0
[14:46:00:464][ error  ][Rd53bGlobalCfg ][897336]: Could not find register "AiRegionRow" using default!
[14:46:00:464][ error  ][Rd53bGlobalCfg ][897336]: Could not find register "AuroraCBSend" using default!
[14:46:00:464][ error  ][Rd53bGlobalCfg ][897336]: Could not find register "AuroraCBWait0" using default!
[14:46:00:464][ error  ][Rd53bGlobalCfg ][897336]: Could not find register "AuroraCBWait1" using default!
[14:46:00:464][ error  ][Rd53bGlobalCfg ][897336]: Could not find register "AuroraCCSend" using default!
[14:46:00:464][ error  ][Rd53bGlobalCfg ][897336]: Could not find register "AuroraCCWait" using default!
[14:46:00:464][ error  ][Rd53bGlobalCfg ][897336]: Could not find register "AuroraEnPrbs" using default!
[14:46:00:464][ error  ][Rd53bGlobalCfg ][897336]: Could not find register "AuroraInitWait" using default!
[14:46:00:464][ error  ][Rd53bGlobalCfg ][897336]: Could not find register "AutoRead0" using default!
[14:46:00:464][ error  ][Rd53bGlobalCfg ][897336]: Could not find register "AutoRead1" using default!
[14:46:00:464][ error  ][Rd53bGlobalCfg ][897336]: Could not find register "AutoRead2" using default!
[14:46:00:464][ error  ][Rd53bGlobalCfg ][897336]: Could not find register "AutoRead3" using default!
[14:46:00:464][ error  ][Rd53bGlobalCfg ][897336]: Could not find register "AutoRead4" using default!
[14:46:00:464][ error  ][Rd53bGlobalCfg ][897336]: Could not find register "AutoRead5" using default!
[14:46:00:464][ error  ][Rd53bGlobalCfg ][897336]: Could not find register "AutoRead6" using default!
[14:46:00:464][ error  ][Rd53bGlobalCfg ][897336]: Could not find register "AutoRead7" using default!
[14:46:00:464][ error  ][Rd53bGlobalCfg ][897336]: Could not find register "BcidCnt" using default!
[14:46:00:464][ error  ][Rd53bGlobalCfg ][897336]: Could not find register "BitFlipErrCnt" using default!
[14:46:00:464][ error  ][Rd53bGlobalCfg ][897336]: Could not find register "BitFlipWngCnt" using default!
[14:46:00:464][ error  ][Rd53bGlobalCfg ][897336]: Could not find register "CapMeasEn" using default!
[14:46:00:464][ error  ][Rd53bGlobalCfg ][897336]: Could not find register "CapMeasEnPar" using default!
[14:46:00:464][ error  ][Rd53bGlobalCfg ][897336]: Could not find register "CdrCp" using default!
[14:46:00:464][ error  ][Rd53bGlobalCfg ][897336]: Could not find register "CdrCpBuff" using default!
[14:46:00:464][ error  ][Rd53bGlobalCfg ][897336]: Could not find register "CdrCpFd" using default!
[14:46:00:464][ error  ][Rd53bGlobalCfg ][897336]: Could not find register "CdrOverwriteLimit" using default!
[14:46:00:464][ error  ][Rd53bGlobalCfg ][897336]: Could not find register "CdrPhaseDetSel" using default!
[14:46:00:464][ error  ][Rd53bGlobalCfg ][897336]: Could not find register "CdrVco" using default!
[14:46:00:464][ error  ][Rd53bGlobalCfg ][897336]: Could not find register "CdrVcoBuff" using default!
[14:46:00:464][ error  ][Rd53bGlobalCfg ][897336]: Could not find register "ChSyncLockThr" using default!
[14:46:00:464][ error  ][Rd53bGlobalCfg ][897336]: Could not find register "CmdErrCnt" using default!
[14:46:00:464][ error  ][Rd53bGlobalCfg ][897336]: Could not find register "DataEnBcid" using default!
[14:46:00:464][ error  ][Rd53bGlobalCfg ][897336]: Could not find register "DataEnBinaryRo" using default!
[14:46:00:464][ error  ][Rd53bGlobalCfg ][897336]: Could not find register "DataEnEos" using default!
[14:46:00:464][ error  ][Rd53bGlobalCfg ][897336]: Could not find register "DataEnHitRemoval" using default!
[14:46:00:464][ error  ][Rd53bGlobalCfg ][897336]: Could not find register "DataEnIsoHitRemoval" using default!
[14:46:00:464][ error  ][Rd53bGlobalCfg ][897336]: Could not find register "DataEnL1id" using default!
[14:46:00:464][ error  ][Rd53bGlobalCfg ][897336]: Could not find register "DataEnRaw" using default!
[14:46:00:464][ error  ][Rd53bGlobalCfg ][897336]: Could not find register "DataMaxHits" using default!
[14:46:00:464][ error  ][Rd53bGlobalCfg ][897336]: Could not find register "DataMaxTot" using default!
[14:46:00:464][ error  ][Rd53bGlobalCfg ][897336]: Could not find register "DataMergeEn" using default!
[14:46:00:464][ error  ][Rd53bGlobalCfg ][897336]: Could not find register "DataMergeEnBond" using default!
[14:46:00:464][ error  ][Rd53bGlobalCfg ][897336]: Could not find register "DataMergeEnClkGate" using default!
[14:46:00:464][ error  ][Rd53bGlobalCfg ][897336]: Could not find register "DataMergeInMux0" using default!
[14:46:00:464][ error  ][Rd53bGlobalCfg ][897336]: Could not find register "DataMergeInMux1" using default!
[14:46:00:464][ error  ][Rd53bGlobalCfg ][897336]: Could not find register "DataMergeInMux2" using default!
[14:46:00:464][ error  ][Rd53bGlobalCfg ][897336]: Could not find register "DataMergeInMux3" using default!
[14:46:00:464][ error  ][Rd53bGlobalCfg ][897336]: Could not find register "DataMergeInPol" using default!
[14:46:00:464][ error  ][Rd53bGlobalCfg ][897336]: Could not find register "DataMergeSelClk" using default!
[14:46:00:465][ error  ][Rd53bGlobalCfg ][897336]: Could not find register "DataReadDelay" using default!
[14:46:00:465][ error  ][Rd53bGlobalCfg ][897336]: Could not find register "DiffComp" using default!
[14:46:00:465][ error  ][Rd53bGlobalCfg ][897336]: Could not find register "DiffFbCapEn" using default!
[14:46:00:465][ error  ][Rd53bGlobalCfg ][897336]: Could not find register "DiffTh1L" using default!
[14:46:00:465][ error  ][Rd53bGlobalCfg ][897336]: Could not find register "DiffTh1M" using default!
[14:46:00:465][ error  ][Rd53bGlobalCfg ][897336]: Could not find register "DiffTh1R" using default!
[14:46:00:465][ error  ][Rd53bGlobalCfg ][897336]: Could not find register "DiffTh2" using default!
[14:46:00:465][ error  ][Rd53bGlobalCfg ][897336]: Could not find register "EfuseConfig" using default!
[14:46:00:465][ error  ][Rd53bGlobalCfg ][897336]: Could not find register "EfuseReadData0" using default!
[14:46:00:465][ error  ][Rd53bGlobalCfg ][897336]: Could not find register "EfuseReadData1" using default!
[14:46:00:465][ error  ][Rd53bGlobalCfg ][897336]: Could not find register "EfuseWriteData0" using default!
[14:46:00:465][ error  ][Rd53bGlobalCfg ][897336]: Could not find register "EfuseWriteData1" using default!
[14:46:00:465][ error  ][Rd53bGlobalCfg ][897336]: Could not find register "EnChipId" using default!
[14:46:00:465][ error  ][Rd53bGlobalCfg ][897336]: Could not find register "EnCoreColCal0" using default!
[14:46:00:465][ error  ][Rd53bGlobalCfg ][897336]: Could not find register "EnCoreColCal1" using default!
[14:46:00:465][ error  ][Rd53bGlobalCfg ][897336]: Could not find register "EnCoreColCal2" using default!
[14:46:00:465][ error  ][Rd53bGlobalCfg ][897336]: Could not find register "EnCoreColCal3" using default!
[14:46:00:465][ error  ][Rd53bGlobalCfg ][897336]: Could not find register "ErrWngMask" using default!
[14:46:00:465][ error  ][Rd53bGlobalCfg ][897336]: Could not find register "EvenMask" using default!
[14:46:00:465][ error  ][Rd53bGlobalCfg ][897336]: Could not find register "FineDelayClk" using default!
[14:46:00:465][ error  ][Rd53bGlobalCfg ][897336]: Could not find register "FineDelayData" using default!
[14:46:00:465][ error  ][Rd53bGlobalCfg ][897336]: Could not find register "GcrDefaultConfig" using default!
[14:46:00:465][ error  ][Rd53bGlobalCfg ][897336]: Could not find register "GcrDefaultConfigB" using default!
[14:46:00:465][ error  ][Rd53bGlobalCfg ][897336]: Could not find register "GlobalPulseConf" using default!
[14:46:00:465][ error  ][Rd53bGlobalCfg ][897336]: Could not find register "GlobalPulseWidth" using default!
[14:46:00:465][ error  ][Rd53bGlobalCfg ][897336]: Could not find register "GpCmosDs" using default!
[14:46:00:465][ error  ][Rd53bGlobalCfg ][897336]: Could not find register "GpCmosEn" using default!
[14:46:00:465][ error  ][Rd53bGlobalCfg ][897336]: Could not find register "GpCmosRoute" using default!
[14:46:00:465][ error  ][Rd53bGlobalCfg ][897336]: Could not find register "GpLvdsBias" using default!
[14:46:00:465][ error  ][Rd53bGlobalCfg ][897336]: Could not find register "GpLvdsEn" using default!
[14:46:00:465][ error  ][Rd53bGlobalCfg ][897336]: Could not find register "GpLvdsPad0" using default!
[14:46:00:465][ error  ][Rd53bGlobalCfg ][897336]: Could not find register "GpLvdsPad1" using default!
[14:46:00:465][ error  ][Rd53bGlobalCfg ][897336]: Could not find register "GpLvdsPad2" using default!
[14:46:00:465][ error  ][Rd53bGlobalCfg ][897336]: Could not find register "GpLvdsPad3" using default!
[14:46:00:465][ error  ][Rd53bGlobalCfg ][897336]: Could not find register "GpValReg" using default!
[14:46:00:465][ error  ][Rd53bGlobalCfg ][897336]: Could not find register "HitOrCnt0" using default!
[14:46:00:465][ error  ][Rd53bGlobalCfg ][897336]: Could not find register "HitOrCnt1" using default!
[14:46:00:465][ error  ][Rd53bGlobalCfg ][897336]: Could not find register "HitOrCnt2" using default!
[14:46:00:465][ error  ][Rd53bGlobalCfg ][897336]: Could not find register "HitOrCnt3" using default!
[14:46:00:465][ error  ][Rd53bGlobalCfg ][897336]: Could not find register "HitOrMask0" using default!
[14:46:00:465][ error  ][Rd53bGlobalCfg ][897336]: Could not find register "HitOrMask1" using default!
[14:46:00:465][ error  ][Rd53bGlobalCfg ][897336]: Could not find register "HitOrMask2" using default!
[14:46:00:465][ error  ][Rd53bGlobalCfg ][897336]: Could not find register "HitOrMask3" using default!
[14:46:00:465][ error  ][Rd53bGlobalCfg ][897336]: Could not find register "InjAnaMode" using default!
[14:46:00:465][ error  ][Rd53bGlobalCfg ][897336]: Could not find register "InjDigEn" using default!
[14:46:00:465][ error  ][Rd53bGlobalCfg ][897336]: Could not find register "InjFineDelay" using default!
[14:46:00:465][ error  ][Rd53bGlobalCfg ][897336]: Could not find register "InjVcalHigh" using default!
[14:46:00:465][ error  ][Rd53bGlobalCfg ][897336]: Could not find register "InjVcalMed" using default!
[14:46:00:465][ error  ][Rd53bGlobalCfg ][897336]: Could not find register "InjVcalRange" using default!
[14:46:00:465][ error  ][Rd53bGlobalCfg ][897336]: Could not find register "Latency" using default!
[14:46:00:465][ error  ][Rd53bGlobalCfg ][897336]: Could not find register "LinComp" using default!
[14:46:00:465][ error  ][Rd53bGlobalCfg ][897336]: Could not find register "LinCompTa" using default!
[14:46:00:465][ error  ][Rd53bGlobalCfg ][897336]: Could not find register "LinFc" using default!
[14:46:00:465][ error  ][Rd53bGlobalCfg ][897336]: Could not find register "LinGdacL" using default!
[14:46:00:465][ error  ][Rd53bGlobalCfg ][897336]: Could not find register "LinGdacM" using default!
[14:46:00:465][ error  ][Rd53bGlobalCfg ][897336]: Could not find register "LinGdacR" using default!
[14:46:00:465][ error  ][Rd53bGlobalCfg ][897336]: Could not find register "LinKrumCurr" using default!
[14:46:00:465][ error  ][Rd53bGlobalCfg ][897336]: Could not find register "LinLdac" using default!
[14:46:00:465][ error  ][Rd53bGlobalCfg ][897336]: Could not find register "LinPreampL" using default!
[14:46:00:465][ error  ][Rd53bGlobalCfg ][897336]: Could not find register "LinPreampM" using default!
[14:46:00:465][ error  ][Rd53bGlobalCfg ][897336]: Could not find register "LinPreampR" using default!
[14:46:00:465][ error  ][Rd53bGlobalCfg ][897336]: Could not find register "LinPreampT" using default!
[14:46:00:465][ error  ][Rd53bGlobalCfg ][897336]: Could not find register "LinPreampTL" using default!
[14:46:00:465][ error  ][Rd53bGlobalCfg ][897336]: Could not find register "LinPreampTR" using default!
[14:46:00:465][ error  ][Rd53bGlobalCfg ][897336]: Could not find register "LinRefKrum" using default!
[14:46:00:465][ error  ][Rd53bGlobalCfg ][897336]: Could not find register "LockLossCnt" using default!
[14:46:00:465][ error  ][Rd53bGlobalCfg ][897336]: Could not find register "MonAdcTrim" using default!
[14:46:00:465][ error  ][Rd53bGlobalCfg ][897336]: Could not find register "MonSensAcbDem" using default!
[14:46:00:465][ error  ][Rd53bGlobalCfg ][897336]: Could not find register "MonSensAcbEn" using default!
[14:46:00:465][ error  ][Rd53bGlobalCfg ][897336]: Could not find register "MonSensAcbSelBias" using default!
[14:46:00:465][ error  ][Rd53bGlobalCfg ][897336]: Could not find register "MonSensSldoAnaDem" using default!
[14:46:00:465][ error  ][Rd53bGlobalCfg ][897336]: Could not find register "MonSensSldoAnaEn" using default!
[14:46:00:465][ error  ][Rd53bGlobalCfg ][897336]: Could not find register "MonSensSldoAnaSelBias" using default!
[14:46:00:465][ error  ][Rd53bGlobalCfg ][897336]: Could not find register "MonSensSldoDigDem" using default!
[14:46:00:465][ error  ][Rd53bGlobalCfg ][897336]: Could not find register "MonSensSldoDigEn" using default!
[14:46:00:465][ error  ][Rd53bGlobalCfg ][897336]: Could not find register "MonSensSldoDigSelBias" using default!
[14:46:00:465][ error  ][Rd53bGlobalCfg ][897336]: Could not find register "MonitoringDataAdc" using default!
[14:46:00:465][ error  ][Rd53bGlobalCfg ][897336]: Could not find register "NtcDac" using default!
[14:46:00:465][ error  ][Rd53bGlobalCfg ][897336]: Could not find register "NumOfEventsInStream" using default!
[14:46:00:465][ error  ][Rd53bGlobalCfg ][897336]: Could not find register "OddMask" using default!
[14:46:00:465][ error  ][Rd53bGlobalCfg ][897336]: Could not find register "PixAutoRow" using default!
[14:46:00:465][ error  ][Rd53bGlobalCfg ][897336]: Could not find register "PixBroadcast" using default!
[14:46:00:465][ error  ][Rd53bGlobalCfg ][897336]: Could not find register "PixConfMode" using default!
[14:46:00:465][ error  ][Rd53bGlobalCfg ][897336]: Could not find register "PixDefaultConfig" using default!
[14:46:00:465][ error  ][Rd53bGlobalCfg ][897336]: Could not find register "PixDefaultConfigB" using default!
[14:46:00:465][ error  ][Rd53bGlobalCfg ][897336]: Could not find register "PixPortal" using default!
[14:46:00:465][ error  ][Rd53bGlobalCfg ][897336]: Could not find register "PixRegionCol" using default!
[14:46:00:465][ error  ][Rd53bGlobalCfg ][897336]: Could not find register "PixRegionRow" using default!
[14:46:00:465][ error  ][Rd53bGlobalCfg ][897336]: Could not find register "PtotCoreColEn0" using default!
[14:46:00:465][ error  ][Rd53bGlobalCfg ][897336]: Could not find register "PtotCoreColEn1" using default!
[14:46:00:465][ error  ][Rd53bGlobalCfg ][897336]: Could not find register "PtotCoreColEn2" using default!
[14:46:00:465][ error  ][Rd53bGlobalCfg ][897336]: Could not find register "PtotCoreColEn3" using default!
[14:46:00:465][ error  ][Rd53bGlobalCfg ][897336]: Could not find register "RdWrFifoErrCnt" using default!
[14:46:00:465][ error  ][Rd53bGlobalCfg ][897336]: Could not find register "ReadTrigCnt" using default!
[14:46:00:465][ error  ][Rd53bGlobalCfg ][897336]: Could not find register "ReadTrigLatency" using default!
[14:46:00:465][ error  ][Rd53bGlobalCfg ][897336]: Could not find register "RingOscAClear" using default!
[14:46:00:465][ error  ][Rd53bGlobalCfg ][897336]: Could not find register "RingOscAEn" using default!
[14:46:00:465][ error  ][Rd53bGlobalCfg ][897336]: Could not find register "RingOscAOut" using default!
[14:46:00:465][ error  ][Rd53bGlobalCfg ][897336]: Could not find register "RingOscARoute" using default!
[14:46:00:465][ error  ][Rd53bGlobalCfg ][897336]: Could not find register "RingOscBClear" using default!
[14:46:00:465][ error  ][Rd53bGlobalCfg ][897336]: Could not find register "RingOscBEnBl" using default!
[14:46:00:465][ error  ][Rd53bGlobalCfg ][897336]: Could not find register "RingOscBEnBr" using default!
[14:46:00:465][ error  ][Rd53bGlobalCfg ][897336]: Could not find register "RingOscBEnCapA" using default!
[14:46:00:465][ error  ][Rd53bGlobalCfg ][897336]: Could not find register "RingOscBEnFf" using default!
[14:46:00:465][ error  ][Rd53bGlobalCfg ][897336]: Could not find register "RingOscBEnLvt" using default!
[14:46:00:465][ error  ][Rd53bGlobalCfg ][897336]: Could not find register "RingOscBOut" using default!
[14:46:00:465][ error  ][Rd53bGlobalCfg ][897336]: Could not find register "RingOscBRoute" using default!
[14:46:00:465][ error  ][Rd53bGlobalCfg ][897336]: Could not find register "RstCoreCol0" using default!
[14:46:00:465][ error  ][Rd53bGlobalCfg ][897336]: Could not find register "RstCoreCol1" using default!
[14:46:00:465][ error  ][Rd53bGlobalCfg ][897336]: Could not find register "RstCoreCol2" using default!
[14:46:00:465][ error  ][Rd53bGlobalCfg ][897336]: Could not find register "RstCoreCol3" using default!
[14:46:00:465][ error  ][Rd53bGlobalCfg ][897336]: Could not find register "SelfTrigDelay" using default!
[14:46:00:465][ error  ][Rd53bGlobalCfg ][897336]: Could not find register "SelfTrigDigThr" using default!
[14:46:00:465][ error  ][Rd53bGlobalCfg ][897336]: Could not find register "SelfTrigDigThrEn" using default!
[14:46:00:465][ error  ][Rd53bGlobalCfg ][897336]: Could not find register "SelfTrigEn" using default!
[14:46:00:465][ error  ][Rd53bGlobalCfg ][897336]: Could not find register "SelfTrigMulti" using default!
[14:46:00:465][ error  ][Rd53bGlobalCfg ][897336]: Could not find register "SelfTrigPattern" using default!
[14:46:00:465][ error  ][Rd53bGlobalCfg ][897336]: Could not find register "SkippedTrigCnt" using default!
[14:46:00:465][ error  ][Rd53bGlobalCfg ][897336]: Could not find register "SldoEnUndershuntA" using default!
[14:46:00:465][ error  ][Rd53bGlobalCfg ][897336]: Could not find register "SldoEnUndershuntD" using default!
[14:46:00:465][ error  ][Rd53bGlobalCfg ][897336]: Could not find register "TotEn6b4b" using default!
[14:46:00:465][ error  ][Rd53bGlobalCfg ][897336]: Could not find register "TotEn80" using default!
[14:46:00:465][ error  ][Rd53bGlobalCfg ][897336]: Could not find register "TotEnPtoa" using default!
[14:46:00:465][ error  ][Rd53bGlobalCfg ][897336]: Could not find register "TotEnPtot" using default!
[14:46:00:465][ error  ][Rd53bGlobalCfg ][897336]: Could not find register "TotPtotLatency" using default!
[14:46:00:465][ error  ][Rd53bGlobalCfg ][897336]: Could not find register "TrigCnt" using default!
[14:46:00:465][ error  ][Rd53bGlobalCfg ][897336]: Could not find register "TruncTimeoutConf" using default!
[14:46:00:465][ error  ][Rd53bGlobalCfg ][897336]: Could not find register "TwoLevelTrig" using default!
[14:46:00:465][ error  ][Rd53bGlobalCfg ][897336]: Could not find register "VrefIn" using default!
[14:46:00:465][ error  ][Rd53bGlobalCfg ][897336]: Could not find register "VrefRsensBot" using default!
[14:46:00:465][ error  ][Rd53bGlobalCfg ][897336]: Could not find register "VrefRsensTop" using default!
[14:46:00:465][ error  ][ Rd53bPixelCfg ][897336]: Could not find pixel registers config, using default!
[14:46:00:465][  info  ][  ScanHelper   ][897336]: Loading chip config #1
[14:46:00:465][  info  ][  Bookkeeper   ][897336]: Added FE: Tx(0), Rx(1), RegRx(1) under ID 1
[14:46:00:465][ error  ][Rd53bGlobalCfg ][897336]: Could not find register "AiRegionRow" using default!
[14:46:00:465][ error  ][Rd53bGlobalCfg ][897336]: Could not find register "AuroraCBSend" using default!
[14:46:00:465][ error  ][Rd53bGlobalCfg ][897336]: Could not find register "AuroraCBWait0" using default!
[14:46:00:465][ error  ][Rd53bGlobalCfg ][897336]: Could not find register "AuroraCBWait1" using default!
[14:46:00:465][ error  ][Rd53bGlobalCfg ][897336]: Could not find register "AuroraCCSend" using default!
[14:46:00:465][ error  ][Rd53bGlobalCfg ][897336]: Could not find register "AuroraCCWait" using default!
[14:46:00:465][ error  ][Rd53bGlobalCfg ][897336]: Could not find register "AuroraEnPrbs" using default!
[14:46:00:465][ error  ][Rd53bGlobalCfg ][897336]: Could not find register "AuroraInitWait" using default!
[14:46:00:465][ error  ][Rd53bGlobalCfg ][897336]: Could not find register "AutoRead0" using default!
[14:46:00:465][ error  ][Rd53bGlobalCfg ][897336]: Could not find register "AutoRead1" using default!
[14:46:00:465][ error  ][Rd53bGlobalCfg ][897336]: Could not find register "AutoRead2" using default!
[14:46:00:465][ error  ][Rd53bGlobalCfg ][897336]: Could not find register "AutoRead3" using default!
[14:46:00:465][ error  ][Rd53bGlobalCfg ][897336]: Could not find register "AutoRead4" using default!
[14:46:00:465][ error  ][Rd53bGlobalCfg ][897336]: Could not find register "AutoRead5" using default!
[14:46:00:465][ error  ][Rd53bGlobalCfg ][897336]: Could not find register "AutoRead6" using default!
[14:46:00:465][ error  ][Rd53bGlobalCfg ][897336]: Could not find register "AutoRead7" using default!
[14:46:00:465][ error  ][Rd53bGlobalCfg ][897336]: Could not find register "BcidCnt" using default!
[14:46:00:465][ error  ][Rd53bGlobalCfg ][897336]: Could not find register "BitFlipErrCnt" using default!
[14:46:00:465][ error  ][Rd53bGlobalCfg ][897336]: Could not find register "BitFlipWngCnt" using default!
[14:46:00:465][ error  ][Rd53bGlobalCfg ][897336]: Could not find register "CapMeasEn" using default!
[14:46:00:465][ error  ][Rd53bGlobalCfg ][897336]: Could not find register "CapMeasEnPar" using default!
[14:46:00:465][ error  ][Rd53bGlobalCfg ][897336]: Could not find register "CdrCp" using default!
[14:46:00:465][ error  ][Rd53bGlobalCfg ][897336]: Could not find register "CdrCpBuff" using default!
[14:46:00:465][ error  ][Rd53bGlobalCfg ][897336]: Could not find register "CdrCpFd" using default!
[14:46:00:465][ error  ][Rd53bGlobalCfg ][897336]: Could not find register "CdrOverwriteLimit" using default!
[14:46:00:465][ error  ][Rd53bGlobalCfg ][897336]: Could not find register "CdrPhaseDetSel" using default!
[14:46:00:465][ error  ][Rd53bGlobalCfg ][897336]: Could not find register "CdrVco" using default!
[14:46:00:465][ error  ][Rd53bGlobalCfg ][897336]: Could not find register "CdrVcoBuff" using default!
[14:46:00:465][ error  ][Rd53bGlobalCfg ][897336]: Could not find register "ChSyncLockThr" using default!
[14:46:00:465][ error  ][Rd53bGlobalCfg ][897336]: Could not find register "CmdErrCnt" using default!
[14:46:00:465][ error  ][Rd53bGlobalCfg ][897336]: Could not find register "DataEnBcid" using default!
[14:46:00:465][ error  ][Rd53bGlobalCfg ][897336]: Could not find register "DataEnBinaryRo" using default!
[14:46:00:465][ error  ][Rd53bGlobalCfg ][897336]: Could not find register "DataEnEos" using default!
[14:46:00:465][ error  ][Rd53bGlobalCfg ][897336]: Could not find register "DataEnHitRemoval" using default!
[14:46:00:465][ error  ][Rd53bGlobalCfg ][897336]: Could not find register "DataEnIsoHitRemoval" using default!
[14:46:00:465][ error  ][Rd53bGlobalCfg ][897336]: Could not find register "DataEnL1id" using default!
[14:46:00:465][ error  ][Rd53bGlobalCfg ][897336]: Could not find register "DataEnRaw" using default!
[14:46:00:465][ error  ][Rd53bGlobalCfg ][897336]: Could not find register "DataMaxHits" using default!
[14:46:00:465][ error  ][Rd53bGlobalCfg ][897336]: Could not find register "DataMaxTot" using default!
[14:46:00:465][ error  ][Rd53bGlobalCfg ][897336]: Could not find register "DataMergeEn" using default!
[14:46:00:465][ error  ][Rd53bGlobalCfg ][897336]: Could not find register "DataMergeEnBond" using default!
[14:46:00:465][ error  ][Rd53bGlobalCfg ][897336]: Could not find register "DataMergeEnClkGate" using default!
[14:46:00:465][ error  ][Rd53bGlobalCfg ][897336]: Could not find register "DataMergeInMux0" using default!
[14:46:00:465][ error  ][Rd53bGlobalCfg ][897336]: Could not find register "DataMergeInMux1" using default!
[14:46:00:465][ error  ][Rd53bGlobalCfg ][897336]: Could not find register "DataMergeInMux2" using default!
[14:46:00:465][ error  ][Rd53bGlobalCfg ][897336]: Could not find register "DataMergeInMux3" using default!
[14:46:00:465][ error  ][Rd53bGlobalCfg ][897336]: Could not find register "DataMergeInPol" using default!
[14:46:00:465][ error  ][Rd53bGlobalCfg ][897336]: Could not find register "DataMergeSelClk" using default!
[14:46:00:465][ error  ][Rd53bGlobalCfg ][897336]: Could not find register "DataReadDelay" using default!
[14:46:00:465][ error  ][Rd53bGlobalCfg ][897336]: Could not find register "DiffComp" using default!
[14:46:00:465][ error  ][Rd53bGlobalCfg ][897336]: Could not find register "DiffFbCapEn" using default!
[14:46:00:465][ error  ][Rd53bGlobalCfg ][897336]: Could not find register "DiffTh1L" using default!
[14:46:00:465][ error  ][Rd53bGlobalCfg ][897336]: Could not find register "DiffTh1M" using default!
[14:46:00:465][ error  ][Rd53bGlobalCfg ][897336]: Could not find register "DiffTh1R" using default!
[14:46:00:465][ error  ][Rd53bGlobalCfg ][897336]: Could not find register "DiffTh2" using default!
[14:46:00:465][ error  ][Rd53bGlobalCfg ][897336]: Could not find register "EfuseConfig" using default!
[14:46:00:465][ error  ][Rd53bGlobalCfg ][897336]: Could not find register "EfuseReadData0" using default!
[14:46:00:465][ error  ][Rd53bGlobalCfg ][897336]: Could not find register "EfuseReadData1" using default!
[14:46:00:465][ error  ][Rd53bGlobalCfg ][897336]: Could not find register "EfuseWriteData0" using default!
[14:46:00:465][ error  ][Rd53bGlobalCfg ][897336]: Could not find register "EfuseWriteData1" using default!
[14:46:00:465][ error  ][Rd53bGlobalCfg ][897336]: Could not find register "EnChipId" using default!
[14:46:00:465][ error  ][Rd53bGlobalCfg ][897336]: Could not find register "EnCoreColCal0" using default!
[14:46:00:465][ error  ][Rd53bGlobalCfg ][897336]: Could not find register "EnCoreColCal1" using default!
[14:46:00:465][ error  ][Rd53bGlobalCfg ][897336]: Could not find register "EnCoreColCal2" using default!
[14:46:00:465][ error  ][Rd53bGlobalCfg ][897336]: Could not find register "EnCoreColCal3" using default!
[14:46:00:465][ error  ][Rd53bGlobalCfg ][897336]: Could not find register "ErrWngMask" using default!
[14:46:00:465][ error  ][Rd53bGlobalCfg ][897336]: Could not find register "EvenMask" using default!
[14:46:00:465][ error  ][Rd53bGlobalCfg ][897336]: Could not find register "FineDelayClk" using default!
[14:46:00:465][ error  ][Rd53bGlobalCfg ][897336]: Could not find register "FineDelayData" using default!
[14:46:00:465][ error  ][Rd53bGlobalCfg ][897336]: Could not find register "GcrDefaultConfig" using default!
[14:46:00:465][ error  ][Rd53bGlobalCfg ][897336]: Could not find register "GcrDefaultConfigB" using default!
[14:46:00:465][ error  ][Rd53bGlobalCfg ][897336]: Could not find register "GlobalPulseConf" using default!
[14:46:00:465][ error  ][Rd53bGlobalCfg ][897336]: Could not find register "GlobalPulseWidth" using default!
[14:46:00:465][ error  ][Rd53bGlobalCfg ][897336]: Could not find register "GpCmosDs" using default!
[14:46:00:465][ error  ][Rd53bGlobalCfg ][897336]: Could not find register "GpCmosEn" using default!
[14:46:00:465][ error  ][Rd53bGlobalCfg ][897336]: Could not find register "GpCmosRoute" using default!
[14:46:00:465][ error  ][Rd53bGlobalCfg ][897336]: Could not find register "GpLvdsBias" using default!
[14:46:00:465][ error  ][Rd53bGlobalCfg ][897336]: Could not find register "GpLvdsEn" using default!
[14:46:00:465][ error  ][Rd53bGlobalCfg ][897336]: Could not find register "GpLvdsPad0" using default!
[14:46:00:465][ error  ][Rd53bGlobalCfg ][897336]: Could not find register "GpLvdsPad1" using default!
[14:46:00:465][ error  ][Rd53bGlobalCfg ][897336]: Could not find register "GpLvdsPad2" using default!
[14:46:00:465][ error  ][Rd53bGlobalCfg ][897336]: Could not find register "GpLvdsPad3" using default!
[14:46:00:465][ error  ][Rd53bGlobalCfg ][897336]: Could not find register "GpValReg" using default!
[14:46:00:465][ error  ][Rd53bGlobalCfg ][897336]: Could not find register "HitOrCnt0" using default!
[14:46:00:465][ error  ][Rd53bGlobalCfg ][897336]: Could not find register "HitOrCnt1" using default!
[14:46:00:465][ error  ][Rd53bGlobalCfg ][897336]: Could not find register "HitOrCnt2" using default!
[14:46:00:465][ error  ][Rd53bGlobalCfg ][897336]: Could not find register "HitOrCnt3" using default!
[14:46:00:465][ error  ][Rd53bGlobalCfg ][897336]: Could not find register "HitOrMask0" using default!
[14:46:00:465][ error  ][Rd53bGlobalCfg ][897336]: Could not find register "HitOrMask1" using default!
[14:46:00:465][ error  ][Rd53bGlobalCfg ][897336]: Could not find register "HitOrMask2" using default!
[14:46:00:465][ error  ][Rd53bGlobalCfg ][897336]: Could not find register "HitOrMask3" using default!
[14:46:00:465][ error  ][Rd53bGlobalCfg ][897336]: Could not find register "InjAnaMode" using default!
[14:46:00:465][ error  ][Rd53bGlobalCfg ][897336]: Could not find register "InjDigEn" using default!
[14:46:00:465][ error  ][Rd53bGlobalCfg ][897336]: Could not find register "InjFineDelay" using default!
[14:46:00:465][ error  ][Rd53bGlobalCfg ][897336]: Could not find register "InjVcalHigh" using default!
[14:46:00:465][ error  ][Rd53bGlobalCfg ][897336]: Could not find register "InjVcalMed" using default!
[14:46:00:465][ error  ][Rd53bGlobalCfg ][897336]: Could not find register "InjVcalRange" using default!
[14:46:00:465][ error  ][Rd53bGlobalCfg ][897336]: Could not find register "Latency" using default!
[14:46:00:465][ error  ][Rd53bGlobalCfg ][897336]: Could not find register "LinComp" using default!
[14:46:00:465][ error  ][Rd53bGlobalCfg ][897336]: Could not find register "LinCompTa" using default!
[14:46:00:465][ error  ][Rd53bGlobalCfg ][897336]: Could not find register "LinFc" using default!
[14:46:00:465][ error  ][Rd53bGlobalCfg ][897336]: Could not find register "LinGdacL" using default!
[14:46:00:465][ error  ][Rd53bGlobalCfg ][897336]: Could not find register "LinGdacM" using default!
[14:46:00:465][ error  ][Rd53bGlobalCfg ][897336]: Could not find register "LinGdacR" using default!
[14:46:00:465][ error  ][Rd53bGlobalCfg ][897336]: Could not find register "LinKrumCurr" using default!
[14:46:00:465][ error  ][Rd53bGlobalCfg ][897336]: Could not find register "LinLdac" using default!
[14:46:00:465][ error  ][Rd53bGlobalCfg ][897336]: Could not find register "LinPreampL" using default!
[14:46:00:465][ error  ][Rd53bGlobalCfg ][897336]: Could not find register "LinPreampM" using default!
[14:46:00:465][ error  ][Rd53bGlobalCfg ][897336]: Could not find register "LinPreampR" using default!
[14:46:00:465][ error  ][Rd53bGlobalCfg ][897336]: Could not find register "LinPreampT" using default!
[14:46:00:465][ error  ][Rd53bGlobalCfg ][897336]: Could not find register "LinPreampTL" using default!
[14:46:00:465][ error  ][Rd53bGlobalCfg ][897336]: Could not find register "LinPreampTR" using default!
[14:46:00:465][ error  ][Rd53bGlobalCfg ][897336]: Could not find register "LinRefKrum" using default!
[14:46:00:465][ error  ][Rd53bGlobalCfg ][897336]: Could not find register "LockLossCnt" using default!
[14:46:00:465][ error  ][Rd53bGlobalCfg ][897336]: Could not find register "MonAdcTrim" using default!
[14:46:00:465][ error  ][Rd53bGlobalCfg ][897336]: Could not find register "MonSensAcbDem" using default!
[14:46:00:465][ error  ][Rd53bGlobalCfg ][897336]: Could not find register "MonSensAcbEn" using default!
[14:46:00:465][ error  ][Rd53bGlobalCfg ][897336]: Could not find register "MonSensAcbSelBias" using default!
[14:46:00:465][ error  ][Rd53bGlobalCfg ][897336]: Could not find register "MonSensSldoAnaDem" using default!
[14:46:00:465][ error  ][Rd53bGlobalCfg ][897336]: Could not find register "MonSensSldoAnaEn" using default!
[14:46:00:465][ error  ][Rd53bGlobalCfg ][897336]: Could not find register "MonSensSldoAnaSelBias" using default!
[14:46:00:465][ error  ][Rd53bGlobalCfg ][897336]: Could not find register "MonSensSldoDigDem" using default!
[14:46:00:465][ error  ][Rd53bGlobalCfg ][897336]: Could not find register "MonSensSldoDigEn" using default!
[14:46:00:465][ error  ][Rd53bGlobalCfg ][897336]: Could not find register "MonSensSldoDigSelBias" using default!
[14:46:00:465][ error  ][Rd53bGlobalCfg ][897336]: Could not find register "MonitoringDataAdc" using default!
[14:46:00:465][ error  ][Rd53bGlobalCfg ][897336]: Could not find register "NtcDac" using default!
[14:46:00:465][ error  ][Rd53bGlobalCfg ][897336]: Could not find register "NumOfEventsInStream" using default!
[14:46:00:465][ error  ][Rd53bGlobalCfg ][897336]: Could not find register "OddMask" using default!
[14:46:00:465][ error  ][Rd53bGlobalCfg ][897336]: Could not find register "PixAutoRow" using default!
[14:46:00:465][ error  ][Rd53bGlobalCfg ][897336]: Could not find register "PixBroadcast" using default!
[14:46:00:465][ error  ][Rd53bGlobalCfg ][897336]: Could not find register "PixConfMode" using default!
[14:46:00:465][ error  ][Rd53bGlobalCfg ][897336]: Could not find register "PixDefaultConfig" using default!
[14:46:00:465][ error  ][Rd53bGlobalCfg ][897336]: Could not find register "PixDefaultConfigB" using default!
[14:46:00:465][ error  ][Rd53bGlobalCfg ][897336]: Could not find register "PixPortal" using default!
[14:46:00:465][ error  ][Rd53bGlobalCfg ][897336]: Could not find register "PixRegionCol" using default!
[14:46:00:465][ error  ][Rd53bGlobalCfg ][897336]: Could not find register "PixRegionRow" using default!
[14:46:00:465][ error  ][Rd53bGlobalCfg ][897336]: Could not find register "PtotCoreColEn0" using default!
[14:46:00:465][ error  ][Rd53bGlobalCfg ][897336]: Could not find register "PtotCoreColEn1" using default!
[14:46:00:465][ error  ][Rd53bGlobalCfg ][897336]: Could not find register "PtotCoreColEn2" using default!
[14:46:00:465][ error  ][Rd53bGlobalCfg ][897336]: Could not find register "PtotCoreColEn3" using default!
[14:46:00:465][ error  ][Rd53bGlobalCfg ][897336]: Could not find register "RdWrFifoErrCnt" using default!
[14:46:00:465][ error  ][Rd53bGlobalCfg ][897336]: Could not find register "ReadTrigCnt" using default!
[14:46:00:465][ error  ][Rd53bGlobalCfg ][897336]: Could not find register "ReadTrigLatency" using default!
[14:46:00:465][ error  ][Rd53bGlobalCfg ][897336]: Could not find register "RingOscAClear" using default!
[14:46:00:465][ error  ][Rd53bGlobalCfg ][897336]: Could not find register "RingOscAEn" using default!
[14:46:00:465][ error  ][Rd53bGlobalCfg ][897336]: Could not find register "RingOscAOut" using default!
[14:46:00:465][ error  ][Rd53bGlobalCfg ][897336]: Could not find register "RingOscARoute" using default!
[14:46:00:465][ error  ][Rd53bGlobalCfg ][897336]: Could not find register "RingOscBClear" using default!
[14:46:00:465][ error  ][Rd53bGlobalCfg ][897336]: Could not find register "RingOscBEnBl" using default!
[14:46:00:465][ error  ][Rd53bGlobalCfg ][897336]: Could not find register "RingOscBEnBr" using default!
[14:46:00:465][ error  ][Rd53bGlobalCfg ][897336]: Could not find register "RingOscBEnCapA" using default!
[14:46:00:465][ error  ][Rd53bGlobalCfg ][897336]: Could not find register "RingOscBEnFf" using default!
[14:46:00:465][ error  ][Rd53bGlobalCfg ][897336]: Could not find register "RingOscBEnLvt" using default!
[14:46:00:465][ error  ][Rd53bGlobalCfg ][897336]: Could not find register "RingOscBOut" using default!
[14:46:00:465][ error  ][Rd53bGlobalCfg ][897336]: Could not find register "RingOscBRoute" using default!
[14:46:00:465][ error  ][Rd53bGlobalCfg ][897336]: Could not find register "RstCoreCol0" using default!
[14:46:00:465][ error  ][Rd53bGlobalCfg ][897336]: Could not find register "RstCoreCol1" using default!
[14:46:00:465][ error  ][Rd53bGlobalCfg ][897336]: Could not find register "RstCoreCol2" using default!
[14:46:00:465][ error  ][Rd53bGlobalCfg ][897336]: Could not find register "RstCoreCol3" using default!
[14:46:00:465][ error  ][Rd53bGlobalCfg ][897336]: Could not find register "SelfTrigDelay" using default!
[14:46:00:465][ error  ][Rd53bGlobalCfg ][897336]: Could not find register "SelfTrigDigThr" using default!
[14:46:00:465][ error  ][Rd53bGlobalCfg ][897336]: Could not find register "SelfTrigDigThrEn" using default!
[14:46:00:465][ error  ][Rd53bGlobalCfg ][897336]: Could not find register "SelfTrigEn" using default!
[14:46:00:465][ error  ][Rd53bGlobalCfg ][897336]: Could not find register "SelfTrigMulti" using default!
[14:46:00:465][ error  ][Rd53bGlobalCfg ][897336]: Could not find register "SelfTrigPattern" using default!
[14:46:00:465][ error  ][Rd53bGlobalCfg ][897336]: Could not find register "SkippedTrigCnt" using default!
[14:46:00:465][ error  ][Rd53bGlobalCfg ][897336]: Could not find register "SldoEnUndershuntA" using default!
[14:46:00:465][ error  ][Rd53bGlobalCfg ][897336]: Could not find register "SldoEnUndershuntD" using default!
[14:46:00:465][ error  ][Rd53bGlobalCfg ][897336]: Could not find register "TotEn6b4b" using default!
[14:46:00:465][ error  ][Rd53bGlobalCfg ][897336]: Could not find register "TotEn80" using default!
[14:46:00:465][ error  ][Rd53bGlobalCfg ][897336]: Could not find register "TotEnPtoa" using default!
[14:46:00:465][ error  ][Rd53bGlobalCfg ][897336]: Could not find register "TotEnPtot" using default!
[14:46:00:465][ error  ][Rd53bGlobalCfg ][897336]: Could not find register "TotPtotLatency" using default!
[14:46:00:465][ error  ][Rd53bGlobalCfg ][897336]: Could not find register "TrigCnt" using default!
[14:46:00:465][ error  ][Rd53bGlobalCfg ][897336]: Could not find register "TruncTimeoutConf" using default!
[14:46:00:465][ error  ][Rd53bGlobalCfg ][897336]: Could not find register "TwoLevelTrig" using default!
[14:46:00:465][ error  ][Rd53bGlobalCfg ][897336]: Could not find register "VrefIn" using default!
[14:46:00:465][ error  ][Rd53bGlobalCfg ][897336]: Could not find register "VrefRsensBot" using default!
[14:46:00:465][ error  ][Rd53bGlobalCfg ][897336]: Could not find register "VrefRsensTop" using default!
[14:46:00:465][ error  ][ Rd53bPixelCfg ][897336]: Could not find pixel registers config, using default!
[14:46:00:465][  info  ][  ScanHelper   ][897336]: Loading chip config #2
[14:46:00:465][  info  ][  Bookkeeper   ][897336]: Added FE: Tx(0), Rx(0), RegRx(0) under ID 2
[14:46:00:465][ error  ][Rd53bGlobalCfg ][897336]: Could not find register "AiRegionRow" using default!
[14:46:00:465][ error  ][Rd53bGlobalCfg ][897336]: Could not find register "AuroraCBSend" using default!
[14:46:00:465][ error  ][Rd53bGlobalCfg ][897336]: Could not find register "AuroraCBWait0" using default!
[14:46:00:465][ error  ][Rd53bGlobalCfg ][897336]: Could not find register "AuroraCBWait1" using default!
[14:46:00:465][ error  ][Rd53bGlobalCfg ][897336]: Could not find register "AuroraCCSend" using default!
[14:46:00:465][ error  ][Rd53bGlobalCfg ][897336]: Could not find register "AuroraCCWait" using default!
[14:46:00:465][ error  ][Rd53bGlobalCfg ][897336]: Could not find register "AuroraEnPrbs" using default!
[14:46:00:465][ error  ][Rd53bGlobalCfg ][897336]: Could not find register "AuroraInitWait" using default!
[14:46:00:465][ error  ][Rd53bGlobalCfg ][897336]: Could not find register "AutoRead0" using default!
[14:46:00:465][ error  ][Rd53bGlobalCfg ][897336]: Could not find register "AutoRead1" using default!
[14:46:00:465][ error  ][Rd53bGlobalCfg ][897336]: Could not find register "AutoRead2" using default!
[14:46:00:465][ error  ][Rd53bGlobalCfg ][897336]: Could not find register "AutoRead3" using default!
[14:46:00:465][ error  ][Rd53bGlobalCfg ][897336]: Could not find register "AutoRead4" using default!
[14:46:00:465][ error  ][Rd53bGlobalCfg ][897336]: Could not find register "AutoRead5" using default!
[14:46:00:465][ error  ][Rd53bGlobalCfg ][897336]: Could not find register "AutoRead6" using default!
[14:46:00:465][ error  ][Rd53bGlobalCfg ][897336]: Could not find register "AutoRead7" using default!
[14:46:00:465][ error  ][Rd53bGlobalCfg ][897336]: Could not find register "BcidCnt" using default!
[14:46:00:465][ error  ][Rd53bGlobalCfg ][897336]: Could not find register "BitFlipErrCnt" using default!
[14:46:00:465][ error  ][Rd53bGlobalCfg ][897336]: Could not find register "BitFlipWngCnt" using default!
[14:46:00:465][ error  ][Rd53bGlobalCfg ][897336]: Could not find register "CapMeasEn" using default!
[14:46:00:465][ error  ][Rd53bGlobalCfg ][897336]: Could not find register "CapMeasEnPar" using default!
[14:46:00:465][ error  ][Rd53bGlobalCfg ][897336]: Could not find register "CdrCp" using default!
[14:46:00:465][ error  ][Rd53bGlobalCfg ][897336]: Could not find register "CdrCpBuff" using default!
[14:46:00:465][ error  ][Rd53bGlobalCfg ][897336]: Could not find register "CdrCpFd" using default!
[14:46:00:465][ error  ][Rd53bGlobalCfg ][897336]: Could not find register "CdrOverwriteLimit" using default!
[14:46:00:465][ error  ][Rd53bGlobalCfg ][897336]: Could not find register "CdrPhaseDetSel" using default!
[14:46:00:465][ error  ][Rd53bGlobalCfg ][897336]: Could not find register "CdrVco" using default!
[14:46:00:465][ error  ][Rd53bGlobalCfg ][897336]: Could not find register "CdrVcoBuff" using default!
[14:46:00:465][ error  ][Rd53bGlobalCfg ][897336]: Could not find register "ChSyncLockThr" using default!
[14:46:00:465][ error  ][Rd53bGlobalCfg ][897336]: Could not find register "CmdErrCnt" using default!
[14:46:00:465][ error  ][Rd53bGlobalCfg ][897336]: Could not find register "DataEnBcid" using default!
[14:46:00:465][ error  ][Rd53bGlobalCfg ][897336]: Could not find register "DataEnBinaryRo" using default!
[14:46:00:465][ error  ][Rd53bGlobalCfg ][897336]: Could not find register "DataEnEos" using default!
[14:46:00:465][ error  ][Rd53bGlobalCfg ][897336]: Could not find register "DataEnHitRemoval" using default!
[14:46:00:465][ error  ][Rd53bGlobalCfg ][897336]: Could not find register "DataEnIsoHitRemoval" using default!
[14:46:00:465][ error  ][Rd53bGlobalCfg ][897336]: Could not find register "DataEnL1id" using default!
[14:46:00:465][ error  ][Rd53bGlobalCfg ][897336]: Could not find register "DataEnRaw" using default!
[14:46:00:465][ error  ][Rd53bGlobalCfg ][897336]: Could not find register "DataMaxHits" using default!
[14:46:00:465][ error  ][Rd53bGlobalCfg ][897336]: Could not find register "DataMaxTot" using default!
[14:46:00:465][ error  ][Rd53bGlobalCfg ][897336]: Could not find register "DataMergeEn" using default!
[14:46:00:465][ error  ][Rd53bGlobalCfg ][897336]: Could not find register "DataMergeEnBond" using default!
[14:46:00:465][ error  ][Rd53bGlobalCfg ][897336]: Could not find register "DataMergeEnClkGate" using default!
[14:46:00:465][ error  ][Rd53bGlobalCfg ][897336]: Could not find register "DataMergeInMux0" using default!
[14:46:00:465][ error  ][Rd53bGlobalCfg ][897336]: Could not find register "DataMergeInMux1" using default!
[14:46:00:465][ error  ][Rd53bGlobalCfg ][897336]: Could not find register "DataMergeInMux2" using default!
[14:46:00:465][ error  ][Rd53bGlobalCfg ][897336]: Could not find register "DataMergeInMux3" using default!
[14:46:00:465][ error  ][Rd53bGlobalCfg ][897336]: Could not find register "DataMergeInPol" using default!
[14:46:00:465][ error  ][Rd53bGlobalCfg ][897336]: Could not find register "DataMergeSelClk" using default!
[14:46:00:465][ error  ][Rd53bGlobalCfg ][897336]: Could not find register "DataReadDelay" using default!
[14:46:00:465][ error  ][Rd53bGlobalCfg ][897336]: Could not find register "DiffComp" using default!
[14:46:00:465][ error  ][Rd53bGlobalCfg ][897336]: Could not find register "DiffFbCapEn" using default!
[14:46:00:465][ error  ][Rd53bGlobalCfg ][897336]: Could not find register "DiffTh1L" using default!
[14:46:00:465][ error  ][Rd53bGlobalCfg ][897336]: Could not find register "DiffTh1M" using default!
[14:46:00:465][ error  ][Rd53bGlobalCfg ][897336]: Could not find register "DiffTh1R" using default!
[14:46:00:465][ error  ][Rd53bGlobalCfg ][897336]: Could not find register "DiffTh2" using default!
[14:46:00:465][ error  ][Rd53bGlobalCfg ][897336]: Could not find register "EfuseConfig" using default!
[14:46:00:465][ error  ][Rd53bGlobalCfg ][897336]: Could not find register "EfuseReadData0" using default!
[14:46:00:465][ error  ][Rd53bGlobalCfg ][897336]: Could not find register "EfuseReadData1" using default!
[14:46:00:465][ error  ][Rd53bGlobalCfg ][897336]: Could not find register "EfuseWriteData0" using default!
[14:46:00:465][ error  ][Rd53bGlobalCfg ][897336]: Could not find register "EfuseWriteData1" using default!
[14:46:00:465][ error  ][Rd53bGlobalCfg ][897336]: Could not find register "EnChipId" using default!
[14:46:00:465][ error  ][Rd53bGlobalCfg ][897336]: Could not find register "EnCoreColCal0" using default!
[14:46:00:465][ error  ][Rd53bGlobalCfg ][897336]: Could not find register "EnCoreColCal1" using default!
[14:46:00:465][ error  ][Rd53bGlobalCfg ][897336]: Could not find register "EnCoreColCal2" using default!
[14:46:00:465][ error  ][Rd53bGlobalCfg ][897336]: Could not find register "EnCoreColCal3" using default!
[14:46:00:465][ error  ][Rd53bGlobalCfg ][897336]: Could not find register "ErrWngMask" using default!
[14:46:00:465][ error  ][Rd53bGlobalCfg ][897336]: Could not find register "EvenMask" using default!
[14:46:00:465][ error  ][Rd53bGlobalCfg ][897336]: Could not find register "FineDelayClk" using default!
[14:46:00:465][ error  ][Rd53bGlobalCfg ][897336]: Could not find register "FineDelayData" using default!
[14:46:00:465][ error  ][Rd53bGlobalCfg ][897336]: Could not find register "GcrDefaultConfig" using default!
[14:46:00:465][ error  ][Rd53bGlobalCfg ][897336]: Could not find register "GcrDefaultConfigB" using default!
[14:46:00:465][ error  ][Rd53bGlobalCfg ][897336]: Could not find register "GlobalPulseConf" using default!
[14:46:00:465][ error  ][Rd53bGlobalCfg ][897336]: Could not find register "GlobalPulseWidth" using default!
[14:46:00:465][ error  ][Rd53bGlobalCfg ][897336]: Could not find register "GpCmosDs" using default!
[14:46:00:465][ error  ][Rd53bGlobalCfg ][897336]: Could not find register "GpCmosEn" using default!
[14:46:00:465][ error  ][Rd53bGlobalCfg ][897336]: Could not find register "GpCmosRoute" using default!
[14:46:00:465][ error  ][Rd53bGlobalCfg ][897336]: Could not find register "GpLvdsBias" using default!
[14:46:00:465][ error  ][Rd53bGlobalCfg ][897336]: Could not find register "GpLvdsEn" using default!
[14:46:00:465][ error  ][Rd53bGlobalCfg ][897336]: Could not find register "GpLvdsPad0" using default!
[14:46:00:465][ error  ][Rd53bGlobalCfg ][897336]: Could not find register "GpLvdsPad1" using default!
[14:46:00:465][ error  ][Rd53bGlobalCfg ][897336]: Could not find register "GpLvdsPad2" using default!
[14:46:00:465][ error  ][Rd53bGlobalCfg ][897336]: Could not find register "GpLvdsPad3" using default!
[14:46:00:465][ error  ][Rd53bGlobalCfg ][897336]: Could not find register "GpValReg" using default!
[14:46:00:465][ error  ][Rd53bGlobalCfg ][897336]: Could not find register "HitOrCnt0" using default!
[14:46:00:465][ error  ][Rd53bGlobalCfg ][897336]: Could not find register "HitOrCnt1" using default!
[14:46:00:465][ error  ][Rd53bGlobalCfg ][897336]: Could not find register "HitOrCnt2" using default!
[14:46:00:465][ error  ][Rd53bGlobalCfg ][897336]: Could not find register "HitOrCnt3" using default!
[14:46:00:465][ error  ][Rd53bGlobalCfg ][897336]: Could not find register "HitOrMask0" using default!
[14:46:00:465][ error  ][Rd53bGlobalCfg ][897336]: Could not find register "HitOrMask1" using default!
[14:46:00:465][ error  ][Rd53bGlobalCfg ][897336]: Could not find register "HitOrMask2" using default!
[14:46:00:465][ error  ][Rd53bGlobalCfg ][897336]: Could not find register "HitOrMask3" using default!
[14:46:00:465][ error  ][Rd53bGlobalCfg ][897336]: Could not find register "InjAnaMode" using default!
[14:46:00:465][ error  ][Rd53bGlobalCfg ][897336]: Could not find register "InjDigEn" using default!
[14:46:00:465][ error  ][Rd53bGlobalCfg ][897336]: Could not find register "InjFineDelay" using default!
[14:46:00:465][ error  ][Rd53bGlobalCfg ][897336]: Could not find register "InjVcalHigh" using default!
[14:46:00:465][ error  ][Rd53bGlobalCfg ][897336]: Could not find register "InjVcalMed" using default!
[14:46:00:465][ error  ][Rd53bGlobalCfg ][897336]: Could not find register "InjVcalRange" using default!
[14:46:00:465][ error  ][Rd53bGlobalCfg ][897336]: Could not find register "Latency" using default!
[14:46:00:465][ error  ][Rd53bGlobalCfg ][897336]: Could not find register "LinComp" using default!
[14:46:00:465][ error  ][Rd53bGlobalCfg ][897336]: Could not find register "LinCompTa" using default!
[14:46:00:465][ error  ][Rd53bGlobalCfg ][897336]: Could not find register "LinFc" using default!
[14:46:00:465][ error  ][Rd53bGlobalCfg ][897336]: Could not find register "LinGdacL" using default!
[14:46:00:465][ error  ][Rd53bGlobalCfg ][897336]: Could not find register "LinGdacM" using default!
[14:46:00:465][ error  ][Rd53bGlobalCfg ][897336]: Could not find register "LinGdacR" using default!
[14:46:00:465][ error  ][Rd53bGlobalCfg ][897336]: Could not find register "LinKrumCurr" using default!
[14:46:00:465][ error  ][Rd53bGlobalCfg ][897336]: Could not find register "LinLdac" using default!
[14:46:00:465][ error  ][Rd53bGlobalCfg ][897336]: Could not find register "LinPreampL" using default!
[14:46:00:465][ error  ][Rd53bGlobalCfg ][897336]: Could not find register "LinPreampM" using default!
[14:46:00:465][ error  ][Rd53bGlobalCfg ][897336]: Could not find register "LinPreampR" using default!
[14:46:00:465][ error  ][Rd53bGlobalCfg ][897336]: Could not find register "LinPreampT" using default!
[14:46:00:465][ error  ][Rd53bGlobalCfg ][897336]: Could not find register "LinPreampTL" using default!
[14:46:00:465][ error  ][Rd53bGlobalCfg ][897336]: Could not find register "LinPreampTR" using default!
[14:46:00:465][ error  ][Rd53bGlobalCfg ][897336]: Could not find register "LinRefKrum" using default!
[14:46:00:465][ error  ][Rd53bGlobalCfg ][897336]: Could not find register "LockLossCnt" using default!
[14:46:00:465][ error  ][Rd53bGlobalCfg ][897336]: Could not find register "MonAdcTrim" using default!
[14:46:00:465][ error  ][Rd53bGlobalCfg ][897336]: Could not find register "MonSensAcbDem" using default!
[14:46:00:465][ error  ][Rd53bGlobalCfg ][897336]: Could not find register "MonSensAcbEn" using default!
[14:46:00:465][ error  ][Rd53bGlobalCfg ][897336]: Could not find register "MonSensAcbSelBias" using default!
[14:46:00:465][ error  ][Rd53bGlobalCfg ][897336]: Could not find register "MonSensSldoAnaDem" using default!
[14:46:00:465][ error  ][Rd53bGlobalCfg ][897336]: Could not find register "MonSensSldoAnaEn" using default!
[14:46:00:465][ error  ][Rd53bGlobalCfg ][897336]: Could not find register "MonSensSldoAnaSelBias" using default!
[14:46:00:465][ error  ][Rd53bGlobalCfg ][897336]: Could not find register "MonSensSldoDigDem" using default!
[14:46:00:465][ error  ][Rd53bGlobalCfg ][897336]: Could not find register "MonSensSldoDigEn" using default!
[14:46:00:465][ error  ][Rd53bGlobalCfg ][897336]: Could not find register "MonSensSldoDigSelBias" using default!
[14:46:00:465][ error  ][Rd53bGlobalCfg ][897336]: Could not find register "MonitoringDataAdc" using default!
[14:46:00:465][ error  ][Rd53bGlobalCfg ][897336]: Could not find register "NtcDac" using default!
[14:46:00:465][ error  ][Rd53bGlobalCfg ][897336]: Could not find register "NumOfEventsInStream" using default!
[14:46:00:465][ error  ][Rd53bGlobalCfg ][897336]: Could not find register "OddMask" using default!
[14:46:00:465][ error  ][Rd53bGlobalCfg ][897336]: Could not find register "PixAutoRow" using default!
[14:46:00:465][ error  ][Rd53bGlobalCfg ][897336]: Could not find register "PixBroadcast" using default!
[14:46:00:465][ error  ][Rd53bGlobalCfg ][897336]: Could not find register "PixConfMode" using default!
[14:46:00:465][ error  ][Rd53bGlobalCfg ][897336]: Could not find register "PixDefaultConfig" using default!
[14:46:00:465][ error  ][Rd53bGlobalCfg ][897336]: Could not find register "PixDefaultConfigB" using default!
[14:46:00:465][ error  ][Rd53bGlobalCfg ][897336]: Could not find register "PixPortal" using default!
[14:46:00:465][ error  ][Rd53bGlobalCfg ][897336]: Could not find register "PixRegionCol" using default!
[14:46:00:465][ error  ][Rd53bGlobalCfg ][897336]: Could not find register "PixRegionRow" using default!
[14:46:00:465][ error  ][Rd53bGlobalCfg ][897336]: Could not find register "PtotCoreColEn0" using default!
[14:46:00:465][ error  ][Rd53bGlobalCfg ][897336]: Could not find register "PtotCoreColEn1" using default!
[14:46:00:465][ error  ][Rd53bGlobalCfg ][897336]: Could not find register "PtotCoreColEn2" using default!
[14:46:00:465][ error  ][Rd53bGlobalCfg ][897336]: Could not find register "PtotCoreColEn3" using default!
[14:46:00:465][ error  ][Rd53bGlobalCfg ][897336]: Could not find register "RdWrFifoErrCnt" using default!
[14:46:00:465][ error  ][Rd53bGlobalCfg ][897336]: Could not find register "ReadTrigCnt" using default!
[14:46:00:465][ error  ][Rd53bGlobalCfg ][897336]: Could not find register "ReadTrigLatency" using default!
[14:46:00:465][ error  ][Rd53bGlobalCfg ][897336]: Could not find register "RingOscAClear" using default!
[14:46:00:465][ error  ][Rd53bGlobalCfg ][897336]: Could not find register "RingOscAEn" using default!
[14:46:00:465][ error  ][Rd53bGlobalCfg ][897336]: Could not find register "RingOscAOut" using default!
[14:46:00:465][ error  ][Rd53bGlobalCfg ][897336]: Could not find register "RingOscARoute" using default!
[14:46:00:465][ error  ][Rd53bGlobalCfg ][897336]: Could not find register "RingOscBClear" using default!
[14:46:00:465][ error  ][Rd53bGlobalCfg ][897336]: Could not find register "RingOscBEnBl" using default!
[14:46:00:465][ error  ][Rd53bGlobalCfg ][897336]: Could not find register "RingOscBEnBr" using default!
[14:46:00:465][ error  ][Rd53bGlobalCfg ][897336]: Could not find register "RingOscBEnCapA" using default!
[14:46:00:465][ error  ][Rd53bGlobalCfg ][897336]: Could not find register "RingOscBEnFf" using default!
[14:46:00:465][ error  ][Rd53bGlobalCfg ][897336]: Could not find register "RingOscBEnLvt" using default!
[14:46:00:465][ error  ][Rd53bGlobalCfg ][897336]: Could not find register "RingOscBOut" using default!
[14:46:00:465][ error  ][Rd53bGlobalCfg ][897336]: Could not find register "RingOscBRoute" using default!
[14:46:00:465][ error  ][Rd53bGlobalCfg ][897336]: Could not find register "RstCoreCol0" using default!
[14:46:00:465][ error  ][Rd53bGlobalCfg ][897336]: Could not find register "RstCoreCol1" using default!
[14:46:00:465][ error  ][Rd53bGlobalCfg ][897336]: Could not find register "RstCoreCol2" using default!
[14:46:00:465][ error  ][Rd53bGlobalCfg ][897336]: Could not find register "RstCoreCol3" using default!
[14:46:00:465][ error  ][Rd53bGlobalCfg ][897336]: Could not find register "SelfTrigDelay" using default!
[14:46:00:465][ error  ][Rd53bGlobalCfg ][897336]: Could not find register "SelfTrigDigThr" using default!
[14:46:00:465][ error  ][Rd53bGlobalCfg ][897336]: Could not find register "SelfTrigDigThrEn" using default!
[14:46:00:465][ error  ][Rd53bGlobalCfg ][897336]: Could not find register "SelfTrigEn" using default!
[14:46:00:465][ error  ][Rd53bGlobalCfg ][897336]: Could not find register "SelfTrigMulti" using default!
[14:46:00:465][ error  ][Rd53bGlobalCfg ][897336]: Could not find register "SelfTrigPattern" using default!
[14:46:00:465][ error  ][Rd53bGlobalCfg ][897336]: Could not find register "SkippedTrigCnt" using default!
[14:46:00:465][ error  ][Rd53bGlobalCfg ][897336]: Could not find register "SldoEnUndershuntA" using default!
[14:46:00:465][ error  ][Rd53bGlobalCfg ][897336]: Could not find register "SldoEnUndershuntD" using default!
[14:46:00:465][ error  ][Rd53bGlobalCfg ][897336]: Could not find register "TotEn6b4b" using default!
[14:46:00:465][ error  ][Rd53bGlobalCfg ][897336]: Could not find register "TotEn80" using default!
[14:46:00:465][ error  ][Rd53bGlobalCfg ][897336]: Could not find register "TotEnPtoa" using default!
[14:46:00:465][ error  ][Rd53bGlobalCfg ][897336]: Could not find register "TotEnPtot" using default!
[14:46:00:465][ error  ][Rd53bGlobalCfg ][897336]: Could not find register "TotPtotLatency" using default!
[14:46:00:465][ error  ][Rd53bGlobalCfg ][897336]: Could not find register "TrigCnt" using default!
[14:46:00:465][ error  ][Rd53bGlobalCfg ][897336]: Could not find register "TruncTimeoutConf" using default!
[14:46:00:465][ error  ][Rd53bGlobalCfg ][897336]: Could not find register "TwoLevelTrig" using default!
[14:46:00:465][ error  ][Rd53bGlobalCfg ][897336]: Could not find register "VrefIn" using default!
[14:46:00:465][ error  ][Rd53bGlobalCfg ][897336]: Could not find register "VrefRsensBot" using default!
[14:46:00:465][ error  ][Rd53bGlobalCfg ][897336]: Could not find register "VrefRsensTop" using default!
[14:46:00:465][ error  ][ Rd53bPixelCfg ][897336]: Could not find pixel registers config, using default!
[14:46:00:465][  info  ][  ScanHelper   ][897336]: Loading chip config #3
[14:46:00:465][warning ][  ScanHelper   ][897336]:  ... chip not enabled, skip config!
[14:46:01:572][  info  ][  ScanConsole  ][897336]: [1;31m#####################[0m
[14:46:01:572][  info  ][  ScanConsole  ][897336]: [1;31m##  Configure FEs  ##[0m
[14:46:01:572][  info  ][  ScanConsole  ][897336]: [1;31m#####################[0m
[14:46:01:572][  info  ][  ScanConsole  ][897336]: Configuring 0x17349
[14:46:01:864][  info  ][  ScanConsole  ][897336]: Configuring 0x17359
[14:46:02:154][  info  ][  ScanConsole  ][897336]: Configuring 0x17379
[14:46:02:446][  info  ][  ScanConsole  ][897336]: Sent configuration to all FEs in 894 ms!
[14:46:02:446][  info  ][     Rd53b     ][897336]: Performing soft reset ...
[14:46:02:447][  info  ][  ScanConsole  ][897336]: Checking com 0x17349
[14:46:02:548][  info  ][    SpecRx     ][897336]: Active Rx channels: 0x4
[14:46:02:548][  info  ][    SpecRx     ][897336]: Active Rx lanes: 0x1
[14:46:02:548][  info  ][    SpecRx     ][897336]: Rx Status 0x7
[14:46:02:548][  info  ][    SpecRx     ][897336]: Number of lanes: 1
[14:46:02:548][  info  ][    SpecRx     ][897336]: Channel 2 Lane 0 synchronized!
[14:46:02:769][  info  ][     Rd53b     ][897336]: Chip serial number obtained from e-fuse data (raw): 0x11734915
[14:46:02:769][  info  ][     Rd53b     ][897336]: Chip serial number obtained from e-fuse data: 0x17349
[14:46:02:769][  info  ][     Rd53b     ][897336]: Matched chip serial number: 0x17349
[14:46:02:769][  info  ][  ScanConsole  ][897336]: ... success!
[14:46:02:769][  info  ][  ScanConsole  ][897336]: Checking com 0x17359
[14:46:02:869][  info  ][    SpecRx     ][897336]: Active Rx channels: 0x2
[14:46:02:869][  info  ][    SpecRx     ][897336]: Active Rx lanes: 0x1
[14:46:02:869][  info  ][    SpecRx     ][897336]: Rx Status 0x7
[14:46:02:869][  info  ][    SpecRx     ][897336]: Number of lanes: 1
[14:46:02:869][  info  ][    SpecRx     ][897336]: Channel 1 Lane 0 synchronized!
[14:46:03:090][  info  ][     Rd53b     ][897336]: Chip serial number obtained from e-fuse data (raw): 0x1173591c
[14:46:03:090][  info  ][     Rd53b     ][897336]: Chip serial number obtained from e-fuse data: 0x17359
[14:46:03:090][  info  ][     Rd53b     ][897336]: Matched chip serial number: 0x17359
[14:46:03:090][  info  ][  ScanConsole  ][897336]: ... success!
[14:46:03:090][  info  ][  ScanConsole  ][897336]: Checking com 0x17379
[14:46:03:190][  info  ][    SpecRx     ][897336]: Active Rx channels: 0x1
[14:46:03:190][  info  ][    SpecRx     ][897336]: Active Rx lanes: 0x1
[14:46:03:190][  info  ][    SpecRx     ][897336]: Rx Status 0x7
[14:46:03:190][  info  ][    SpecRx     ][897336]: Number of lanes: 1
[14:46:03:190][  info  ][    SpecRx     ][897336]: Channel 0 Lane 0 synchronized!
[14:46:03:411][  info  ][     Rd53b     ][897336]: Chip serial number obtained from e-fuse data (raw): 0x11737916
[14:46:03:411][  info  ][     Rd53b     ][897336]: Chip serial number obtained from e-fuse data: 0x17379
[14:46:03:411][  info  ][     Rd53b     ][897336]: Matched chip serial number: 0x17379
[14:46:03:411][  info  ][  ScanConsole  ][897336]: ... success!

[yarr] configure module
Writing output measurements in /home/opmd/Module_QC/module-qc-database-tools/OX0006/20UPGM22110561/Measurements/INJECTION_CAPACITANCE/2025-07-04_144555
Done!
TimeEnd: 2025-07-04_144657
Deleting temporary files: /tmp/tmp2mxlbxq4
