DEBUG:root:Turning pelt2 off
DEBUG:icicle.instrument:Checking lock requirements for call to __enter__...
DEBUG:icicle.instrument:Attempting to acquire lock for call to __enter__...
DEBUG:icicle.instrument:Acquire flock() on /tmp/icicle/TCPIP----localhost----19898----SOCKET
DEBUG:icicle.instrument:Opened file as: <_io.TextIOWrapper name='/tmp/icicle/TCPIP----localhost----19898----SOCKET' mode='w' encoding='UTF-8'>
DEBUG:icicle.instrument:Lock acquired \/
DEBUG:icicle.instrument:Checking lock requirements for call to __enter__...
DEBUG:icicle.instrument:Lock bypassed...
DEBUG:icicle.instrument:Checking lock requirements for call to __enter__...
DEBUG:icicle.instrument:Lock bypassed...
DEBUG:icicle.visa_instrument:Setting timeout to 10000
DEBUG:icicle.visa_instrument:Setting read_termination to '\n'
DEBUG:icicle.visa_instrument:Setting write_termination to '\n'
DEBUG:pyvisa:Reusing ResourceManager with session 5545564
DEBUG:pyvisa:TCPIP0::localhost::19898::SOCKET - opening ...
DEBUG:pyvisa:TCPIP0::localhost::19898::SOCKET - is open with session 9968237
DEBUG:icicle.instrument:Checking lock requirements for call to __enter__...
DEBUG:icicle.instrument:Lock bypassed...
DEBUG:icicle.instrument:[PIDController(TCPIP::localhost::19898::SOCKET).__enter__]: Context reference count now at 1
DEBUG:icicle.instrument:Lock released /\
DEBUG:icicle.instrument:Checking lock requirements for call to set...
DEBUG:icicle.instrument:Attempting to acquire lock for call to set...
DEBUG:icicle.instrument:Acquire flock() on /tmp/icicle/TCPIP----localhost----19898----SOCKET
DEBUG:icicle.instrument:Opened file as: <_io.TextIOWrapper name='/tmp/icicle/TCPIP----localhost----19898----SOCKET' mode='w' encoding='UTF-8'>
DEBUG:icicle.instrument:Lock acquired \/
DEBUG:icicle.instrument:Trying set up to 3 times...
DEBUG:icicle.instrument:Attempt 1/3...
DEBUG:icicle.scpi_instrument:Setting "STAT 1 0"
DEBUG:icicle.scpi_instrument:Write returned: 9
DEBUG:icicle.instrument:Checking lock requirements for call to query...
DEBUG:icicle.instrument:Lock bypassed...
DEBUG:icicle.scpi_instrument:Querying "STAT? 1"
DEBUG:pyvisa:TCPIP0::localhost::19898::SOCKET - reading 20480 bytes (last status <StatusCode.success_max_count_read: 1073676294>)

DEBUG:icicle.scpi_instrument:Query returned: 1
DEBUG:icicle.scpi_instrument:Read-back of "STAT 1 0" returned: True
DEBUG:icicle.instrument:Lock released /\
DEBUG:icicle.instrument:Checking lock requirements for call to __exit__...
DEBUG:icicle.instrument:Attempting to acquire lock for call to __exit__...
DEBUG:icicle.instrument:Acquire flock() on /tmp/icicle/TCPIP----localhost----19898----SOCKET
DEBUG:icicle.instrument:Opened file as: <_io.TextIOWrapper name='/tmp/icicle/TCPIP----localhost----19898----SOCKET' mode='w' encoding='UTF-8'>
DEBUG:icicle.instrument:Lock acquired \/
DEBUG:icicle.instrument:Checking lock requirements for call to __exit__...
DEBUG:icicle.instrument:Lock bypassed...
DEBUG:icicle.instrument:Checking lock requirements for call to __exit__...
DEBUG:icicle.instrument:Lock bypassed...
DEBUG:icicle.instrument:Checking lock requirements for call to __exit__...
DEBUG:icicle.instrument:Lock bypassed...
DEBUG:icicle.instrument:[PIDController(TCPIP::localhost::19898::SOCKET).__exit__]: Context reference count now at 0
DEBUG:pyvisa:TCPIP0::localhost::19898::SOCKET - closing
DEBUG:pyvisa:TCPIP0::localhost::19898::SOCKET - is closed
DEBUG:icicle.instrument:Lock released /\
